[1.485s] Invoking command in '/home/osinachi/foxy_ws/build/motor': CMAKE_PREFIX_PATH=${CMAKE_PREFIX_PATH}:/home/osinachi/foxy_ws/install/wheelmasters:/home/osinachi/foxy_ws/install/my_package:/opt/ros/foxy CONDA_PROMPT_MODIFIER=(base) /usr/bin/cmake --build /home/osinachi/foxy_ws/build/motor -- -j4 -l4
[2.985s] Invoked command in '/home/osinachi/foxy_ws/build/motor' returned '0': CMAKE_PREFIX_PATH=${CMAKE_PREFIX_PATH}:/home/osinachi/foxy_ws/install/wheelmasters:/home/osinachi/foxy_ws/install/my_package:/opt/ros/foxy CONDA_PROMPT_MODIFIER=(base) /usr/bin/cmake --build /home/osinachi/foxy_ws/build/motor -- -j4 -l4
[3.107s] Invoking command in '/home/osinachi/foxy_ws/build/motor': CMAKE_PREFIX_PATH=${CMAKE_PREFIX_PATH}:/home/osinachi/foxy_ws/install/wheelmasters:/home/osinachi/foxy_ws/install/my_package:/opt/ros/foxy CONDA_PROMPT_MODIFIER=(base) /usr/bin/cmake --install /home/osinachi/foxy_ws/build/motor
[3.149s] -- Install configuration: ""
[3.150s] -- Execute custom install script
[3.152s] -- Up-to-date symlink: /home/osinachi/foxy_ws/install/motor/share/motor/description/gazebo_control.xacro
[3.153s] -- Up-to-date symlink: /home/osinachi/foxy_ws/install/motor/share/motor/description/motor.urdf.xacro
[3.153s] -- Up-to-date symlink: /home/osinachi/foxy_ws/install/motor/share/motor/description/motor_design.xacro
[3.154s] -- Up-to-date symlink: /home/osinachi/foxy_ws/install/motor/share/motor/description/motor_functions.xacro
[3.155s] -- Up-to-date symlink: /home/osinachi/foxy_ws/install/motor/share/motor/launch/__pycache__/motor.launch.cpython-38.pyc
[3.156s] -- Up-to-date symlink: /home/osinachi/foxy_ws/install/motor/share/motor/launch/motor.launch.py
[3.156s] -- Up-to-date symlink: /home/osinachi/foxy_ws/install/motor/share/motor/launch/motor_sim.launch.py
[3.157s] -- Up-to-date symlink: /home/osinachi/foxy_ws/install/motor/share/ament_index/resource_index/package_run_dependencies/motor
[3.158s] -- Up-to-date symlink: /home/osinachi/foxy_ws/install/motor/share/ament_index/resource_index/parent_prefix_path/motor
[3.159s] -- Up-to-date symlink: /home/osinachi/foxy_ws/install/motor/share/motor/environment/ament_prefix_path.sh
[3.160s] -- Up-to-date symlink: /home/osinachi/foxy_ws/install/motor/share/motor/environment/ament_prefix_path.dsv
[3.161s] -- Up-to-date symlink: /home/osinachi/foxy_ws/install/motor/share/motor/environment/path.sh
[3.162s] -- Up-to-date symlink: /home/osinachi/foxy_ws/install/motor/share/motor/environment/path.dsv
[3.165s] -- Up-to-date symlink: /home/osinachi/foxy_ws/install/motor/share/motor/local_setup.bash
[3.166s] -- Up-to-date symlink: /home/osinachi/foxy_ws/install/motor/share/motor/local_setup.sh
[3.167s] -- Up-to-date symlink: /home/osinachi/foxy_ws/install/motor/share/motor/local_setup.zsh
[3.168s] -- Up-to-date symlink: /home/osinachi/foxy_ws/install/motor/share/motor/local_setup.dsv
[3.169s] -- Symlinking: /home/osinachi/foxy_ws/install/motor/share/motor/package.dsv
[3.198s] -- Up-to-date symlink: /home/osinachi/foxy_ws/install/motor/share/ament_index/resource_index/packages/motor
[3.199s] -- Up-to-date symlink: /home/osinachi/foxy_ws/install/motor/share/motor/cmake/motorConfig.cmake
[3.200s] -- Up-to-date symlink: /home/osinachi/foxy_ws/install/motor/share/motor/cmake/motorConfig-version.cmake
[3.200s] -- Up-to-date symlink: /home/osinachi/foxy_ws/install/motor/share/motor/package.xml
[3.609s] Invoked command in '/home/osinachi/foxy_ws/build/motor' returned '0': CMAKE_PREFIX_PATH=${CMAKE_PREFIX_PATH}:/home/osinachi/foxy_ws/install/wheelmasters:/home/osinachi/foxy_ws/install/my_package:/opt/ros/foxy CONDA_PROMPT_MODIFIER=(base) /usr/bin/cmake --install /home/osinachi/foxy_ws/build/motor
