[1.465s] Invoking command in '/home/osinachi/foxy_ws/build/my_cpackage': CMAKE_PREFIX_PATH=${CMAKE_PREFIX_PATH}:/opt/ros/foxy /usr/bin/cmake --build /home/osinachi/foxy_ws/build/my_cpackage -- -j4 -l4
[2.634s] [100%] Built target my_node
[2.663s] Invoked command in '/home/osinachi/foxy_ws/build/my_cpackage' returned '0': CMAKE_PREFIX_PATH=${CMAKE_PREFIX_PATH}:/opt/ros/foxy /usr/bin/cmake --build /home/osinachi/foxy_ws/build/my_cpackage -- -j4 -l4
[2.811s] Invoking command in '/home/osinachi/foxy_ws/build/my_cpackage': CMAKE_PREFIX_PATH=${CMAKE_PREFIX_PATH}:/opt/ros/foxy /usr/bin/cmake --install /home/osinachi/foxy_ws/build/my_cpackage
[2.893s] -- Install configuration: ""
[2.901s] -- Execute custom install script
[2.906s] -- Up-to-date symlink: /home/osinachi/foxy_ws/install/my_cpackage/lib/my_cpackage/my_node
[2.911s] -- Up-to-date symlink: /home/osinachi/foxy_ws/install/my_cpackage/share/ament_index/resource_index/package_run_dependencies/my_cpackage
[2.913s] -- Up-to-date symlink: /home/osinachi/foxy_ws/install/my_cpackage/share/ament_index/resource_index/parent_prefix_path/my_cpackage
[2.917s] -- Up-to-date symlink: /home/osinachi/foxy_ws/install/my_cpackage/share/my_cpackage/environment/ament_prefix_path.sh
[2.923s] -- Up-to-date symlink: /home/osinachi/foxy_ws/install/my_cpackage/share/my_cpackage/environment/ament_prefix_path.dsv
[2.926s] -- Up-to-date symlink: /home/osinachi/foxy_ws/install/my_cpackage/share/my_cpackage/environment/path.sh
[2.929s] -- Up-to-date symlink: /home/osinachi/foxy_ws/install/my_cpackage/share/my_cpackage/environment/path.dsv
[2.932s] -- Up-to-date symlink: /home/osinachi/foxy_ws/install/my_cpackage/share/my_cpackage/local_setup.bash
[2.936s] -- Up-to-date symlink: /home/osinachi/foxy_ws/install/my_cpackage/share/my_cpackage/local_setup.sh
[2.943s] -- Up-to-date symlink: /home/osinachi/foxy_ws/install/my_cpackage/share/my_cpackage/local_setup.zsh
[2.949s] -- Up-to-date symlink: /home/osinachi/foxy_ws/install/my_cpackage/share/my_cpackage/local_setup.dsv
[2.952s] -- Symlinking: /home/osinachi/foxy_ws/install/my_cpackage/share/my_cpackage/package.dsv
[2.998s] -- Up-to-date symlink: /home/osinachi/foxy_ws/install/my_cpackage/share/ament_index/resource_index/packages/my_cpackage
[3.001s] -- Up-to-date symlink: /home/osinachi/foxy_ws/install/my_cpackage/share/my_cpackage/cmake/my_cpackageConfig.cmake
[3.004s] -- Up-to-date symlink: /home/osinachi/foxy_ws/install/my_cpackage/share/my_cpackage/cmake/my_cpackageConfig-version.cmake
[3.006s] -- Up-to-date symlink: /home/osinachi/foxy_ws/install/my_cpackage/share/my_cpackage/package.xml
[3.792s] Invoked command in '/home/osinachi/foxy_ws/build/my_cpackage' returned '0': CMAKE_PREFIX_PATH=${CMAKE_PREFIX_PATH}:/opt/ros/foxy /usr/bin/cmake --install /home/osinachi/foxy_ws/build/my_cpackage
