[1.211s] Invoking command in '/home/osinachi/foxy_ws/build/my_cpackage': CMAKE_PREFIX_PATH=${CMAKE_PREFIX_PATH}:/home/osinachi/foxy_ws/install/wheelmasters:/home/osinachi/foxy_ws/install/my_package:/opt/ros/foxy CONDA_PROMPT_MODIFIER=(base) /usr/bin/cmake --build /home/osinachi/foxy_ws/build/my_cpackage -- -j4 -l4
[2.251s] [100%] Built target my_node
[2.262s] Invoked command in '/home/osinachi/foxy_ws/build/my_cpackage' returned '0': CMAKE_PREFIX_PATH=${CMAKE_PREFIX_PATH}:/home/osinachi/foxy_ws/install/wheelmasters:/home/osinachi/foxy_ws/install/my_package:/opt/ros/foxy CONDA_PROMPT_MODIFIER=(base) /usr/bin/cmake --build /home/osinachi/foxy_ws/build/my_cpackage -- -j4 -l4
[2.387s] Invoking command in '/home/osinachi/foxy_ws/build/my_cpackage': CMAKE_PREFIX_PATH=${CMAKE_PREFIX_PATH}:/home/osinachi/foxy_ws/install/wheelmasters:/home/osinachi/foxy_ws/install/my_package:/opt/ros/foxy CONDA_PROMPT_MODIFIER=(base) /usr/bin/cmake --install /home/osinachi/foxy_ws/build/my_cpackage
[2.428s] -- Install configuration: ""
[2.431s] -- Execute custom install script
[2.435s] -- Up-to-date symlink: /home/osinachi/foxy_ws/install/my_cpackage/lib/my_cpackage/my_node
[2.436s] -- Up-to-date symlink: /home/osinachi/foxy_ws/install/my_cpackage/share/ament_index/resource_index/package_run_dependencies/my_cpackage
[2.438s] -- Up-to-date symlink: /home/osinachi/foxy_ws/install/my_cpackage/share/ament_index/resource_index/parent_prefix_path/my_cpackage
[2.439s] -- Up-to-date symlink: /home/osinachi/foxy_ws/install/my_cpackage/share/my_cpackage/environment/ament_prefix_path.sh
[2.441s] -- Up-to-date symlink: /home/osinachi/foxy_ws/install/my_cpackage/share/my_cpackage/environment/ament_prefix_path.dsv
[2.443s] -- Up-to-date symlink: /home/osinachi/foxy_ws/install/my_cpackage/share/my_cpackage/environment/path.sh
[2.444s] -- Up-to-date symlink: /home/osinachi/foxy_ws/install/my_cpackage/share/my_cpackage/environment/path.dsv
[2.459s] -- Up-to-date symlink: /home/osinachi/foxy_ws/install/my_cpackage/share/my_cpackage/local_setup.bash
[2.461s] -- Up-to-date symlink: /home/osinachi/foxy_ws/install/my_cpackage/share/my_cpackage/local_setup.sh
[2.462s] -- Up-to-date symlink: /home/osinachi/foxy_ws/install/my_cpackage/share/my_cpackage/local_setup.zsh
[2.463s] -- Up-to-date symlink: /home/osinachi/foxy_ws/install/my_cpackage/share/my_cpackage/local_setup.dsv
[2.465s] -- Symlinking: /home/osinachi/foxy_ws/install/my_cpackage/share/my_cpackage/package.dsv
[2.496s] -- Up-to-date symlink: /home/osinachi/foxy_ws/install/my_cpackage/share/ament_index/resource_index/packages/my_cpackage
[2.496s] -- Up-to-date symlink: /home/osinachi/foxy_ws/install/my_cpackage/share/my_cpackage/cmake/my_cpackageConfig.cmake
[2.496s] -- Up-to-date symlink: /home/osinachi/foxy_ws/install/my_cpackage/share/my_cpackage/cmake/my_cpackageConfig-version.cmake
[2.497s] -- Up-to-date symlink: /home/osinachi/foxy_ws/install/my_cpackage/share/my_cpackage/package.xml
[2.911s] Invoked command in '/home/osinachi/foxy_ws/build/my_cpackage' returned '0': CMAKE_PREFIX_PATH=${CMAKE_PREFIX_PATH}:/home/osinachi/foxy_ws/install/wheelmasters:/home/osinachi/foxy_ws/install/my_package:/opt/ros/foxy CONDA_PROMPT_MODIFIER=(base) /usr/bin/cmake --install /home/osinachi/foxy_ws/build/my_cpackage
