[1.101s] Invoking command in '/home/osinachi/foxy_ws/build/my_cpackage': CMAKE_PREFIX_PATH=${CMAKE_PREFIX_PATH}:/home/osinachi/foxy_ws/install/wheelmasters:/home/osinachi/foxy_ws/install/my_package:/opt/ros/foxy CONDA_PROMPT_MODIFIER=(base) /usr/bin/cmake --build /home/osinachi/foxy_ws/build/my_cpackage -- -j4 -l4
[1.943s] [100%] Built target my_node
[1.961s] Invoked command in '/home/osinachi/foxy_ws/build/my_cpackage' returned '0': CMAKE_PREFIX_PATH=${CMAKE_PREFIX_PATH}:/home/osinachi/foxy_ws/install/wheelmasters:/home/osinachi/foxy_ws/install/my_package:/opt/ros/foxy CONDA_PROMPT_MODIFIER=(base) /usr/bin/cmake --build /home/osinachi/foxy_ws/build/my_cpackage -- -j4 -l4
[2.072s] Invoking command in '/home/osinachi/foxy_ws/build/my_cpackage': CMAKE_PREFIX_PATH=${CMAKE_PREFIX_PATH}:/home/osinachi/foxy_ws/install/wheelmasters:/home/osinachi/foxy_ws/install/my_package:/opt/ros/foxy CONDA_PROMPT_MODIFIER=(base) /usr/bin/cmake --install /home/osinachi/foxy_ws/build/my_cpackage
[2.097s] -- Install configuration: ""
[2.100s] -- Execute custom install script
[2.100s] -- Up-to-date symlink: /home/osinachi/foxy_ws/install/my_cpackage/lib/my_cpackage/my_node
[2.101s] -- Up-to-date symlink: /home/osinachi/foxy_ws/install/my_cpackage/share/ament_index/resource_index/package_run_dependencies/my_cpackage
[2.102s] -- Up-to-date symlink: /home/osinachi/foxy_ws/install/my_cpackage/share/ament_index/resource_index/parent_prefix_path/my_cpackage
[2.102s] -- Up-to-date symlink: /home/osinachi/foxy_ws/install/my_cpackage/share/my_cpackage/environment/ament_prefix_path.sh
[2.103s] -- Up-to-date symlink: /home/osinachi/foxy_ws/install/my_cpackage/share/my_cpackage/environment/ament_prefix_path.dsv
[2.105s] -- Up-to-date symlink: /home/osinachi/foxy_ws/install/my_cpackage/share/my_cpackage/environment/path.sh
[2.106s] -- Up-to-date symlink: /home/osinachi/foxy_ws/install/my_cpackage/share/my_cpackage/environment/path.dsv
[2.108s] -- Up-to-date symlink: /home/osinachi/foxy_ws/install/my_cpackage/share/my_cpackage/local_setup.bash
[2.108s] -- Up-to-date symlink: /home/osinachi/foxy_ws/install/my_cpackage/share/my_cpackage/local_setup.sh
[2.109s] -- Up-to-date symlink: /home/osinachi/foxy_ws/install/my_cpackage/share/my_cpackage/local_setup.zsh
[2.111s] -- Up-to-date symlink: /home/osinachi/foxy_ws/install/my_cpackage/share/my_cpackage/local_setup.dsv
[2.111s] -- Symlinking: /home/osinachi/foxy_ws/install/my_cpackage/share/my_cpackage/package.dsv
[2.146s] -- Up-to-date symlink: /home/osinachi/foxy_ws/install/my_cpackage/share/ament_index/resource_index/packages/my_cpackage
[2.147s] -- Up-to-date symlink: /home/osinachi/foxy_ws/install/my_cpackage/share/my_cpackage/cmake/my_cpackageConfig.cmake
[2.147s] -- Up-to-date symlink: /home/osinachi/foxy_ws/install/my_cpackage/share/my_cpackage/cmake/my_cpackageConfig-version.cmake
[2.156s] -- Up-to-date symlink: /home/osinachi/foxy_ws/install/my_cpackage/share/my_cpackage/package.xml
[2.167s] Invoked command in '/home/osinachi/foxy_ws/build/my_cpackage' returned '0': CMAKE_PREFIX_PATH=${CMAKE_PREFIX_PATH}:/home/osinachi/foxy_ws/install/wheelmasters:/home/osinachi/foxy_ws/install/my_package:/opt/ros/foxy CONDA_PROMPT_MODIFIER=(base) /usr/bin/cmake --install /home/osinachi/foxy_ws/build/my_cpackage
