[3.894s] DEBUG:colcon:Command line arguments: ['/usr/bin/colcon', 'build', '--symlink-install']
[3.894s] DEBUG:colcon:Parsed command line arguments: Namespace(allow_overriding=[], ament_cmake_args=None, base_paths=['.'], build_base='build', catkin_cmake_args=None, catkin_skip_building_tests=False, cmake_args=None, cmake_clean_cache=False, cmake_clean_first=False, cmake_force_configure=False, cmake_target=None, cmake_target_skip_unavailable=False, continue_on_error=False, event_handlers=None, executor='parallel', ignore_user_meta=False, install_base='install', log_base=None, log_level=None, main=<bound method BuildVerb.main of <colcon_core.verb.build.BuildVerb object at 0x7fa6d9138e50>>, merge_install=False, metas=['./colcon.meta'], packages_above=None, packages_above_and_dependencies=None, packages_above_depth=None, packages_end=None, packages_ignore=None, packages_ignore_regex=None, packages_select=None, packages_select_build_failed=False, packages_select_by_dep=None, packages_select_regex=None, packages_select_test_failures=False, packages_skip=None, packages_skip_build_finished=False, packages_skip_by_dep=None, packages_skip_regex=None, packages_skip_test_passed=False, packages_skip_up_to=None, packages_start=None, packages_up_to=None, packages_up_to_regex=None, parallel_workers=4, paths=None, symlink_install=True, test_result_base=None, verb_extension=<colcon_core.verb.build.BuildVerb object at 0x7fa6d9138e50>, verb_name='build', verb_parser=<colcon_defaults.argument_parser.defaults.DefaultArgumentsDecorator object at 0x7fa6d90bb160>)
[4.079s] Level 1:colcon.colcon_core.package_discovery:discover_packages(colcon_meta) check parameters
[4.079s] Level 1:colcon.colcon_core.package_discovery:discover_packages(recursive) check parameters
[4.079s] Level 1:colcon.colcon_core.package_discovery:discover_packages(ignore) check parameters
[4.079s] Level 1:colcon.colcon_core.package_discovery:discover_packages(path) check parameters
[4.079s] Level 1:colcon.colcon_core.package_discovery:discover_packages(colcon_meta) discover
[4.080s] Level 1:colcon.colcon_core.package_discovery:discover_packages(recursive) discover
[4.080s] INFO:colcon.colcon_core.package_discovery:Crawling recursively for packages in '/home/osinachi/foxy_ws'
[4.080s] Level 1:colcon.colcon_core.package_identification:_identify(.) by extensions ['ignore', 'ignore_ament_install']
[4.080s] Level 1:colcon.colcon_core.package_identification:_identify(.) by extension 'ignore'
[4.081s] Level 1:colcon.colcon_core.package_identification:_identify(.) by extension 'ignore_ament_install'
[4.081s] Level 1:colcon.colcon_core.package_identification:_identify(.) by extensions ['colcon_pkg']
[4.081s] Level 1:colcon.colcon_core.package_identification:_identify(.) by extension 'colcon_pkg'
[4.081s] Level 1:colcon.colcon_core.package_identification:_identify(.) by extensions ['colcon_meta']
[4.081s] Level 1:colcon.colcon_core.package_identification:_identify(.) by extension 'colcon_meta'
[4.081s] Level 1:colcon.colcon_core.package_identification:_identify(.) by extensions ['ros']
[4.081s] Level 1:colcon.colcon_core.package_identification:_identify(.) by extension 'ros'
[4.101s] Level 1:colcon.colcon_core.package_identification:_identify(.) by extensions ['cmake', 'python']
[4.102s] Level 1:colcon.colcon_core.package_identification:_identify(.) by extension 'cmake'
[4.102s] Level 1:colcon.colcon_core.package_identification:_identify(.) by extension 'python'
[4.102s] Level 1:colcon.colcon_core.package_identification:_identify(.) by extensions ['python_setup_py']
[4.102s] Level 1:colcon.colcon_core.package_identification:_identify(.) by extension 'python_setup_py'
[4.102s] Level 1:colcon.colcon_core.package_identification:_identify(build) by extensions ['ignore', 'ignore_ament_install']
[4.103s] Level 1:colcon.colcon_core.package_identification:_identify(build) by extension 'ignore'
[4.103s] Level 1:colcon.colcon_core.package_identification:_identify(build) ignored
[4.103s] Level 1:colcon.colcon_core.package_identification:_identify(install) by extensions ['ignore', 'ignore_ament_install']
[4.103s] Level 1:colcon.colcon_core.package_identification:_identify(install) by extension 'ignore'
[4.104s] Level 1:colcon.colcon_core.package_identification:_identify(install) ignored
[4.104s] Level 1:colcon.colcon_core.package_identification:_identify(log) by extensions ['ignore', 'ignore_ament_install']
[4.104s] Level 1:colcon.colcon_core.package_identification:_identify(log) by extension 'ignore'
[4.104s] Level 1:colcon.colcon_core.package_identification:_identify(log) ignored
[4.104s] Level 1:colcon.colcon_core.package_identification:_identify(src) by extensions ['ignore', 'ignore_ament_install']
[4.105s] Level 1:colcon.colcon_core.package_identification:_identify(src) by extension 'ignore'
[4.105s] Level 1:colcon.colcon_core.package_identification:_identify(src) by extension 'ignore_ament_install'
[4.105s] Level 1:colcon.colcon_core.package_identification:_identify(src) by extensions ['colcon_pkg']
[4.105s] Level 1:colcon.colcon_core.package_identification:_identify(src) by extension 'colcon_pkg'
[4.105s] Level 1:colcon.colcon_core.package_identification:_identify(src) by extensions ['colcon_meta']
[4.106s] Level 1:colcon.colcon_core.package_identification:_identify(src) by extension 'colcon_meta'
[4.106s] Level 1:colcon.colcon_core.package_identification:_identify(src) by extensions ['ros']
[4.106s] Level 1:colcon.colcon_core.package_identification:_identify(src) by extension 'ros'
[4.106s] Level 1:colcon.colcon_core.package_identification:_identify(src) by extensions ['cmake', 'python']
[4.106s] Level 1:colcon.colcon_core.package_identification:_identify(src) by extension 'cmake'
[4.106s] Level 1:colcon.colcon_core.package_identification:_identify(src) by extension 'python'
[4.107s] Level 1:colcon.colcon_core.package_identification:_identify(src) by extensions ['python_setup_py']
[4.107s] Level 1:colcon.colcon_core.package_identification:_identify(src) by extension 'python_setup_py'
[4.107s] Level 1:colcon.colcon_core.package_identification:_identify(src/build) by extensions ['ignore', 'ignore_ament_install']
[4.107s] Level 1:colcon.colcon_core.package_identification:_identify(src/build) by extension 'ignore'
[4.107s] Level 1:colcon.colcon_core.package_identification:_identify(src/build) ignored
[4.108s] Level 1:colcon.colcon_core.package_identification:_identify(src/install) by extensions ['ignore', 'ignore_ament_install']
[4.108s] Level 1:colcon.colcon_core.package_identification:_identify(src/install) by extension 'ignore'
[4.108s] Level 1:colcon.colcon_core.package_identification:_identify(src/install) ignored
[4.108s] Level 1:colcon.colcon_core.package_identification:_identify(src/log) by extensions ['ignore', 'ignore_ament_install']
[4.108s] Level 1:colcon.colcon_core.package_identification:_identify(src/log) by extension 'ignore'
[4.109s] Level 1:colcon.colcon_core.package_identification:_identify(src/log) ignored
[4.109s] Level 1:colcon.colcon_core.package_identification:_identify(src/motor) by extensions ['ignore', 'ignore_ament_install']
[4.109s] Level 1:colcon.colcon_core.package_identification:_identify(src/motor) by extension 'ignore'
[4.109s] Level 1:colcon.colcon_core.package_identification:_identify(src/motor) by extension 'ignore_ament_install'
[4.109s] Level 1:colcon.colcon_core.package_identification:_identify(src/motor) by extensions ['colcon_pkg']
[4.110s] Level 1:colcon.colcon_core.package_identification:_identify(src/motor) by extension 'colcon_pkg'
[4.110s] Level 1:colcon.colcon_core.package_identification:_identify(src/motor) by extensions ['colcon_meta']
[4.110s] Level 1:colcon.colcon_core.package_identification:_identify(src/motor) by extension 'colcon_meta'
[4.110s] Level 1:colcon.colcon_core.package_identification:_identify(src/motor) by extensions ['ros']
[4.110s] Level 1:colcon.colcon_core.package_identification:_identify(src/motor) by extension 'ros'
[4.114s] DEBUG:colcon.colcon_core.package_identification:Package 'src/motor' with type 'ros.ament_cmake' and name 'motor'
[4.115s] Level 1:colcon.colcon_core.package_identification:_identify(src/my_cpackage) by extensions ['ignore', 'ignore_ament_install']
[4.115s] Level 1:colcon.colcon_core.package_identification:_identify(src/my_cpackage) by extension 'ignore'
[4.115s] Level 1:colcon.colcon_core.package_identification:_identify(src/my_cpackage) by extension 'ignore_ament_install'
[4.115s] Level 1:colcon.colcon_core.package_identification:_identify(src/my_cpackage) by extensions ['colcon_pkg']
[4.115s] Level 1:colcon.colcon_core.package_identification:_identify(src/my_cpackage) by extension 'colcon_pkg'
[4.116s] Level 1:colcon.colcon_core.package_identification:_identify(src/my_cpackage) by extensions ['colcon_meta']
[4.116s] Level 1:colcon.colcon_core.package_identification:_identify(src/my_cpackage) by extension 'colcon_meta'
[4.116s] Level 1:colcon.colcon_core.package_identification:_identify(src/my_cpackage) by extensions ['ros']
[4.116s] Level 1:colcon.colcon_core.package_identification:_identify(src/my_cpackage) by extension 'ros'
[4.117s] DEBUG:colcon.colcon_core.package_identification:Package 'src/my_cpackage' with type 'ros.ament_cmake' and name 'my_cpackage'
[4.118s] Level 1:colcon.colcon_core.package_identification:_identify(src/my_package) by extensions ['ignore', 'ignore_ament_install']
[4.118s] Level 1:colcon.colcon_core.package_identification:_identify(src/my_package) by extension 'ignore'
[4.118s] Level 1:colcon.colcon_core.package_identification:_identify(src/my_package) by extension 'ignore_ament_install'
[4.118s] Level 1:colcon.colcon_core.package_identification:_identify(src/my_package) by extensions ['colcon_pkg']
[4.118s] Level 1:colcon.colcon_core.package_identification:_identify(src/my_package) by extension 'colcon_pkg'
[4.119s] Level 1:colcon.colcon_core.package_identification:_identify(src/my_package) by extensions ['colcon_meta']
[4.119s] Level 1:colcon.colcon_core.package_identification:_identify(src/my_package) by extension 'colcon_meta'
[4.119s] Level 1:colcon.colcon_core.package_identification:_identify(src/my_package) by extensions ['ros']
[4.119s] Level 1:colcon.colcon_core.package_identification:_identify(src/my_package) by extension 'ros'
[4.120s] DEBUG:colcon.colcon_core.package_identification:Package 'src/my_package' with type 'ros.ament_python' and name 'my_package'
[4.120s] Level 1:colcon.colcon_core.package_identification:_identify(src/test_urdf) by extensions ['ignore', 'ignore_ament_install']
[4.120s] Level 1:colcon.colcon_core.package_identification:_identify(src/test_urdf) by extension 'ignore'
[4.121s] Level 1:colcon.colcon_core.package_identification:_identify(src/test_urdf) by extension 'ignore_ament_install'
[4.121s] Level 1:colcon.colcon_core.package_identification:_identify(src/test_urdf) by extensions ['colcon_pkg']
[4.121s] Level 1:colcon.colcon_core.package_identification:_identify(src/test_urdf) by extension 'colcon_pkg'
[4.121s] Level 1:colcon.colcon_core.package_identification:_identify(src/test_urdf) by extensions ['colcon_meta']
[4.122s] Level 1:colcon.colcon_core.package_identification:_identify(src/test_urdf) by extension 'colcon_meta'
[4.122s] Level 1:colcon.colcon_core.package_identification:_identify(src/test_urdf) by extensions ['ros']
[4.122s] Level 1:colcon.colcon_core.package_identification:_identify(src/test_urdf) by extension 'ros'
[4.124s] DEBUG:colcon.colcon_core.package_identification:Package 'src/test_urdf' with type 'ros.ament_cmake' and name 'test_urdf'
[4.124s] Level 1:colcon.colcon_core.package_identification:_identify(src/wheelmasters) by extensions ['ignore', 'ignore_ament_install']
[4.124s] Level 1:colcon.colcon_core.package_identification:_identify(src/wheelmasters) by extension 'ignore'
[4.124s] Level 1:colcon.colcon_core.package_identification:_identify(src/wheelmasters) by extension 'ignore_ament_install'
[4.125s] Level 1:colcon.colcon_core.package_identification:_identify(src/wheelmasters) by extensions ['colcon_pkg']
[4.125s] Level 1:colcon.colcon_core.package_identification:_identify(src/wheelmasters) by extension 'colcon_pkg'
[4.125s] Level 1:colcon.colcon_core.package_identification:_identify(src/wheelmasters) by extensions ['colcon_meta']
[4.125s] Level 1:colcon.colcon_core.package_identification:_identify(src/wheelmasters) by extension 'colcon_meta'
[4.125s] Level 1:colcon.colcon_core.package_identification:_identify(src/wheelmasters) by extensions ['ros']
[4.125s] Level 1:colcon.colcon_core.package_identification:_identify(src/wheelmasters) by extension 'ros'
[4.126s] DEBUG:colcon.colcon_core.package_identification:Package 'src/wheelmasters' with type 'ros.ament_python' and name 'wheelmasters'
[4.126s] Level 1:colcon.colcon_core.package_discovery:discover_packages(recursive) using defaults
[4.127s] Level 1:colcon.colcon_core.package_discovery:discover_packages(ignore) discover
[4.127s] Level 1:colcon.colcon_core.package_discovery:discover_packages(ignore) using defaults
[4.127s] Level 1:colcon.colcon_core.package_discovery:discover_packages(path) discover
[4.127s] Level 1:colcon.colcon_core.package_discovery:discover_packages(path) using defaults
[4.549s] Level 1:colcon.colcon_core.package_discovery:discover_packages(prefix_path) check parameters
[4.549s] Level 1:colcon.colcon_core.package_discovery:discover_packages(prefix_path) discover
[4.713s] DEBUG:colcon.colcon_installed_package_information.package_discovery:Found 5 installed packages in /home/osinachi/foxy_ws/install
[4.774s] DEBUG:colcon.colcon_installed_package_information.package_discovery:Found 265 installed packages in /opt/ros/foxy
[4.777s] Level 1:colcon.colcon_core.package_discovery:discover_packages(prefix_path) using defaults
[5.059s] Level 5:colcon.colcon_core.verb:set package 'motor' build argument 'cmake_args' from command line to 'None'
[5.059s] Level 5:colcon.colcon_core.verb:set package 'motor' build argument 'cmake_target' from command line to 'None'
[5.059s] Level 5:colcon.colcon_core.verb:set package 'motor' build argument 'cmake_target_skip_unavailable' from command line to 'False'
[5.059s] Level 5:colcon.colcon_core.verb:set package 'motor' build argument 'cmake_clean_cache' from command line to 'False'
[5.059s] Level 5:colcon.colcon_core.verb:set package 'motor' build argument 'cmake_clean_first' from command line to 'False'
[5.059s] Level 5:colcon.colcon_core.verb:set package 'motor' build argument 'cmake_force_configure' from command line to 'False'
[5.059s] Level 5:colcon.colcon_core.verb:set package 'motor' build argument 'ament_cmake_args' from command line to 'None'
[5.059s] Level 5:colcon.colcon_core.verb:set package 'motor' build argument 'catkin_cmake_args' from command line to 'None'
[5.059s] Level 5:colcon.colcon_core.verb:set package 'motor' build argument 'catkin_skip_building_tests' from command line to 'False'
[5.060s] DEBUG:colcon.colcon_core.verb:Building package 'motor' with the following arguments: {'ament_cmake_args': None, 'build_base': '/home/osinachi/foxy_ws/build/motor', 'catkin_cmake_args': None, 'catkin_skip_building_tests': False, 'cmake_args': None, 'cmake_clean_cache': False, 'cmake_clean_first': False, 'cmake_force_configure': False, 'cmake_target': None, 'cmake_target_skip_unavailable': False, 'install_base': '/home/osinachi/foxy_ws/install/motor', 'merge_install': False, 'path': '/home/osinachi/foxy_ws/src/motor', 'symlink_install': True, 'test_result_base': None}
[5.124s] Level 5:colcon.colcon_core.verb:set package 'my_cpackage' build argument 'cmake_args' from command line to 'None'
[5.124s] Level 5:colcon.colcon_core.verb:set package 'my_cpackage' build argument 'cmake_target' from command line to 'None'
[5.124s] Level 5:colcon.colcon_core.verb:set package 'my_cpackage' build argument 'cmake_target_skip_unavailable' from command line to 'False'
[5.124s] Level 5:colcon.colcon_core.verb:set package 'my_cpackage' build argument 'cmake_clean_cache' from command line to 'False'
[5.124s] Level 5:colcon.colcon_core.verb:set package 'my_cpackage' build argument 'cmake_clean_first' from command line to 'False'
[5.124s] Level 5:colcon.colcon_core.verb:set package 'my_cpackage' build argument 'cmake_force_configure' from command line to 'False'
[5.125s] Level 5:colcon.colcon_core.verb:set package 'my_cpackage' build argument 'ament_cmake_args' from command line to 'None'
[5.125s] Level 5:colcon.colcon_core.verb:set package 'my_cpackage' build argument 'catkin_cmake_args' from command line to 'None'
[5.125s] Level 5:colcon.colcon_core.verb:set package 'my_cpackage' build argument 'catkin_skip_building_tests' from command line to 'False'
[5.125s] DEBUG:colcon.colcon_core.verb:Building package 'my_cpackage' with the following arguments: {'ament_cmake_args': None, 'build_base': '/home/osinachi/foxy_ws/build/my_cpackage', 'catkin_cmake_args': None, 'catkin_skip_building_tests': False, 'cmake_args': None, 'cmake_clean_cache': False, 'cmake_clean_first': False, 'cmake_force_configure': False, 'cmake_target': None, 'cmake_target_skip_unavailable': False, 'install_base': '/home/osinachi/foxy_ws/install/my_cpackage', 'merge_install': False, 'path': '/home/osinachi/foxy_ws/src/my_cpackage', 'symlink_install': True, 'test_result_base': None}
[5.187s] Level 5:colcon.colcon_core.verb:set package 'my_package' build argument 'cmake_args' from command line to 'None'
[5.187s] Level 5:colcon.colcon_core.verb:set package 'my_package' build argument 'cmake_target' from command line to 'None'
[5.187s] Level 5:colcon.colcon_core.verb:set package 'my_package' build argument 'cmake_target_skip_unavailable' from command line to 'False'
[5.188s] Level 5:colcon.colcon_core.verb:set package 'my_package' build argument 'cmake_clean_cache' from command line to 'False'
[5.188s] Level 5:colcon.colcon_core.verb:set package 'my_package' build argument 'cmake_clean_first' from command line to 'False'
[5.188s] Level 5:colcon.colcon_core.verb:set package 'my_package' build argument 'cmake_force_configure' from command line to 'False'
[5.189s] Level 5:colcon.colcon_core.verb:set package 'my_package' build argument 'ament_cmake_args' from command line to 'None'
[5.189s] Level 5:colcon.colcon_core.verb:set package 'my_package' build argument 'catkin_cmake_args' from command line to 'None'
[5.189s] Level 5:colcon.colcon_core.verb:set package 'my_package' build argument 'catkin_skip_building_tests' from command line to 'False'
[5.189s] DEBUG:colcon.colcon_core.verb:Building package 'my_package' with the following arguments: {'ament_cmake_args': None, 'build_base': '/home/osinachi/foxy_ws/build/my_package', 'catkin_cmake_args': None, 'catkin_skip_building_tests': False, 'cmake_args': None, 'cmake_clean_cache': False, 'cmake_clean_first': False, 'cmake_force_configure': False, 'cmake_target': None, 'cmake_target_skip_unavailable': False, 'install_base': '/home/osinachi/foxy_ws/install/my_package', 'merge_install': False, 'path': '/home/osinachi/foxy_ws/src/my_package', 'symlink_install': True, 'test_result_base': None}
[5.253s] Level 5:colcon.colcon_core.verb:set package 'test_urdf' build argument 'cmake_args' from command line to 'None'
[5.253s] Level 5:colcon.colcon_core.verb:set package 'test_urdf' build argument 'cmake_target' from command line to 'None'
[5.253s] Level 5:colcon.colcon_core.verb:set package 'test_urdf' build argument 'cmake_target_skip_unavailable' from command line to 'False'
[5.253s] Level 5:colcon.colcon_core.verb:set package 'test_urdf' build argument 'cmake_clean_cache' from command line to 'False'
[5.253s] Level 5:colcon.colcon_core.verb:set package 'test_urdf' build argument 'cmake_clean_first' from command line to 'False'
[5.253s] Level 5:colcon.colcon_core.verb:set package 'test_urdf' build argument 'cmake_force_configure' from command line to 'False'
[5.254s] Level 5:colcon.colcon_core.verb:set package 'test_urdf' build argument 'ament_cmake_args' from command line to 'None'
[5.254s] Level 5:colcon.colcon_core.verb:set package 'test_urdf' build argument 'catkin_cmake_args' from command line to 'None'
[5.254s] Level 5:colcon.colcon_core.verb:set package 'test_urdf' build argument 'catkin_skip_building_tests' from command line to 'False'
[5.254s] DEBUG:colcon.colcon_core.verb:Building package 'test_urdf' with the following arguments: {'ament_cmake_args': None, 'build_base': '/home/osinachi/foxy_ws/build/test_urdf', 'catkin_cmake_args': None, 'catkin_skip_building_tests': False, 'cmake_args': None, 'cmake_clean_cache': False, 'cmake_clean_first': False, 'cmake_force_configure': False, 'cmake_target': None, 'cmake_target_skip_unavailable': False, 'install_base': '/home/osinachi/foxy_ws/install/test_urdf', 'merge_install': False, 'path': '/home/osinachi/foxy_ws/src/test_urdf', 'symlink_install': True, 'test_result_base': None}
[5.316s] Level 5:colcon.colcon_core.verb:set package 'wheelmasters' build argument 'cmake_args' from command line to 'None'
[5.317s] Level 5:colcon.colcon_core.verb:set package 'wheelmasters' build argument 'cmake_target' from command line to 'None'
[5.317s] Level 5:colcon.colcon_core.verb:set package 'wheelmasters' build argument 'cmake_target_skip_unavailable' from command line to 'False'
[5.317s] Level 5:colcon.colcon_core.verb:set package 'wheelmasters' build argument 'cmake_clean_cache' from command line to 'False'
[5.317s] Level 5:colcon.colcon_core.verb:set package 'wheelmasters' build argument 'cmake_clean_first' from command line to 'False'
[5.317s] Level 5:colcon.colcon_core.verb:set package 'wheelmasters' build argument 'cmake_force_configure' from command line to 'False'
[5.317s] Level 5:colcon.colcon_core.verb:set package 'wheelmasters' build argument 'ament_cmake_args' from command line to 'None'
[5.317s] Level 5:colcon.colcon_core.verb:set package 'wheelmasters' build argument 'catkin_cmake_args' from command line to 'None'
[5.317s] Level 5:colcon.colcon_core.verb:set package 'wheelmasters' build argument 'catkin_skip_building_tests' from command line to 'False'
[5.317s] DEBUG:colcon.colcon_core.verb:Building package 'wheelmasters' with the following arguments: {'ament_cmake_args': None, 'build_base': '/home/osinachi/foxy_ws/build/wheelmasters', 'catkin_cmake_args': None, 'catkin_skip_building_tests': False, 'cmake_args': None, 'cmake_clean_cache': False, 'cmake_clean_first': False, 'cmake_force_configure': False, 'cmake_target': None, 'cmake_target_skip_unavailable': False, 'install_base': '/home/osinachi/foxy_ws/install/wheelmasters', 'merge_install': False, 'path': '/home/osinachi/foxy_ws/src/wheelmasters', 'symlink_install': True, 'test_result_base': None}
[5.387s] INFO:colcon.colcon_core.executor:Executing jobs using 'parallel' executor
[5.454s] DEBUG:colcon.colcon_parallel_executor.executor.parallel:run_until_complete
[5.454s] INFO:colcon.colcon_ros.task.ament_cmake.build:Building ROS package in '/home/osinachi/foxy_ws/src/motor' with build type 'ament_cmake'
[5.455s] INFO:colcon.colcon_cmake.task.cmake.build:Building CMake package in '/home/osinachi/foxy_ws/src/motor'
[5.521s] INFO:colcon.colcon_core.plugin_system:Skipping extension 'colcon_core.shell.bat': Not used on non-Windows systems
[5.522s] INFO:colcon.colcon_core.shell:Skip shell extension 'powershell' for command environment: Not usable outside of PowerShell
[5.522s] DEBUG:colcon.colcon_core.shell:Skip shell extension 'dsv' for command environment
[5.741s] INFO:colcon.colcon_ros.task.ament_cmake.build:Building ROS package in '/home/osinachi/foxy_ws/src/my_cpackage' with build type 'ament_cmake'
[5.742s] INFO:colcon.colcon_cmake.task.cmake.build:Building CMake package in '/home/osinachi/foxy_ws/src/my_cpackage'
[5.825s] INFO:colcon.colcon_core.shell:Skip shell extension 'powershell' for command environment: Not usable outside of PowerShell
[5.825s] DEBUG:colcon.colcon_core.shell:Skip shell extension 'dsv' for command environment
[6.034s] INFO:colcon.colcon_ros.task.ament_python.build:Building ROS package in '/home/osinachi/foxy_ws/src/my_package' with build type 'ament_python'
[6.035s] Level 1:colcon.colcon_core.shell:create_environment_hook('my_package', 'ament_prefix_path')
[6.119s] INFO:colcon.colcon_core.shell:Creating environment hook '/home/osinachi/foxy_ws/install/my_package/share/my_package/hook/ament_prefix_path.ps1'
[6.120s] INFO:colcon.colcon_core.shell:Creating environment descriptor '/home/osinachi/foxy_ws/install/my_package/share/my_package/hook/ament_prefix_path.dsv'
[6.121s] INFO:colcon.colcon_core.shell:Creating environment hook '/home/osinachi/foxy_ws/install/my_package/share/my_package/hook/ament_prefix_path.sh'
[6.193s] INFO:colcon.colcon_core.shell:Skip shell extension 'powershell' for command environment: Not usable outside of PowerShell
[6.194s] DEBUG:colcon.colcon_core.shell:Skip shell extension 'dsv' for command environment
[6.413s] INFO:colcon.colcon_ros.task.ament_cmake.build:Building ROS package in '/home/osinachi/foxy_ws/src/test_urdf' with build type 'ament_cmake'
[6.414s] INFO:colcon.colcon_cmake.task.cmake.build:Building CMake package in '/home/osinachi/foxy_ws/src/test_urdf'
[6.514s] INFO:colcon.colcon_core.shell:Skip shell extension 'powershell' for command environment: Not usable outside of PowerShell
[6.515s] DEBUG:colcon.colcon_core.shell:Skip shell extension 'dsv' for command environment
[6.776s] DEBUG:colcon.colcon_core.event_handler.log_command:Invoking command in '/home/osinachi/foxy_ws/build/motor': CMAKE_PREFIX_PATH=${CMAKE_PREFIX_PATH}:/home/osinachi/foxy_ws/install/wheelmasters:/home/osinachi/foxy_ws/install/my_package:/opt/ros/foxy CONDA_PROMPT_MODIFIER=(base) /usr/bin/cmake --build /home/osinachi/foxy_ws/build/motor -- -j4 -l4
[6.804s] DEBUG:colcon.colcon_core.event_handler.log_command:Invoking command in '/home/osinachi/foxy_ws/build/my_cpackage': CMAKE_PREFIX_PATH=${CMAKE_PREFIX_PATH}:/home/osinachi/foxy_ws/install/wheelmasters:/home/osinachi/foxy_ws/install/my_package:/opt/ros/foxy CONDA_PROMPT_MODIFIER=(base) /usr/bin/cmake --build /home/osinachi/foxy_ws/build/my_cpackage -- -j4 -l4
[7.309s] INFO:colcon.colcon_core.task.python.build:Building Python package in '/home/osinachi/foxy_ws/src/my_package'
[7.376s] INFO:colcon.colcon_core.shell:Skip shell extension 'powershell' for command environment: Not usable outside of PowerShell
[7.376s] DEBUG:colcon.colcon_core.shell:Skip shell extension 'dsv' for command environment
[7.628s] DEBUG:colcon.colcon_core.event_handler.log_command:Invoking command in '/home/osinachi/foxy_ws/build/test_urdf': CMAKE_PREFIX_PATH=${CMAKE_PREFIX_PATH}:/home/osinachi/foxy_ws/install/wheelmasters:/home/osinachi/foxy_ws/install/my_package:/opt/ros/foxy CONDA_PROMPT_MODIFIER=(base) /usr/bin/cmake --build /home/osinachi/foxy_ws/build/test_urdf -- -j4 -l4
[7.632s] DEBUG:colcon.colcon_core.event_handler.log_command:Invoked command in '/home/osinachi/foxy_ws/build/motor' returned '0': CMAKE_PREFIX_PATH=${CMAKE_PREFIX_PATH}:/home/osinachi/foxy_ws/install/wheelmasters:/home/osinachi/foxy_ws/install/my_package:/opt/ros/foxy CONDA_PROMPT_MODIFIER=(base) /usr/bin/cmake --build /home/osinachi/foxy_ws/build/motor -- -j4 -l4
[7.642s] DEBUG:colcon.colcon_core.event_handler.log_command:Invoked command in '/home/osinachi/foxy_ws/build/my_cpackage' returned '0': CMAKE_PREFIX_PATH=${CMAKE_PREFIX_PATH}:/home/osinachi/foxy_ws/install/wheelmasters:/home/osinachi/foxy_ws/install/my_package:/opt/ros/foxy CONDA_PROMPT_MODIFIER=(base) /usr/bin/cmake --build /home/osinachi/foxy_ws/build/my_cpackage -- -j4 -l4
[7.730s] DEBUG:colcon.colcon_core.event_handler.log_command:Invoking command in '/home/osinachi/foxy_ws/build/motor': CMAKE_PREFIX_PATH=${CMAKE_PREFIX_PATH}:/home/osinachi/foxy_ws/install/wheelmasters:/home/osinachi/foxy_ws/install/my_package:/opt/ros/foxy CONDA_PROMPT_MODIFIER=(base) /usr/bin/cmake --install /home/osinachi/foxy_ws/build/motor
[7.748s] DEBUG:colcon.colcon_core.event_handler.log_command:Invoking command in '/home/osinachi/foxy_ws/build/my_cpackage': CMAKE_PREFIX_PATH=${CMAKE_PREFIX_PATH}:/home/osinachi/foxy_ws/install/wheelmasters:/home/osinachi/foxy_ws/install/my_package:/opt/ros/foxy CONDA_PROMPT_MODIFIER=(base) /usr/bin/cmake --install /home/osinachi/foxy_ws/build/my_cpackage
[7.759s] DEBUG:colcon.colcon_core.event_handler.log_command:Invoked command in '/home/osinachi/foxy_ws/build/test_urdf' returned '0': CMAKE_PREFIX_PATH=${CMAKE_PREFIX_PATH}:/home/osinachi/foxy_ws/install/wheelmasters:/home/osinachi/foxy_ws/install/my_package:/opt/ros/foxy CONDA_PROMPT_MODIFIER=(base) /usr/bin/cmake --build /home/osinachi/foxy_ws/build/test_urdf -- -j4 -l4
[7.814s] Level 1:colcon.colcon_core.environment:create_environment_scripts_only(my_cpackage)
[7.826s] DEBUG:colcon.colcon_core.event_handler.log_command:Invoked command in '/home/osinachi/foxy_ws/build/my_cpackage' returned '0': CMAKE_PREFIX_PATH=${CMAKE_PREFIX_PATH}:/home/osinachi/foxy_ws/install/wheelmasters:/home/osinachi/foxy_ws/install/my_package:/opt/ros/foxy CONDA_PROMPT_MODIFIER=(base) /usr/bin/cmake --install /home/osinachi/foxy_ws/build/my_cpackage
[7.927s] Level 1:colcon.colcon_core.environment:checking '/home/osinachi/foxy_ws/install/my_cpackage' for CMake module files
[7.928s] Level 1:colcon.colcon_core.environment:checking '/home/osinachi/foxy_ws/install/my_cpackage' for CMake config files
[7.928s] Level 1:colcon.colcon_core.shell:create_environment_hook('my_cpackage', 'cmake_prefix_path')
[8.032s] INFO:colcon.colcon_core.shell:Creating environment hook '/home/osinachi/foxy_ws/install/my_cpackage/share/my_cpackage/hook/cmake_prefix_path.ps1'
[8.034s] INFO:colcon.colcon_core.shell:Creating environment descriptor '/home/osinachi/foxy_ws/install/my_cpackage/share/my_cpackage/hook/cmake_prefix_path.dsv'
[8.035s] INFO:colcon.colcon_core.shell:Creating environment hook '/home/osinachi/foxy_ws/install/my_cpackage/share/my_cpackage/hook/cmake_prefix_path.sh'
[8.036s] Level 1:colcon.colcon_core.environment:checking '/home/osinachi/foxy_ws/install/my_cpackage/lib'
[8.037s] Level 1:colcon.colcon_core.environment:checking '/home/osinachi/foxy_ws/install/my_cpackage/bin'
[8.037s] Level 1:colcon.colcon_core.environment:checking '/home/osinachi/foxy_ws/install/my_cpackage/lib/pkgconfig/my_cpackage.pc'
[8.037s] Level 1:colcon.colcon_core.environment:checking '/home/osinachi/foxy_ws/install/my_cpackage/lib/python3.8/site-packages'
[8.038s] Level 1:colcon.colcon_core.environment:checking '/home/osinachi/foxy_ws/install/my_cpackage/bin'
[8.122s] INFO:colcon.colcon_core.shell:Creating package script '/home/osinachi/foxy_ws/install/my_cpackage/share/my_cpackage/package.ps1'
[8.124s] INFO:colcon.colcon_core.shell:Creating package descriptor '/home/osinachi/foxy_ws/install/my_cpackage/share/my_cpackage/package.dsv'
[8.126s] INFO:colcon.colcon_core.shell:Creating package script '/home/osinachi/foxy_ws/install/my_cpackage/share/my_cpackage/package.sh'
[8.127s] INFO:colcon.colcon_core.shell:Creating package script '/home/osinachi/foxy_ws/install/my_cpackage/share/my_cpackage/package.bash'
[8.129s] INFO:colcon.colcon_core.shell:Creating package script '/home/osinachi/foxy_ws/install/my_cpackage/share/my_cpackage/package.zsh'
[8.130s] Level 1:colcon.colcon_core.environment:create_file_with_runtime_dependencies(/home/osinachi/foxy_ws/install/my_cpackage/share/colcon-core/packages/my_cpackage)
[8.148s] DEBUG:colcon.colcon_core.event_handler.log_command:Invoking command in '/home/osinachi/foxy_ws/build/test_urdf': CMAKE_PREFIX_PATH=${CMAKE_PREFIX_PATH}:/home/osinachi/foxy_ws/install/wheelmasters:/home/osinachi/foxy_ws/install/my_package:/opt/ros/foxy CONDA_PROMPT_MODIFIER=(base) /usr/bin/cmake --install /home/osinachi/foxy_ws/build/test_urdf
[8.154s] Level 1:colcon.colcon_core.environment:create_environment_scripts_only(motor)
[8.155s] DEBUG:colcon.colcon_core.event_handler.log_command:Invoked command in '/home/osinachi/foxy_ws/build/motor' returned '0': CMAKE_PREFIX_PATH=${CMAKE_PREFIX_PATH}:/home/osinachi/foxy_ws/install/wheelmasters:/home/osinachi/foxy_ws/install/my_package:/opt/ros/foxy CONDA_PROMPT_MODIFIER=(base) /usr/bin/cmake --install /home/osinachi/foxy_ws/build/motor
[8.294s] Level 1:colcon.colcon_core.environment:checking '/home/osinachi/foxy_ws/install/motor' for CMake module files
[8.296s] Level 1:colcon.colcon_core.environment:checking '/home/osinachi/foxy_ws/install/motor' for CMake config files
[8.297s] Level 1:colcon.colcon_core.shell:create_environment_hook('motor', 'cmake_prefix_path')
[8.410s] INFO:colcon.colcon_core.shell:Creating environment hook '/home/osinachi/foxy_ws/install/motor/share/motor/hook/cmake_prefix_path.ps1'
[8.411s] INFO:colcon.colcon_core.shell:Creating environment descriptor '/home/osinachi/foxy_ws/install/motor/share/motor/hook/cmake_prefix_path.dsv'
[8.412s] INFO:colcon.colcon_core.shell:Creating environment hook '/home/osinachi/foxy_ws/install/motor/share/motor/hook/cmake_prefix_path.sh'
[8.414s] Level 1:colcon.colcon_core.environment:checking '/home/osinachi/foxy_ws/install/motor/lib'
[8.414s] Level 1:colcon.colcon_core.environment:checking '/home/osinachi/foxy_ws/install/motor/bin'
[8.414s] Level 1:colcon.colcon_core.environment:checking '/home/osinachi/foxy_ws/install/motor/lib/pkgconfig/motor.pc'
[8.415s] Level 1:colcon.colcon_core.environment:checking '/home/osinachi/foxy_ws/install/motor/lib/python3.8/site-packages'
[8.415s] Level 1:colcon.colcon_core.shell:create_environment_hook('motor', 'pythonpath')
[8.503s] INFO:colcon.colcon_core.shell:Creating environment hook '/home/osinachi/foxy_ws/install/motor/share/motor/hook/pythonpath.ps1'
[8.504s] INFO:colcon.colcon_core.shell:Creating environment descriptor '/home/osinachi/foxy_ws/install/motor/share/motor/hook/pythonpath.dsv'
[8.505s] INFO:colcon.colcon_core.shell:Creating environment hook '/home/osinachi/foxy_ws/install/motor/share/motor/hook/pythonpath.sh'
[8.506s] Level 1:colcon.colcon_core.environment:checking '/home/osinachi/foxy_ws/install/motor/bin'
[8.596s] INFO:colcon.colcon_core.shell:Creating package script '/home/osinachi/foxy_ws/install/motor/share/motor/package.ps1'
[8.598s] INFO:colcon.colcon_core.shell:Creating package descriptor '/home/osinachi/foxy_ws/install/motor/share/motor/package.dsv'
[8.599s] INFO:colcon.colcon_core.shell:Creating package script '/home/osinachi/foxy_ws/install/motor/share/motor/package.sh'
[8.600s] INFO:colcon.colcon_core.shell:Creating package script '/home/osinachi/foxy_ws/install/motor/share/motor/package.bash'
[8.601s] INFO:colcon.colcon_core.shell:Creating package script '/home/osinachi/foxy_ws/install/motor/share/motor/package.zsh'
[8.602s] Level 1:colcon.colcon_core.environment:create_file_with_runtime_dependencies(/home/osinachi/foxy_ws/install/motor/share/colcon-core/packages/motor)
[8.755s] Level 1:colcon.colcon_core.environment:create_environment_scripts_only(my_cpackage)
[8.838s] Level 1:colcon.colcon_core.environment:checking '/home/osinachi/foxy_ws/install/my_cpackage' for CMake module files
[8.840s] Level 1:colcon.colcon_core.environment:checking '/home/osinachi/foxy_ws/install/my_cpackage' for CMake config files
[8.840s] Level 1:colcon.colcon_core.shell:create_environment_hook('my_cpackage', 'cmake_prefix_path')
[8.922s] INFO:colcon.colcon_core.shell:Creating environment hook '/home/osinachi/foxy_ws/install/my_cpackage/share/my_cpackage/hook/cmake_prefix_path.ps1'
[8.923s] INFO:colcon.colcon_core.shell:Creating environment descriptor '/home/osinachi/foxy_ws/install/my_cpackage/share/my_cpackage/hook/cmake_prefix_path.dsv'
[8.924s] INFO:colcon.colcon_core.shell:Creating environment hook '/home/osinachi/foxy_ws/install/my_cpackage/share/my_cpackage/hook/cmake_prefix_path.sh'
[8.925s] Level 1:colcon.colcon_core.environment:checking '/home/osinachi/foxy_ws/install/my_cpackage/lib'
[8.926s] Level 1:colcon.colcon_core.environment:checking '/home/osinachi/foxy_ws/install/my_cpackage/bin'
[8.926s] Level 1:colcon.colcon_core.environment:checking '/home/osinachi/foxy_ws/install/my_cpackage/lib/pkgconfig/my_cpackage.pc'
[8.926s] Level 1:colcon.colcon_core.environment:checking '/home/osinachi/foxy_ws/install/my_cpackage/lib/python3.8/site-packages'
[8.927s] Level 1:colcon.colcon_core.environment:checking '/home/osinachi/foxy_ws/install/my_cpackage/bin'
[9.000s] INFO:colcon.colcon_core.shell:Creating package script '/home/osinachi/foxy_ws/install/my_cpackage/share/my_cpackage/package.ps1'
[9.002s] INFO:colcon.colcon_core.shell:Creating package descriptor '/home/osinachi/foxy_ws/install/my_cpackage/share/my_cpackage/package.dsv'
[9.003s] INFO:colcon.colcon_core.shell:Creating package script '/home/osinachi/foxy_ws/install/my_cpackage/share/my_cpackage/package.sh'
[9.004s] INFO:colcon.colcon_core.shell:Creating package script '/home/osinachi/foxy_ws/install/my_cpackage/share/my_cpackage/package.bash'
[9.005s] INFO:colcon.colcon_core.shell:Creating package script '/home/osinachi/foxy_ws/install/my_cpackage/share/my_cpackage/package.zsh'
[9.006s] Level 1:colcon.colcon_core.environment:create_file_with_runtime_dependencies(/home/osinachi/foxy_ws/install/my_cpackage/share/colcon-core/packages/my_cpackage)
[9.009s] INFO:colcon.colcon_ros.task.ament_python.build:Building ROS package in '/home/osinachi/foxy_ws/src/wheelmasters' with build type 'ament_python'
[9.009s] Level 1:colcon.colcon_core.shell:create_environment_hook('wheelmasters', 'ament_prefix_path')
[9.098s] INFO:colcon.colcon_core.shell:Creating environment hook '/home/osinachi/foxy_ws/install/wheelmasters/share/wheelmasters/hook/ament_prefix_path.ps1'
[9.099s] INFO:colcon.colcon_core.shell:Creating environment descriptor '/home/osinachi/foxy_ws/install/wheelmasters/share/wheelmasters/hook/ament_prefix_path.dsv'
[9.100s] INFO:colcon.colcon_core.shell:Creating environment hook '/home/osinachi/foxy_ws/install/wheelmasters/share/wheelmasters/hook/ament_prefix_path.sh'
[9.188s] INFO:colcon.colcon_core.shell:Skip shell extension 'powershell' for command environment: Not usable outside of PowerShell
[9.188s] DEBUG:colcon.colcon_core.shell:Skip shell extension 'dsv' for command environment
[9.412s] Level 1:colcon.colcon_core.environment:create_environment_scripts_only(test_urdf)
[9.415s] DEBUG:colcon.colcon_core.event_handler.log_command:Invoked command in '/home/osinachi/foxy_ws/build/test_urdf' returned '0': CMAKE_PREFIX_PATH=${CMAKE_PREFIX_PATH}:/home/osinachi/foxy_ws/install/wheelmasters:/home/osinachi/foxy_ws/install/my_package:/opt/ros/foxy CONDA_PROMPT_MODIFIER=(base) /usr/bin/cmake --install /home/osinachi/foxy_ws/build/test_urdf
[9.490s] Level 1:colcon.colcon_core.environment:checking '/home/osinachi/foxy_ws/install/test_urdf' for CMake module files
[9.491s] Level 1:colcon.colcon_core.environment:checking '/home/osinachi/foxy_ws/install/test_urdf' for CMake config files
[9.492s] Level 1:colcon.colcon_core.shell:create_environment_hook('test_urdf', 'cmake_prefix_path')
[9.558s] INFO:colcon.colcon_core.shell:Creating environment hook '/home/osinachi/foxy_ws/install/test_urdf/share/test_urdf/hook/cmake_prefix_path.ps1'
[9.559s] INFO:colcon.colcon_core.shell:Creating environment descriptor '/home/osinachi/foxy_ws/install/test_urdf/share/test_urdf/hook/cmake_prefix_path.dsv'
[9.560s] INFO:colcon.colcon_core.shell:Creating environment hook '/home/osinachi/foxy_ws/install/test_urdf/share/test_urdf/hook/cmake_prefix_path.sh'
[9.562s] Level 1:colcon.colcon_core.environment:checking '/home/osinachi/foxy_ws/install/test_urdf/bin'
[9.562s] Level 1:colcon.colcon_core.environment:checking '/home/osinachi/foxy_ws/install/test_urdf/lib/pkgconfig/test_urdf.pc'
[9.562s] Level 1:colcon.colcon_core.environment:checking '/home/osinachi/foxy_ws/install/test_urdf/lib/python3.8/site-packages'
[9.563s] Level 1:colcon.colcon_core.environment:checking '/home/osinachi/foxy_ws/install/test_urdf/bin'
[9.634s] INFO:colcon.colcon_core.shell:Creating package script '/home/osinachi/foxy_ws/install/test_urdf/share/test_urdf/package.ps1'
[9.635s] INFO:colcon.colcon_core.shell:Creating package descriptor '/home/osinachi/foxy_ws/install/test_urdf/share/test_urdf/package.dsv'
[9.636s] INFO:colcon.colcon_core.shell:Creating package script '/home/osinachi/foxy_ws/install/test_urdf/share/test_urdf/package.sh'
[9.637s] INFO:colcon.colcon_core.shell:Creating package script '/home/osinachi/foxy_ws/install/test_urdf/share/test_urdf/package.bash'
[9.640s] INFO:colcon.colcon_core.shell:Creating package script '/home/osinachi/foxy_ws/install/test_urdf/share/test_urdf/package.zsh'
[9.641s] Level 1:colcon.colcon_core.environment:create_file_with_runtime_dependencies(/home/osinachi/foxy_ws/install/test_urdf/share/colcon-core/packages/test_urdf)
[9.734s] Level 1:colcon.colcon_core.environment:create_environment_scripts_only(motor)
[9.806s] Level 1:colcon.colcon_core.environment:checking '/home/osinachi/foxy_ws/install/motor' for CMake module files
[9.807s] Level 1:colcon.colcon_core.environment:checking '/home/osinachi/foxy_ws/install/motor' for CMake config files
[9.807s] Level 1:colcon.colcon_core.shell:create_environment_hook('motor', 'cmake_prefix_path')
[9.882s] INFO:colcon.colcon_core.shell:Creating environment hook '/home/osinachi/foxy_ws/install/motor/share/motor/hook/cmake_prefix_path.ps1'
[9.883s] INFO:colcon.colcon_core.shell:Creating environment descriptor '/home/osinachi/foxy_ws/install/motor/share/motor/hook/cmake_prefix_path.dsv'
[9.884s] INFO:colcon.colcon_core.shell:Creating environment hook '/home/osinachi/foxy_ws/install/motor/share/motor/hook/cmake_prefix_path.sh'
[9.886s] Level 1:colcon.colcon_core.environment:checking '/home/osinachi/foxy_ws/install/motor/lib'
[9.886s] Level 1:colcon.colcon_core.environment:checking '/home/osinachi/foxy_ws/install/motor/bin'
[9.886s] Level 1:colcon.colcon_core.environment:checking '/home/osinachi/foxy_ws/install/motor/lib/pkgconfig/motor.pc'
[9.887s] Level 1:colcon.colcon_core.environment:checking '/home/osinachi/foxy_ws/install/motor/lib/python3.8/site-packages'
[9.887s] Level 1:colcon.colcon_core.shell:create_environment_hook('motor', 'pythonpath')
[9.962s] INFO:colcon.colcon_core.shell:Creating environment hook '/home/osinachi/foxy_ws/install/motor/share/motor/hook/pythonpath.ps1'
[9.963s] INFO:colcon.colcon_core.shell:Creating environment descriptor '/home/osinachi/foxy_ws/install/motor/share/motor/hook/pythonpath.dsv'
[9.964s] INFO:colcon.colcon_core.shell:Creating environment hook '/home/osinachi/foxy_ws/install/motor/share/motor/hook/pythonpath.sh'
[9.966s] Level 1:colcon.colcon_core.environment:checking '/home/osinachi/foxy_ws/install/motor/bin'
[10.065s] INFO:colcon.colcon_core.shell:Creating package script '/home/osinachi/foxy_ws/install/motor/share/motor/package.ps1'
[10.067s] INFO:colcon.colcon_core.shell:Creating package descriptor '/home/osinachi/foxy_ws/install/motor/share/motor/package.dsv'
[10.069s] INFO:colcon.colcon_core.shell:Creating package script '/home/osinachi/foxy_ws/install/motor/share/motor/package.sh'
[10.071s] INFO:colcon.colcon_core.shell:Creating package script '/home/osinachi/foxy_ws/install/motor/share/motor/package.bash'
[10.071s] INFO:colcon.colcon_core.shell:Creating package script '/home/osinachi/foxy_ws/install/motor/share/motor/package.zsh'
[10.073s] Level 1:colcon.colcon_core.environment:create_file_with_runtime_dependencies(/home/osinachi/foxy_ws/install/motor/share/colcon-core/packages/motor)
[10.096s] DEBUG:colcon.colcon_core.event_handler.log_command:Invoking command in '/home/osinachi/foxy_ws/build/my_package': CONDA_PROMPT_MODIFIER=(base) PYTHONPATH=/home/osinachi/foxy_ws/build/my_package/prefix_override:/home/osinachi/foxy_ws/install/my_package/lib/python3.8/site-packages:${PYTHONPATH} /usr/bin/python3 setup.py develop --editable --build-directory /home/osinachi/foxy_ws/build/my_package/build --no-deps install_data
[10.664s] INFO:colcon.colcon_core.task.python.build:Building Python package in '/home/osinachi/foxy_ws/src/wheelmasters'
[10.746s] INFO:colcon.colcon_core.shell:Skip shell extension 'powershell' for command environment: Not usable outside of PowerShell
[10.746s] DEBUG:colcon.colcon_core.shell:Skip shell extension 'dsv' for command environment
[11.190s] Level 1:colcon.colcon_core.environment:create_environment_scripts_only(test_urdf)
[11.311s] Level 1:colcon.colcon_core.environment:checking '/home/osinachi/foxy_ws/install/test_urdf' for CMake module files
[11.313s] Level 1:colcon.colcon_core.environment:checking '/home/osinachi/foxy_ws/install/test_urdf' for CMake config files
[11.314s] Level 1:colcon.colcon_core.shell:create_environment_hook('test_urdf', 'cmake_prefix_path')
[11.388s] INFO:colcon.colcon_core.shell:Creating environment hook '/home/osinachi/foxy_ws/install/test_urdf/share/test_urdf/hook/cmake_prefix_path.ps1'
[11.389s] INFO:colcon.colcon_core.shell:Creating environment descriptor '/home/osinachi/foxy_ws/install/test_urdf/share/test_urdf/hook/cmake_prefix_path.dsv'
[11.391s] INFO:colcon.colcon_core.shell:Creating environment hook '/home/osinachi/foxy_ws/install/test_urdf/share/test_urdf/hook/cmake_prefix_path.sh'
[11.392s] Level 1:colcon.colcon_core.environment:checking '/home/osinachi/foxy_ws/install/test_urdf/bin'
[11.393s] Level 1:colcon.colcon_core.environment:checking '/home/osinachi/foxy_ws/install/test_urdf/lib/pkgconfig/test_urdf.pc'
[11.393s] Level 1:colcon.colcon_core.environment:checking '/home/osinachi/foxy_ws/install/test_urdf/lib/python3.8/site-packages'
[11.394s] Level 1:colcon.colcon_core.environment:checking '/home/osinachi/foxy_ws/install/test_urdf/bin'
[11.456s] INFO:colcon.colcon_core.shell:Creating package script '/home/osinachi/foxy_ws/install/test_urdf/share/test_urdf/package.ps1'
[11.457s] INFO:colcon.colcon_core.shell:Creating package descriptor '/home/osinachi/foxy_ws/install/test_urdf/share/test_urdf/package.dsv'
[11.458s] INFO:colcon.colcon_core.shell:Creating package script '/home/osinachi/foxy_ws/install/test_urdf/share/test_urdf/package.sh'
[11.459s] INFO:colcon.colcon_core.shell:Creating package script '/home/osinachi/foxy_ws/install/test_urdf/share/test_urdf/package.bash'
[11.460s] INFO:colcon.colcon_core.shell:Creating package script '/home/osinachi/foxy_ws/install/test_urdf/share/test_urdf/package.zsh'
[11.461s] Level 1:colcon.colcon_core.environment:create_file_with_runtime_dependencies(/home/osinachi/foxy_ws/install/test_urdf/share/colcon-core/packages/test_urdf)
[11.482s] Level 1:colcon.colcon_core.shell:create_environment_hook('my_package', 'pythonpath_develop')
[11.484s] DEBUG:colcon.colcon_core.event_handler.log_command:Invoked command in '/home/osinachi/foxy_ws/build/my_package' returned '0': CONDA_PROMPT_MODIFIER=(base) PYTHONPATH=/home/osinachi/foxy_ws/build/my_package/prefix_override:/home/osinachi/foxy_ws/install/my_package/lib/python3.8/site-packages:${PYTHONPATH} /usr/bin/python3 setup.py develop --editable --build-directory /home/osinachi/foxy_ws/build/my_package/build --no-deps install_data
[11.577s] INFO:colcon.colcon_core.shell:Creating environment hook '/home/osinachi/foxy_ws/build/my_package/share/my_package/hook/pythonpath_develop.ps1'
[11.579s] INFO:colcon.colcon_core.shell:Creating environment descriptor '/home/osinachi/foxy_ws/build/my_package/share/my_package/hook/pythonpath_develop.dsv'
[11.580s] INFO:colcon.colcon_core.shell:Creating environment hook '/home/osinachi/foxy_ws/build/my_package/share/my_package/hook/pythonpath_develop.sh'
[11.665s] Level 1:colcon.colcon_core.environment:checking '/home/osinachi/foxy_ws/install/my_package' for CMake module files
[11.666s] Level 1:colcon.colcon_core.environment:checking '/home/osinachi/foxy_ws/install/my_package' for CMake config files
[11.667s] Level 1:colcon.colcon_core.environment:checking '/home/osinachi/foxy_ws/install/my_package/lib'
[11.667s] Level 1:colcon.colcon_core.environment:checking '/home/osinachi/foxy_ws/install/my_package/bin'
[11.667s] Level 1:colcon.colcon_core.environment:checking '/home/osinachi/foxy_ws/install/my_package/lib/pkgconfig/my_package.pc'
[11.668s] Level 1:colcon.colcon_core.environment:checking '/home/osinachi/foxy_ws/install/my_package/lib/python3.8/site-packages'
[11.668s] Level 1:colcon.colcon_core.shell:create_environment_hook('my_package', 'pythonpath')
[11.775s] INFO:colcon.colcon_core.shell:Creating environment hook '/home/osinachi/foxy_ws/install/my_package/share/my_package/hook/pythonpath.ps1'
[11.777s] INFO:colcon.colcon_core.shell:Creating environment descriptor '/home/osinachi/foxy_ws/install/my_package/share/my_package/hook/pythonpath.dsv'
[11.779s] INFO:colcon.colcon_core.shell:Creating environment hook '/home/osinachi/foxy_ws/install/my_package/share/my_package/hook/pythonpath.sh'
[11.780s] Level 1:colcon.colcon_core.environment:checking '/home/osinachi/foxy_ws/install/my_package/bin'
[11.781s] Level 1:colcon.colcon_core.environment:create_environment_scripts_only(my_package)
[11.884s] INFO:colcon.colcon_core.shell:Creating package script '/home/osinachi/foxy_ws/install/my_package/share/my_package/package.ps1'
[11.885s] INFO:colcon.colcon_core.shell:Creating package descriptor '/home/osinachi/foxy_ws/install/my_package/share/my_package/package.dsv'
[11.886s] INFO:colcon.colcon_core.shell:Creating package script '/home/osinachi/foxy_ws/install/my_package/share/my_package/package.sh'
[11.888s] INFO:colcon.colcon_core.shell:Creating package script '/home/osinachi/foxy_ws/install/my_package/share/my_package/package.bash'
[11.889s] INFO:colcon.colcon_core.shell:Creating package script '/home/osinachi/foxy_ws/install/my_package/share/my_package/package.zsh'
[11.891s] Level 1:colcon.colcon_core.environment:create_file_with_runtime_dependencies(/home/osinachi/foxy_ws/install/my_package/share/colcon-core/packages/my_package)
[12.358s] DEBUG:colcon.colcon_core.event_handler.log_command:Invoking command in '/home/osinachi/foxy_ws/build/wheelmasters': CONDA_PROMPT_MODIFIER=(base) PYTHONPATH=/home/osinachi/foxy_ws/build/wheelmasters/prefix_override:/home/osinachi/foxy_ws/install/wheelmasters/lib/python3.8/site-packages:${PYTHONPATH} /usr/bin/python3 setup.py develop --editable --build-directory /home/osinachi/foxy_ws/build/wheelmasters/build --no-deps install_data
[13.298s] Level 1:colcon.colcon_core.shell:create_environment_hook('wheelmasters', 'pythonpath_develop')
[13.299s] DEBUG:colcon.colcon_core.event_handler.log_command:Invoked command in '/home/osinachi/foxy_ws/build/wheelmasters' returned '0': CONDA_PROMPT_MODIFIER=(base) PYTHONPATH=/home/osinachi/foxy_ws/build/wheelmasters/prefix_override:/home/osinachi/foxy_ws/install/wheelmasters/lib/python3.8/site-packages:${PYTHONPATH} /usr/bin/python3 setup.py develop --editable --build-directory /home/osinachi/foxy_ws/build/wheelmasters/build --no-deps install_data
[13.405s] INFO:colcon.colcon_core.shell:Creating environment hook '/home/osinachi/foxy_ws/build/wheelmasters/share/wheelmasters/hook/pythonpath_develop.ps1'
[13.406s] INFO:colcon.colcon_core.shell:Creating environment descriptor '/home/osinachi/foxy_ws/build/wheelmasters/share/wheelmasters/hook/pythonpath_develop.dsv'
[13.407s] INFO:colcon.colcon_core.shell:Creating environment hook '/home/osinachi/foxy_ws/build/wheelmasters/share/wheelmasters/hook/pythonpath_develop.sh'
[13.477s] Level 1:colcon.colcon_core.environment:checking '/home/osinachi/foxy_ws/install/wheelmasters' for CMake module files
[13.478s] Level 1:colcon.colcon_core.environment:checking '/home/osinachi/foxy_ws/install/wheelmasters' for CMake config files
[13.479s] Level 1:colcon.colcon_core.environment:checking '/home/osinachi/foxy_ws/install/wheelmasters/lib'
[13.479s] Level 1:colcon.colcon_core.environment:checking '/home/osinachi/foxy_ws/install/wheelmasters/bin'
[13.479s] Level 1:colcon.colcon_core.environment:checking '/home/osinachi/foxy_ws/install/wheelmasters/lib/pkgconfig/wheelmasters.pc'
[13.480s] Level 1:colcon.colcon_core.environment:checking '/home/osinachi/foxy_ws/install/wheelmasters/lib/python3.8/site-packages'
[13.480s] Level 1:colcon.colcon_core.shell:create_environment_hook('wheelmasters', 'pythonpath')
[13.550s] INFO:colcon.colcon_core.shell:Creating environment hook '/home/osinachi/foxy_ws/install/wheelmasters/share/wheelmasters/hook/pythonpath.ps1'
[13.551s] INFO:colcon.colcon_core.shell:Creating environment descriptor '/home/osinachi/foxy_ws/install/wheelmasters/share/wheelmasters/hook/pythonpath.dsv'
[13.552s] INFO:colcon.colcon_core.shell:Creating environment hook '/home/osinachi/foxy_ws/install/wheelmasters/share/wheelmasters/hook/pythonpath.sh'
[13.554s] Level 1:colcon.colcon_core.environment:checking '/home/osinachi/foxy_ws/install/wheelmasters/bin'
[13.554s] Level 1:colcon.colcon_core.environment:create_environment_scripts_only(wheelmasters)
[13.641s] INFO:colcon.colcon_core.shell:Creating package script '/home/osinachi/foxy_ws/install/wheelmasters/share/wheelmasters/package.ps1'
[13.644s] INFO:colcon.colcon_core.shell:Creating package descriptor '/home/osinachi/foxy_ws/install/wheelmasters/share/wheelmasters/package.dsv'
[13.646s] INFO:colcon.colcon_core.shell:Creating package script '/home/osinachi/foxy_ws/install/wheelmasters/share/wheelmasters/package.sh'
[13.650s] INFO:colcon.colcon_core.shell:Creating package script '/home/osinachi/foxy_ws/install/wheelmasters/share/wheelmasters/package.bash'
[13.652s] INFO:colcon.colcon_core.shell:Creating package script '/home/osinachi/foxy_ws/install/wheelmasters/share/wheelmasters/package.zsh'
[13.653s] Level 1:colcon.colcon_core.environment:create_file_with_runtime_dependencies(/home/osinachi/foxy_ws/install/wheelmasters/share/colcon-core/packages/wheelmasters)
[13.655s] DEBUG:colcon.colcon_parallel_executor.executor.parallel:closing loop
[13.656s] DEBUG:colcon.colcon_parallel_executor.executor.parallel:loop closed
[13.656s] DEBUG:colcon.colcon_parallel_executor.executor.parallel:run_until_complete finished with '0'
[13.656s] DEBUG:colcon.colcon_core.event_reactor:joining thread
[13.848s] INFO:colcon.colcon_core.plugin_system:Skipping extension 'colcon_notification.desktop_notification.notify_send': Could not find 'notify-send'
[13.849s] INFO:colcon.colcon_core.plugin_system:Skipping extension 'colcon_notification.desktop_notification.terminal_notifier': Not used on non-Darwin systems
[13.849s] INFO:colcon.colcon_core.plugin_system:Skipping extension 'colcon_notification.desktop_notification.win32': Not used on non-Windows systems
[13.849s] INFO:colcon.colcon_notification.desktop_notification:Sending desktop notification using 'notify2'
[13.852s] DEBUG:colcon.colcon_notification.desktop_notification.notify2:Failed to initialize notify2: org.freedesktop.DBus.Error.ServiceUnknown: The name org.freedesktop.Notifications was not provided by any .service files
[13.852s] DEBUG:colcon.colcon_core.event_reactor:joined thread
[13.940s] INFO:colcon.colcon_core.shell:Creating prefix script '/home/osinachi/foxy_ws/install/local_setup.ps1'
[13.941s] INFO:colcon.colcon_core.shell:Creating prefix util module '/home/osinachi/foxy_ws/install/_local_setup_util_ps1.py'
[13.943s] INFO:colcon.colcon_core.shell:Creating prefix chain script '/home/osinachi/foxy_ws/install/setup.ps1'
[14.011s] INFO:colcon.colcon_core.shell:Creating prefix script '/home/osinachi/foxy_ws/install/local_setup.sh'
[14.012s] INFO:colcon.colcon_core.shell:Creating prefix util module '/home/osinachi/foxy_ws/install/_local_setup_util_sh.py'
[14.013s] INFO:colcon.colcon_core.shell:Creating prefix chain script '/home/osinachi/foxy_ws/install/setup.sh'
[14.087s] INFO:colcon.colcon_core.shell:Creating prefix script '/home/osinachi/foxy_ws/install/local_setup.bash'
[14.088s] INFO:colcon.colcon_core.shell:Creating prefix chain script '/home/osinachi/foxy_ws/install/setup.bash'
[14.153s] INFO:colcon.colcon_core.shell:Creating prefix script '/home/osinachi/foxy_ws/install/local_setup.zsh'
[14.154s] INFO:colcon.colcon_core.shell:Creating prefix chain script '/home/osinachi/foxy_ws/install/setup.zsh'
