[1.704s] Invoking command in '/home/osinachi/foxy_ws/build/motor': CMAKE_PREFIX_PATH=${CMAKE_PREFIX_PATH}:/home/osinachi/foxy_ws/install/wheelmasters:/home/osinachi/foxy_ws/install/my_package:/opt/ros/foxy CONDA_PROMPT_MODIFIER=(base) /usr/bin/cmake --build /home/osinachi/foxy_ws/build/motor -- -j4 -l4
[3.676s] Invoked command in '/home/osinachi/foxy_ws/build/motor' returned '0': CMAKE_PREFIX_PATH=${CMAKE_PREFIX_PATH}:/home/osinachi/foxy_ws/install/wheelmasters:/home/osinachi/foxy_ws/install/my_package:/opt/ros/foxy CONDA_PROMPT_MODIFIER=(base) /usr/bin/cmake --build /home/osinachi/foxy_ws/build/motor -- -j4 -l4
[3.823s] Invoking command in '/home/osinachi/foxy_ws/build/motor': CMAKE_PREFIX_PATH=${CMAKE_PREFIX_PATH}:/home/osinachi/foxy_ws/install/wheelmasters:/home/osinachi/foxy_ws/install/my_package:/opt/ros/foxy CONDA_PROMPT_MODIFIER=(base) /usr/bin/cmake --install /home/osinachi/foxy_ws/build/motor
[3.856s] -- Install configuration: ""
[3.858s] -- Execute custom install script
[3.862s] -- Up-to-date symlink: /home/osinachi/foxy_ws/install/motor/share/motor/description/gazebo_control.xacro
[3.864s] -- Up-to-date symlink: /home/osinachi/foxy_ws/install/motor/share/motor/description/motor.urdf.xacro
[3.866s] -- Up-to-date symlink: /home/osinachi/foxy_ws/install/motor/share/motor/description/motor_design.xacro
[3.867s] -- Up-to-date symlink: /home/osinachi/foxy_ws/install/motor/share/motor/description/motor_functions.xacro
[3.869s] -- Up-to-date symlink: /home/osinachi/foxy_ws/install/motor/share/motor/launch/__pycache__/motor.launch.cpython-38.pyc
[3.871s] -- Up-to-date symlink: /home/osinachi/foxy_ws/install/motor/share/motor/launch/motor.launch.py
[3.871s] -- Up-to-date symlink: /home/osinachi/foxy_ws/install/motor/share/motor/launch/motor_sim.launch.py
[3.872s] -- Up-to-date symlink: /home/osinachi/foxy_ws/install/motor/share/ament_index/resource_index/package_run_dependencies/motor
[3.873s] -- Up-to-date symlink: /home/osinachi/foxy_ws/install/motor/share/ament_index/resource_index/parent_prefix_path/motor
[3.874s] -- Up-to-date symlink: /home/osinachi/foxy_ws/install/motor/share/motor/environment/ament_prefix_path.sh
[3.875s] -- Up-to-date symlink: /home/osinachi/foxy_ws/install/motor/share/motor/environment/ament_prefix_path.dsv
[3.876s] -- Up-to-date symlink: /home/osinachi/foxy_ws/install/motor/share/motor/environment/path.sh
[3.877s] -- Up-to-date symlink: /home/osinachi/foxy_ws/install/motor/share/motor/environment/path.dsv
[3.878s] -- Up-to-date symlink: /home/osinachi/foxy_ws/install/motor/share/motor/local_setup.bash
[3.879s] -- Up-to-date symlink: /home/osinachi/foxy_ws/install/motor/share/motor/local_setup.sh
[3.880s] -- Up-to-date symlink: /home/osinachi/foxy_ws/install/motor/share/motor/local_setup.zsh
[3.881s] -- Up-to-date symlink: /home/osinachi/foxy_ws/install/motor/share/motor/local_setup.dsv
[3.889s] -- Symlinking: /home/osinachi/foxy_ws/install/motor/share/motor/package.dsv
[3.924s] -- Up-to-date symlink: /home/osinachi/foxy_ws/install/motor/share/ament_index/resource_index/packages/motor
[3.925s] -- Up-to-date symlink: /home/osinachi/foxy_ws/install/motor/share/motor/cmake/motorConfig.cmake
[3.926s] -- Up-to-date symlink: /home/osinachi/foxy_ws/install/motor/share/motor/cmake/motorConfig-version.cmake
[3.927s] -- Up-to-date symlink: /home/osinachi/foxy_ws/install/motor/share/motor/package.xml
[3.942s] Invoked command in '/home/osinachi/foxy_ws/build/motor' returned '0': CMAKE_PREFIX_PATH=${CMAKE_PREFIX_PATH}:/home/osinachi/foxy_ws/install/wheelmasters:/home/osinachi/foxy_ws/install/my_package:/opt/ros/foxy CONDA_PROMPT_MODIFIER=(base) /usr/bin/cmake --install /home/osinachi/foxy_ws/build/motor
