[2.117s] Invoking command in '/home/osinachi/foxy_ws/src/build/motor': CMAKE_PREFIX_PATH=${CMAKE_PREFIX_PATH}:/home/osinachi/foxy_ws/install/wheelmasters:/home/osinachi/foxy_ws/install/my_package:/opt/ros/foxy CONDA_PROMPT_MODIFIER=(base) /usr/bin/cmake /home/osinachi/foxy_ws/src/motor -DAMENT_CMAKE_SYMLINK_INSTALL=1 -DCMAKE_INSTALL_PREFIX=/home/osinachi/foxy_ws/src/install/motor
[3.482s] -- The C compiler identification is GNU 9.4.0
[3.482s] -- The CXX compiler identification is GNU 9.4.0
[3.482s] -- Check for working C compiler: /usr/bin/cc
[3.625s] -- Check for working C compiler: /usr/bin/cc -- works
[3.625s] -- Detecting C compiler ABI info
[4.062s] -- Detecting C compiler ABI info - done
[4.096s] -- Detecting C compile features
[4.098s] -- Detecting C compile features - done
[4.110s] -- Check for working CXX compiler: /usr/bin/c++
[4.520s] -- Check for working CXX compiler: /usr/bin/c++ -- works
[4.525s] -- Detecting CXX compiler ABI info
[4.965s] -- Detecting CXX compiler ABI info - done
[5.003s] -- Detecting CXX compile features
[5.005s] -- Detecting CXX compile features - done
[5.010s] -- Found ament_cmake: 0.9.12 (/opt/ros/foxy/share/ament_cmake/cmake)
[5.142s] -- Found PythonInterp: /home/osinachi/miniforgeexport/bin/python3 (found suitable version "3.10.13", minimum required is "3") 
[5.147s] -- Using PYTHON_EXECUTABLE: /home/osinachi/miniforgeexport/bin/python3
[5.677s] -- Override CMake install command with custom implementation using symlinks instead of copying resources
[5.807s] -- Found ament_lint_auto: 0.9.8 (/opt/ros/foxy/share/ament_lint_auto/cmake)
[5.899s] Traceback (most recent call last):
[5.900s]   File "/opt/ros/foxy/share/ament_cmake_core/cmake/core/package_xml_2_cmake.py", line 21, in <module>
[5.902s]     from catkin_pkg.package import parse_package_string
[5.902s] ModuleNotFoundError: No module named 'catkin_pkg'
[5.914s] CMake Error at /opt/ros/foxy/share/ament_cmake_core/cmake/core/ament_package_xml.cmake:94 (message):
[5.914s]   execute_process(/home/osinachi/miniforgeexport/bin/python3
[5.915s]   /opt/ros/foxy/share/ament_cmake_core/cmake/core/package_xml_2_cmake.py
[5.915s]   /home/osinachi/foxy_ws/src/motor/package.xml
[5.915s]   /home/osinachi/foxy_ws/src/build/motor/ament_cmake_core/package.cmake)
[5.915s]   returned error code 1
[5.916s] Call Stack (most recent call first):
[5.916s]   /opt/ros/foxy/share/ament_cmake_core/cmake/core/ament_package_xml.cmake:49 (_ament_package_xml)
[5.916s]   /opt/ros/foxy/share/ament_lint_auto/cmake/ament_lint_auto_find_test_dependencies.cmake:31 (ament_package_xml)
[5.917s]   CMakeLists.txt:32 (ament_lint_auto_find_test_dependencies)
[5.917s] 
[5.917s] 
[5.924s] -- Configuring incomplete, errors occurred!
[5.924s] See also "/home/osinachi/foxy_ws/src/build/motor/CMakeFiles/CMakeOutput.log".
[5.943s] Invoked command in '/home/osinachi/foxy_ws/src/build/motor' returned '1': CMAKE_PREFIX_PATH=${CMAKE_PREFIX_PATH}:/home/osinachi/foxy_ws/install/wheelmasters:/home/osinachi/foxy_ws/install/my_package:/opt/ros/foxy CONDA_PROMPT_MODIFIER=(base) /usr/bin/cmake /home/osinachi/foxy_ws/src/motor -DAMENT_CMAKE_SYMLINK_INSTALL=1 -DCMAKE_INSTALL_PREFIX=/home/osinachi/foxy_ws/src/install/motor
