[4.056s] DEBUG:colcon:Command line arguments: ['/usr/bin/colcon', 'build', '--symlink-install']
[4.056s] DEBUG:colcon:Parsed command line arguments: Namespace(allow_overriding=[], ament_cmake_args=None, base_paths=['.'], build_base='build', catkin_cmake_args=None, catkin_skip_building_tests=False, cmake_args=None, cmake_clean_cache=False, cmake_clean_first=False, cmake_force_configure=False, cmake_target=None, cmake_target_skip_unavailable=False, continue_on_error=False, event_handlers=None, executor='parallel', ignore_user_meta=False, install_base='install', log_base=None, log_level=None, main=<bound method BuildVerb.main of <colcon_core.verb.build.BuildVerb object at 0x7fb07b1ef220>>, merge_install=False, metas=['./colcon.meta'], packages_above=None, packages_above_and_dependencies=None, packages_above_depth=None, packages_end=None, packages_ignore=None, packages_ignore_regex=None, packages_select=None, packages_select_build_failed=False, packages_select_by_dep=None, packages_select_regex=None, packages_select_test_failures=False, packages_skip=None, packages_skip_build_finished=False, packages_skip_by_dep=None, packages_skip_regex=None, packages_skip_test_passed=False, packages_skip_up_to=None, packages_start=None, packages_up_to=None, packages_up_to_regex=None, parallel_workers=4, paths=None, symlink_install=True, test_result_base=None, verb_extension=<colcon_core.verb.build.BuildVerb object at 0x7fb07b1ef220>, verb_name='build', verb_parser=<colcon_defaults.argument_parser.defaults.DefaultArgumentsDecorator object at 0x7fb07b16c100>)
[4.272s] Level 1:colcon.colcon_core.package_discovery:discover_packages(colcon_meta) check parameters
[4.273s] Level 1:colcon.colcon_core.package_discovery:discover_packages(recursive) check parameters
[4.273s] Level 1:colcon.colcon_core.package_discovery:discover_packages(ignore) check parameters
[4.273s] Level 1:colcon.colcon_core.package_discovery:discover_packages(path) check parameters
[4.273s] Level 1:colcon.colcon_core.package_discovery:discover_packages(colcon_meta) discover
[4.273s] Level 1:colcon.colcon_core.package_discovery:discover_packages(recursive) discover
[4.273s] INFO:colcon.colcon_core.package_discovery:Crawling recursively for packages in '/home/osinachi/foxy_ws'
[4.273s] Level 1:colcon.colcon_core.package_identification:_identify(.) by extensions ['ignore', 'ignore_ament_install']
[4.273s] Level 1:colcon.colcon_core.package_identification:_identify(.) by extension 'ignore'
[4.274s] Level 1:colcon.colcon_core.package_identification:_identify(.) by extension 'ignore_ament_install'
[4.274s] Level 1:colcon.colcon_core.package_identification:_identify(.) by extensions ['colcon_pkg']
[4.274s] Level 1:colcon.colcon_core.package_identification:_identify(.) by extension 'colcon_pkg'
[4.274s] Level 1:colcon.colcon_core.package_identification:_identify(.) by extensions ['colcon_meta']
[4.274s] Level 1:colcon.colcon_core.package_identification:_identify(.) by extension 'colcon_meta'
[4.274s] Level 1:colcon.colcon_core.package_identification:_identify(.) by extensions ['ros']
[4.274s] Level 1:colcon.colcon_core.package_identification:_identify(.) by extension 'ros'
[4.295s] Level 1:colcon.colcon_core.package_identification:_identify(.) by extensions ['cmake', 'python']
[4.295s] Level 1:colcon.colcon_core.package_identification:_identify(.) by extension 'cmake'
[4.295s] Level 1:colcon.colcon_core.package_identification:_identify(.) by extension 'python'
[4.295s] Level 1:colcon.colcon_core.package_identification:_identify(.) by extensions ['python_setup_py']
[4.296s] Level 1:colcon.colcon_core.package_identification:_identify(.) by extension 'python_setup_py'
[4.296s] Level 1:colcon.colcon_core.package_identification:_identify(build) by extensions ['ignore', 'ignore_ament_install']
[4.296s] Level 1:colcon.colcon_core.package_identification:_identify(build) by extension 'ignore'
[4.296s] Level 1:colcon.colcon_core.package_identification:_identify(build) ignored
[4.297s] Level 1:colcon.colcon_core.package_identification:_identify(install) by extensions ['ignore', 'ignore_ament_install']
[4.297s] Level 1:colcon.colcon_core.package_identification:_identify(install) by extension 'ignore'
[4.297s] Level 1:colcon.colcon_core.package_identification:_identify(install) ignored
[4.297s] Level 1:colcon.colcon_core.package_identification:_identify(log) by extensions ['ignore', 'ignore_ament_install']
[4.298s] Level 1:colcon.colcon_core.package_identification:_identify(log) by extension 'ignore'
[4.298s] Level 1:colcon.colcon_core.package_identification:_identify(log) ignored
[4.298s] Level 1:colcon.colcon_core.package_identification:_identify(src) by extensions ['ignore', 'ignore_ament_install']
[4.298s] Level 1:colcon.colcon_core.package_identification:_identify(src) by extension 'ignore'
[4.298s] Level 1:colcon.colcon_core.package_identification:_identify(src) by extension 'ignore_ament_install'
[4.299s] Level 1:colcon.colcon_core.package_identification:_identify(src) by extensions ['colcon_pkg']
[4.299s] Level 1:colcon.colcon_core.package_identification:_identify(src) by extension 'colcon_pkg'
[4.299s] Level 1:colcon.colcon_core.package_identification:_identify(src) by extensions ['colcon_meta']
[4.299s] Level 1:colcon.colcon_core.package_identification:_identify(src) by extension 'colcon_meta'
[4.299s] Level 1:colcon.colcon_core.package_identification:_identify(src) by extensions ['ros']
[4.299s] Level 1:colcon.colcon_core.package_identification:_identify(src) by extension 'ros'
[4.300s] Level 1:colcon.colcon_core.package_identification:_identify(src) by extensions ['cmake', 'python']
[4.300s] Level 1:colcon.colcon_core.package_identification:_identify(src) by extension 'cmake'
[4.300s] Level 1:colcon.colcon_core.package_identification:_identify(src) by extension 'python'
[4.300s] Level 1:colcon.colcon_core.package_identification:_identify(src) by extensions ['python_setup_py']
[4.300s] Level 1:colcon.colcon_core.package_identification:_identify(src) by extension 'python_setup_py'
[4.301s] Level 1:colcon.colcon_core.package_identification:_identify(src/build) by extensions ['ignore', 'ignore_ament_install']
[4.301s] Level 1:colcon.colcon_core.package_identification:_identify(src/build) by extension 'ignore'
[4.301s] Level 1:colcon.colcon_core.package_identification:_identify(src/build) ignored
[4.301s] Level 1:colcon.colcon_core.package_identification:_identify(src/install) by extensions ['ignore', 'ignore_ament_install']
[4.301s] Level 1:colcon.colcon_core.package_identification:_identify(src/install) by extension 'ignore'
[4.302s] Level 1:colcon.colcon_core.package_identification:_identify(src/install) ignored
[4.302s] Level 1:colcon.colcon_core.package_identification:_identify(src/log) by extensions ['ignore', 'ignore_ament_install']
[4.302s] Level 1:colcon.colcon_core.package_identification:_identify(src/log) by extension 'ignore'
[4.302s] Level 1:colcon.colcon_core.package_identification:_identify(src/log) ignored
[4.302s] Level 1:colcon.colcon_core.package_identification:_identify(src/motor) by extensions ['ignore', 'ignore_ament_install']
[4.303s] Level 1:colcon.colcon_core.package_identification:_identify(src/motor) by extension 'ignore'
[4.303s] Level 1:colcon.colcon_core.package_identification:_identify(src/motor) by extension 'ignore_ament_install'
[4.303s] Level 1:colcon.colcon_core.package_identification:_identify(src/motor) by extensions ['colcon_pkg']
[4.303s] Level 1:colcon.colcon_core.package_identification:_identify(src/motor) by extension 'colcon_pkg'
[4.303s] Level 1:colcon.colcon_core.package_identification:_identify(src/motor) by extensions ['colcon_meta']
[4.303s] Level 1:colcon.colcon_core.package_identification:_identify(src/motor) by extension 'colcon_meta'
[4.303s] Level 1:colcon.colcon_core.package_identification:_identify(src/motor) by extensions ['ros']
[4.304s] Level 1:colcon.colcon_core.package_identification:_identify(src/motor) by extension 'ros'
[4.308s] DEBUG:colcon.colcon_core.package_identification:Package 'src/motor' with type 'ros.ament_cmake' and name 'motor'
[4.308s] Level 1:colcon.colcon_core.package_identification:_identify(src/my_cpackage) by extensions ['ignore', 'ignore_ament_install']
[4.308s] Level 1:colcon.colcon_core.package_identification:_identify(src/my_cpackage) by extension 'ignore'
[4.309s] Level 1:colcon.colcon_core.package_identification:_identify(src/my_cpackage) by extension 'ignore_ament_install'
[4.309s] Level 1:colcon.colcon_core.package_identification:_identify(src/my_cpackage) by extensions ['colcon_pkg']
[4.309s] Level 1:colcon.colcon_core.package_identification:_identify(src/my_cpackage) by extension 'colcon_pkg'
[4.309s] Level 1:colcon.colcon_core.package_identification:_identify(src/my_cpackage) by extensions ['colcon_meta']
[4.309s] Level 1:colcon.colcon_core.package_identification:_identify(src/my_cpackage) by extension 'colcon_meta'
[4.309s] Level 1:colcon.colcon_core.package_identification:_identify(src/my_cpackage) by extensions ['ros']
[4.309s] Level 1:colcon.colcon_core.package_identification:_identify(src/my_cpackage) by extension 'ros'
[4.310s] DEBUG:colcon.colcon_core.package_identification:Package 'src/my_cpackage' with type 'ros.ament_cmake' and name 'my_cpackage'
[4.310s] Level 1:colcon.colcon_core.package_identification:_identify(src/my_package) by extensions ['ignore', 'ignore_ament_install']
[4.311s] Level 1:colcon.colcon_core.package_identification:_identify(src/my_package) by extension 'ignore'
[4.311s] Level 1:colcon.colcon_core.package_identification:_identify(src/my_package) by extension 'ignore_ament_install'
[4.311s] Level 1:colcon.colcon_core.package_identification:_identify(src/my_package) by extensions ['colcon_pkg']
[4.311s] Level 1:colcon.colcon_core.package_identification:_identify(src/my_package) by extension 'colcon_pkg'
[4.311s] Level 1:colcon.colcon_core.package_identification:_identify(src/my_package) by extensions ['colcon_meta']
[4.311s] Level 1:colcon.colcon_core.package_identification:_identify(src/my_package) by extension 'colcon_meta'
[4.312s] Level 1:colcon.colcon_core.package_identification:_identify(src/my_package) by extensions ['ros']
[4.312s] Level 1:colcon.colcon_core.package_identification:_identify(src/my_package) by extension 'ros'
[4.313s] DEBUG:colcon.colcon_core.package_identification:Package 'src/my_package' with type 'ros.ament_python' and name 'my_package'
[4.313s] Level 1:colcon.colcon_core.package_identification:_identify(src/test_urdf) by extensions ['ignore', 'ignore_ament_install']
[4.313s] Level 1:colcon.colcon_core.package_identification:_identify(src/test_urdf) by extension 'ignore'
[4.314s] Level 1:colcon.colcon_core.package_identification:_identify(src/test_urdf) by extension 'ignore_ament_install'
[4.314s] Level 1:colcon.colcon_core.package_identification:_identify(src/test_urdf) by extensions ['colcon_pkg']
[4.314s] Level 1:colcon.colcon_core.package_identification:_identify(src/test_urdf) by extension 'colcon_pkg'
[4.314s] Level 1:colcon.colcon_core.package_identification:_identify(src/test_urdf) by extensions ['colcon_meta']
[4.314s] Level 1:colcon.colcon_core.package_identification:_identify(src/test_urdf) by extension 'colcon_meta'
[4.314s] Level 1:colcon.colcon_core.package_identification:_identify(src/test_urdf) by extensions ['ros']
[4.314s] Level 1:colcon.colcon_core.package_identification:_identify(src/test_urdf) by extension 'ros'
[4.316s] DEBUG:colcon.colcon_core.package_identification:Package 'src/test_urdf' with type 'ros.ament_cmake' and name 'test_urdf'
[4.316s] Level 1:colcon.colcon_core.package_identification:_identify(src/wheelmasters) by extensions ['ignore', 'ignore_ament_install']
[4.316s] Level 1:colcon.colcon_core.package_identification:_identify(src/wheelmasters) by extension 'ignore'
[4.317s] Level 1:colcon.colcon_core.package_identification:_identify(src/wheelmasters) by extension 'ignore_ament_install'
[4.317s] Level 1:colcon.colcon_core.package_identification:_identify(src/wheelmasters) by extensions ['colcon_pkg']
[4.317s] Level 1:colcon.colcon_core.package_identification:_identify(src/wheelmasters) by extension 'colcon_pkg'
[4.317s] Level 1:colcon.colcon_core.package_identification:_identify(src/wheelmasters) by extensions ['colcon_meta']
[4.317s] Level 1:colcon.colcon_core.package_identification:_identify(src/wheelmasters) by extension 'colcon_meta'
[4.317s] Level 1:colcon.colcon_core.package_identification:_identify(src/wheelmasters) by extensions ['ros']
[4.318s] Level 1:colcon.colcon_core.package_identification:_identify(src/wheelmasters) by extension 'ros'
[4.319s] DEBUG:colcon.colcon_core.package_identification:Package 'src/wheelmasters' with type 'ros.ament_python' and name 'wheelmasters'
[4.319s] Level 1:colcon.colcon_core.package_discovery:discover_packages(recursive) using defaults
[4.319s] Level 1:colcon.colcon_core.package_discovery:discover_packages(ignore) discover
[4.319s] Level 1:colcon.colcon_core.package_discovery:discover_packages(ignore) using defaults
[4.319s] Level 1:colcon.colcon_core.package_discovery:discover_packages(path) discover
[4.319s] Level 1:colcon.colcon_core.package_discovery:discover_packages(path) using defaults
[4.682s] Level 1:colcon.colcon_core.package_discovery:discover_packages(prefix_path) check parameters
[4.682s] Level 1:colcon.colcon_core.package_discovery:discover_packages(prefix_path) discover
[4.846s] DEBUG:colcon.colcon_installed_package_information.package_discovery:Found 5 installed packages in /home/osinachi/foxy_ws/install
[4.910s] DEBUG:colcon.colcon_installed_package_information.package_discovery:Found 265 installed packages in /opt/ros/foxy
[4.914s] Level 1:colcon.colcon_core.package_discovery:discover_packages(prefix_path) using defaults
[5.203s] Level 5:colcon.colcon_core.verb:set package 'motor' build argument 'cmake_args' from command line to 'None'
[5.204s] Level 5:colcon.colcon_core.verb:set package 'motor' build argument 'cmake_target' from command line to 'None'
[5.204s] Level 5:colcon.colcon_core.verb:set package 'motor' build argument 'cmake_target_skip_unavailable' from command line to 'False'
[5.204s] Level 5:colcon.colcon_core.verb:set package 'motor' build argument 'cmake_clean_cache' from command line to 'False'
[5.204s] Level 5:colcon.colcon_core.verb:set package 'motor' build argument 'cmake_clean_first' from command line to 'False'
[5.204s] Level 5:colcon.colcon_core.verb:set package 'motor' build argument 'cmake_force_configure' from command line to 'False'
[5.204s] Level 5:colcon.colcon_core.verb:set package 'motor' build argument 'ament_cmake_args' from command line to 'None'
[5.204s] Level 5:colcon.colcon_core.verb:set package 'motor' build argument 'catkin_cmake_args' from command line to 'None'
[5.204s] Level 5:colcon.colcon_core.verb:set package 'motor' build argument 'catkin_skip_building_tests' from command line to 'False'
[5.204s] DEBUG:colcon.colcon_core.verb:Building package 'motor' with the following arguments: {'ament_cmake_args': None, 'build_base': '/home/osinachi/foxy_ws/build/motor', 'catkin_cmake_args': None, 'catkin_skip_building_tests': False, 'cmake_args': None, 'cmake_clean_cache': False, 'cmake_clean_first': False, 'cmake_force_configure': False, 'cmake_target': None, 'cmake_target_skip_unavailable': False, 'install_base': '/home/osinachi/foxy_ws/install/motor', 'merge_install': False, 'path': '/home/osinachi/foxy_ws/src/motor', 'symlink_install': True, 'test_result_base': None}
[5.269s] Level 5:colcon.colcon_core.verb:set package 'my_cpackage' build argument 'cmake_args' from command line to 'None'
[5.269s] Level 5:colcon.colcon_core.verb:set package 'my_cpackage' build argument 'cmake_target' from command line to 'None'
[5.269s] Level 5:colcon.colcon_core.verb:set package 'my_cpackage' build argument 'cmake_target_skip_unavailable' from command line to 'False'
[5.269s] Level 5:colcon.colcon_core.verb:set package 'my_cpackage' build argument 'cmake_clean_cache' from command line to 'False'
[5.269s] Level 5:colcon.colcon_core.verb:set package 'my_cpackage' build argument 'cmake_clean_first' from command line to 'False'
[5.269s] Level 5:colcon.colcon_core.verb:set package 'my_cpackage' build argument 'cmake_force_configure' from command line to 'False'
[5.269s] Level 5:colcon.colcon_core.verb:set package 'my_cpackage' build argument 'ament_cmake_args' from command line to 'None'
[5.269s] Level 5:colcon.colcon_core.verb:set package 'my_cpackage' build argument 'catkin_cmake_args' from command line to 'None'
[5.269s] Level 5:colcon.colcon_core.verb:set package 'my_cpackage' build argument 'catkin_skip_building_tests' from command line to 'False'
[5.270s] DEBUG:colcon.colcon_core.verb:Building package 'my_cpackage' with the following arguments: {'ament_cmake_args': None, 'build_base': '/home/osinachi/foxy_ws/build/my_cpackage', 'catkin_cmake_args': None, 'catkin_skip_building_tests': False, 'cmake_args': None, 'cmake_clean_cache': False, 'cmake_clean_first': False, 'cmake_force_configure': False, 'cmake_target': None, 'cmake_target_skip_unavailable': False, 'install_base': '/home/osinachi/foxy_ws/install/my_cpackage', 'merge_install': False, 'path': '/home/osinachi/foxy_ws/src/my_cpackage', 'symlink_install': True, 'test_result_base': None}
[5.329s] Level 5:colcon.colcon_core.verb:set package 'my_package' build argument 'cmake_args' from command line to 'None'
[5.329s] Level 5:colcon.colcon_core.verb:set package 'my_package' build argument 'cmake_target' from command line to 'None'
[5.330s] Level 5:colcon.colcon_core.verb:set package 'my_package' build argument 'cmake_target_skip_unavailable' from command line to 'False'
[5.330s] Level 5:colcon.colcon_core.verb:set package 'my_package' build argument 'cmake_clean_cache' from command line to 'False'
[5.330s] Level 5:colcon.colcon_core.verb:set package 'my_package' build argument 'cmake_clean_first' from command line to 'False'
[5.330s] Level 5:colcon.colcon_core.verb:set package 'my_package' build argument 'cmake_force_configure' from command line to 'False'
[5.330s] Level 5:colcon.colcon_core.verb:set package 'my_package' build argument 'ament_cmake_args' from command line to 'None'
[5.330s] Level 5:colcon.colcon_core.verb:set package 'my_package' build argument 'catkin_cmake_args' from command line to 'None'
[5.330s] Level 5:colcon.colcon_core.verb:set package 'my_package' build argument 'catkin_skip_building_tests' from command line to 'False'
[5.330s] DEBUG:colcon.colcon_core.verb:Building package 'my_package' with the following arguments: {'ament_cmake_args': None, 'build_base': '/home/osinachi/foxy_ws/build/my_package', 'catkin_cmake_args': None, 'catkin_skip_building_tests': False, 'cmake_args': None, 'cmake_clean_cache': False, 'cmake_clean_first': False, 'cmake_force_configure': False, 'cmake_target': None, 'cmake_target_skip_unavailable': False, 'install_base': '/home/osinachi/foxy_ws/install/my_package', 'merge_install': False, 'path': '/home/osinachi/foxy_ws/src/my_package', 'symlink_install': True, 'test_result_base': None}
[5.401s] Level 5:colcon.colcon_core.verb:set package 'test_urdf' build argument 'cmake_args' from command line to 'None'
[5.401s] Level 5:colcon.colcon_core.verb:set package 'test_urdf' build argument 'cmake_target' from command line to 'None'
[5.401s] Level 5:colcon.colcon_core.verb:set package 'test_urdf' build argument 'cmake_target_skip_unavailable' from command line to 'False'
[5.401s] Level 5:colcon.colcon_core.verb:set package 'test_urdf' build argument 'cmake_clean_cache' from command line to 'False'
[5.401s] Level 5:colcon.colcon_core.verb:set package 'test_urdf' build argument 'cmake_clean_first' from command line to 'False'
[5.401s] Level 5:colcon.colcon_core.verb:set package 'test_urdf' build argument 'cmake_force_configure' from command line to 'False'
[5.401s] Level 5:colcon.colcon_core.verb:set package 'test_urdf' build argument 'ament_cmake_args' from command line to 'None'
[5.401s] Level 5:colcon.colcon_core.verb:set package 'test_urdf' build argument 'catkin_cmake_args' from command line to 'None'
[5.402s] Level 5:colcon.colcon_core.verb:set package 'test_urdf' build argument 'catkin_skip_building_tests' from command line to 'False'
[5.402s] DEBUG:colcon.colcon_core.verb:Building package 'test_urdf' with the following arguments: {'ament_cmake_args': None, 'build_base': '/home/osinachi/foxy_ws/build/test_urdf', 'catkin_cmake_args': None, 'catkin_skip_building_tests': False, 'cmake_args': None, 'cmake_clean_cache': False, 'cmake_clean_first': False, 'cmake_force_configure': False, 'cmake_target': None, 'cmake_target_skip_unavailable': False, 'install_base': '/home/osinachi/foxy_ws/install/test_urdf', 'merge_install': False, 'path': '/home/osinachi/foxy_ws/src/test_urdf', 'symlink_install': True, 'test_result_base': None}
[5.467s] Level 5:colcon.colcon_core.verb:set package 'wheelmasters' build argument 'cmake_args' from command line to 'None'
[5.467s] Level 5:colcon.colcon_core.verb:set package 'wheelmasters' build argument 'cmake_target' from command line to 'None'
[5.467s] Level 5:colcon.colcon_core.verb:set package 'wheelmasters' build argument 'cmake_target_skip_unavailable' from command line to 'False'
[5.467s] Level 5:colcon.colcon_core.verb:set package 'wheelmasters' build argument 'cmake_clean_cache' from command line to 'False'
[5.467s] Level 5:colcon.colcon_core.verb:set package 'wheelmasters' build argument 'cmake_clean_first' from command line to 'False'
[5.467s] Level 5:colcon.colcon_core.verb:set package 'wheelmasters' build argument 'cmake_force_configure' from command line to 'False'
[5.467s] Level 5:colcon.colcon_core.verb:set package 'wheelmasters' build argument 'ament_cmake_args' from command line to 'None'
[5.467s] Level 5:colcon.colcon_core.verb:set package 'wheelmasters' build argument 'catkin_cmake_args' from command line to 'None'
[5.467s] Level 5:colcon.colcon_core.verb:set package 'wheelmasters' build argument 'catkin_skip_building_tests' from command line to 'False'
[5.467s] DEBUG:colcon.colcon_core.verb:Building package 'wheelmasters' with the following arguments: {'ament_cmake_args': None, 'build_base': '/home/osinachi/foxy_ws/build/wheelmasters', 'catkin_cmake_args': None, 'catkin_skip_building_tests': False, 'cmake_args': None, 'cmake_clean_cache': False, 'cmake_clean_first': False, 'cmake_force_configure': False, 'cmake_target': None, 'cmake_target_skip_unavailable': False, 'install_base': '/home/osinachi/foxy_ws/install/wheelmasters', 'merge_install': False, 'path': '/home/osinachi/foxy_ws/src/wheelmasters', 'symlink_install': True, 'test_result_base': None}
[5.532s] INFO:colcon.colcon_core.executor:Executing jobs using 'parallel' executor
[5.595s] DEBUG:colcon.colcon_parallel_executor.executor.parallel:run_until_complete
[5.596s] INFO:colcon.colcon_ros.task.ament_cmake.build:Building ROS package in '/home/osinachi/foxy_ws/src/motor' with build type 'ament_cmake'
[5.597s] INFO:colcon.colcon_cmake.task.cmake.build:Building CMake package in '/home/osinachi/foxy_ws/src/motor'
[5.675s] INFO:colcon.colcon_core.plugin_system:Skipping extension 'colcon_core.shell.bat': Not used on non-Windows systems
[5.676s] INFO:colcon.colcon_core.shell:Skip shell extension 'powershell' for command environment: Not usable outside of PowerShell
[5.677s] DEBUG:colcon.colcon_core.shell:Skip shell extension 'dsv' for command environment
[5.898s] INFO:colcon.colcon_ros.task.ament_cmake.build:Building ROS package in '/home/osinachi/foxy_ws/src/my_cpackage' with build type 'ament_cmake'
[5.899s] INFO:colcon.colcon_cmake.task.cmake.build:Building CMake package in '/home/osinachi/foxy_ws/src/my_cpackage'
[5.973s] INFO:colcon.colcon_core.shell:Skip shell extension 'powershell' for command environment: Not usable outside of PowerShell
[5.973s] DEBUG:colcon.colcon_core.shell:Skip shell extension 'dsv' for command environment
[6.198s] INFO:colcon.colcon_ros.task.ament_python.build:Building ROS package in '/home/osinachi/foxy_ws/src/my_package' with build type 'ament_python'
[6.200s] Level 1:colcon.colcon_core.shell:create_environment_hook('my_package', 'ament_prefix_path')
[6.277s] INFO:colcon.colcon_core.shell:Creating environment hook '/home/osinachi/foxy_ws/install/my_package/share/my_package/hook/ament_prefix_path.ps1'
[6.279s] INFO:colcon.colcon_core.shell:Creating environment descriptor '/home/osinachi/foxy_ws/install/my_package/share/my_package/hook/ament_prefix_path.dsv'
[6.280s] INFO:colcon.colcon_core.shell:Creating environment hook '/home/osinachi/foxy_ws/install/my_package/share/my_package/hook/ament_prefix_path.sh'
[6.358s] INFO:colcon.colcon_core.shell:Skip shell extension 'powershell' for command environment: Not usable outside of PowerShell
[6.358s] DEBUG:colcon.colcon_core.shell:Skip shell extension 'dsv' for command environment
[6.612s] INFO:colcon.colcon_ros.task.ament_cmake.build:Building ROS package in '/home/osinachi/foxy_ws/src/test_urdf' with build type 'ament_cmake'
[6.613s] INFO:colcon.colcon_cmake.task.cmake.build:Building CMake package in '/home/osinachi/foxy_ws/src/test_urdf'
[6.691s] INFO:colcon.colcon_core.shell:Skip shell extension 'powershell' for command environment: Not usable outside of PowerShell
[6.691s] DEBUG:colcon.colcon_core.shell:Skip shell extension 'dsv' for command environment
[6.938s] DEBUG:colcon.colcon_core.event_handler.log_command:Invoking command in '/home/osinachi/foxy_ws/build/motor': CMAKE_PREFIX_PATH=${CMAKE_PREFIX_PATH}:/home/osinachi/foxy_ws/install/wheelmasters:/home/osinachi/foxy_ws/install/my_package:/opt/ros/foxy CONDA_PROMPT_MODIFIER=(base) /usr/bin/cmake --build /home/osinachi/foxy_ws/build/motor -- -j4 -l4
[6.956s] DEBUG:colcon.colcon_core.event_handler.log_command:Invoking command in '/home/osinachi/foxy_ws/build/my_cpackage': CMAKE_PREFIX_PATH=${CMAKE_PREFIX_PATH}:/home/osinachi/foxy_ws/install/wheelmasters:/home/osinachi/foxy_ws/install/my_package:/opt/ros/foxy CONDA_PROMPT_MODIFIER=(base) /usr/bin/cmake --build /home/osinachi/foxy_ws/build/my_cpackage -- -j4 -l4
[7.465s] INFO:colcon.colcon_core.task.python.build:Building Python package in '/home/osinachi/foxy_ws/src/my_package'
[7.540s] INFO:colcon.colcon_core.shell:Skip shell extension 'powershell' for command environment: Not usable outside of PowerShell
[7.540s] DEBUG:colcon.colcon_core.shell:Skip shell extension 'dsv' for command environment
[7.778s] DEBUG:colcon.colcon_core.event_handler.log_command:Invoking command in '/home/osinachi/foxy_ws/build/test_urdf': CMAKE_PREFIX_PATH=${CMAKE_PREFIX_PATH}:/home/osinachi/foxy_ws/install/wheelmasters:/home/osinachi/foxy_ws/install/my_package:/opt/ros/foxy CONDA_PROMPT_MODIFIER=(base) /usr/bin/cmake --build /home/osinachi/foxy_ws/build/test_urdf -- -j4 -l4
[7.796s] DEBUG:colcon.colcon_core.event_handler.log_command:Invoked command in '/home/osinachi/foxy_ws/build/motor' returned '0': CMAKE_PREFIX_PATH=${CMAKE_PREFIX_PATH}:/home/osinachi/foxy_ws/install/wheelmasters:/home/osinachi/foxy_ws/install/my_package:/opt/ros/foxy CONDA_PROMPT_MODIFIER=(base) /usr/bin/cmake --build /home/osinachi/foxy_ws/build/motor -- -j4 -l4
[7.802s] DEBUG:colcon.colcon_core.event_handler.log_command:Invoked command in '/home/osinachi/foxy_ws/build/my_cpackage' returned '0': CMAKE_PREFIX_PATH=${CMAKE_PREFIX_PATH}:/home/osinachi/foxy_ws/install/wheelmasters:/home/osinachi/foxy_ws/install/my_package:/opt/ros/foxy CONDA_PROMPT_MODIFIER=(base) /usr/bin/cmake --build /home/osinachi/foxy_ws/build/my_cpackage -- -j4 -l4
[7.896s] DEBUG:colcon.colcon_core.event_handler.log_command:Invoking command in '/home/osinachi/foxy_ws/build/motor': CMAKE_PREFIX_PATH=${CMAKE_PREFIX_PATH}:/home/osinachi/foxy_ws/install/wheelmasters:/home/osinachi/foxy_ws/install/my_package:/opt/ros/foxy CONDA_PROMPT_MODIFIER=(base) /usr/bin/cmake --install /home/osinachi/foxy_ws/build/motor
[7.910s] DEBUG:colcon.colcon_core.event_handler.log_command:Invoking command in '/home/osinachi/foxy_ws/build/my_cpackage': CMAKE_PREFIX_PATH=${CMAKE_PREFIX_PATH}:/home/osinachi/foxy_ws/install/wheelmasters:/home/osinachi/foxy_ws/install/my_package:/opt/ros/foxy CONDA_PROMPT_MODIFIER=(base) /usr/bin/cmake --install /home/osinachi/foxy_ws/build/my_cpackage
[7.929s] DEBUG:colcon.colcon_core.event_handler.log_command:Invoked command in '/home/osinachi/foxy_ws/build/test_urdf' returned '0': CMAKE_PREFIX_PATH=${CMAKE_PREFIX_PATH}:/home/osinachi/foxy_ws/install/wheelmasters:/home/osinachi/foxy_ws/install/my_package:/opt/ros/foxy CONDA_PROMPT_MODIFIER=(base) /usr/bin/cmake --build /home/osinachi/foxy_ws/build/test_urdf -- -j4 -l4
[7.999s] Level 1:colcon.colcon_core.environment:create_environment_scripts_only(my_cpackage)
[8.002s] DEBUG:colcon.colcon_core.event_handler.log_command:Invoked command in '/home/osinachi/foxy_ws/build/my_cpackage' returned '0': CMAKE_PREFIX_PATH=${CMAKE_PREFIX_PATH}:/home/osinachi/foxy_ws/install/wheelmasters:/home/osinachi/foxy_ws/install/my_package:/opt/ros/foxy CONDA_PROMPT_MODIFIER=(base) /usr/bin/cmake --install /home/osinachi/foxy_ws/build/my_cpackage
[8.104s] Level 1:colcon.colcon_core.environment:checking '/home/osinachi/foxy_ws/install/my_cpackage' for CMake module files
[8.106s] Level 1:colcon.colcon_core.environment:checking '/home/osinachi/foxy_ws/install/my_cpackage' for CMake config files
[8.107s] Level 1:colcon.colcon_core.shell:create_environment_hook('my_cpackage', 'cmake_prefix_path')
[8.216s] INFO:colcon.colcon_core.shell:Creating environment hook '/home/osinachi/foxy_ws/install/my_cpackage/share/my_cpackage/hook/cmake_prefix_path.ps1'
[8.218s] INFO:colcon.colcon_core.shell:Creating environment descriptor '/home/osinachi/foxy_ws/install/my_cpackage/share/my_cpackage/hook/cmake_prefix_path.dsv'
[8.219s] INFO:colcon.colcon_core.shell:Creating environment hook '/home/osinachi/foxy_ws/install/my_cpackage/share/my_cpackage/hook/cmake_prefix_path.sh'
[8.222s] Level 1:colcon.colcon_core.environment:checking '/home/osinachi/foxy_ws/install/my_cpackage/lib'
[8.223s] Level 1:colcon.colcon_core.environment:checking '/home/osinachi/foxy_ws/install/my_cpackage/bin'
[8.223s] Level 1:colcon.colcon_core.environment:checking '/home/osinachi/foxy_ws/install/my_cpackage/lib/pkgconfig/my_cpackage.pc'
[8.224s] Level 1:colcon.colcon_core.environment:checking '/home/osinachi/foxy_ws/install/my_cpackage/lib/python3.8/site-packages'
[8.224s] Level 1:colcon.colcon_core.environment:checking '/home/osinachi/foxy_ws/install/my_cpackage/bin'
[8.308s] INFO:colcon.colcon_core.shell:Creating package script '/home/osinachi/foxy_ws/install/my_cpackage/share/my_cpackage/package.ps1'
[8.311s] INFO:colcon.colcon_core.shell:Creating package descriptor '/home/osinachi/foxy_ws/install/my_cpackage/share/my_cpackage/package.dsv'
[8.313s] INFO:colcon.colcon_core.shell:Creating package script '/home/osinachi/foxy_ws/install/my_cpackage/share/my_cpackage/package.sh'
[8.315s] INFO:colcon.colcon_core.shell:Creating package script '/home/osinachi/foxy_ws/install/my_cpackage/share/my_cpackage/package.bash'
[8.316s] INFO:colcon.colcon_core.shell:Creating package script '/home/osinachi/foxy_ws/install/my_cpackage/share/my_cpackage/package.zsh'
[8.319s] Level 1:colcon.colcon_core.environment:create_file_with_runtime_dependencies(/home/osinachi/foxy_ws/install/my_cpackage/share/colcon-core/packages/my_cpackage)
[8.327s] Level 1:colcon.colcon_core.environment:create_environment_scripts_only(motor)
[8.330s] DEBUG:colcon.colcon_core.event_handler.log_command:Invoked command in '/home/osinachi/foxy_ws/build/motor' returned '0': CMAKE_PREFIX_PATH=${CMAKE_PREFIX_PATH}:/home/osinachi/foxy_ws/install/wheelmasters:/home/osinachi/foxy_ws/install/my_package:/opt/ros/foxy CONDA_PROMPT_MODIFIER=(base) /usr/bin/cmake --install /home/osinachi/foxy_ws/build/motor
[8.439s] Level 1:colcon.colcon_core.environment:checking '/home/osinachi/foxy_ws/install/motor' for CMake module files
[8.443s] Level 1:colcon.colcon_core.environment:checking '/home/osinachi/foxy_ws/install/motor' for CMake config files
[8.445s] Level 1:colcon.colcon_core.shell:create_environment_hook('motor', 'cmake_prefix_path')
[8.530s] INFO:colcon.colcon_core.shell:Creating environment hook '/home/osinachi/foxy_ws/install/motor/share/motor/hook/cmake_prefix_path.ps1'
[8.531s] INFO:colcon.colcon_core.shell:Creating environment descriptor '/home/osinachi/foxy_ws/install/motor/share/motor/hook/cmake_prefix_path.dsv'
[8.532s] INFO:colcon.colcon_core.shell:Creating environment hook '/home/osinachi/foxy_ws/install/motor/share/motor/hook/cmake_prefix_path.sh'
[8.534s] Level 1:colcon.colcon_core.environment:checking '/home/osinachi/foxy_ws/install/motor/lib'
[8.534s] Level 1:colcon.colcon_core.environment:checking '/home/osinachi/foxy_ws/install/motor/bin'
[8.534s] Level 1:colcon.colcon_core.environment:checking '/home/osinachi/foxy_ws/install/motor/lib/pkgconfig/motor.pc'
[8.535s] Level 1:colcon.colcon_core.environment:checking '/home/osinachi/foxy_ws/install/motor/lib/python3.8/site-packages'
[8.535s] Level 1:colcon.colcon_core.shell:create_environment_hook('motor', 'pythonpath')
[8.630s] INFO:colcon.colcon_core.shell:Creating environment hook '/home/osinachi/foxy_ws/install/motor/share/motor/hook/pythonpath.ps1'
[8.631s] INFO:colcon.colcon_core.shell:Creating environment descriptor '/home/osinachi/foxy_ws/install/motor/share/motor/hook/pythonpath.dsv'
[8.632s] INFO:colcon.colcon_core.shell:Creating environment hook '/home/osinachi/foxy_ws/install/motor/share/motor/hook/pythonpath.sh'
[8.633s] Level 1:colcon.colcon_core.environment:checking '/home/osinachi/foxy_ws/install/motor/bin'
[8.806s] INFO:colcon.colcon_core.shell:Creating package script '/home/osinachi/foxy_ws/install/motor/share/motor/package.ps1'
[8.807s] INFO:colcon.colcon_core.shell:Creating package descriptor '/home/osinachi/foxy_ws/install/motor/share/motor/package.dsv'
[8.809s] INFO:colcon.colcon_core.shell:Creating package script '/home/osinachi/foxy_ws/install/motor/share/motor/package.sh'
[8.810s] INFO:colcon.colcon_core.shell:Creating package script '/home/osinachi/foxy_ws/install/motor/share/motor/package.bash'
[8.812s] INFO:colcon.colcon_core.shell:Creating package script '/home/osinachi/foxy_ws/install/motor/share/motor/package.zsh'
[8.813s] Level 1:colcon.colcon_core.environment:create_file_with_runtime_dependencies(/home/osinachi/foxy_ws/install/motor/share/colcon-core/packages/motor)
[8.831s] DEBUG:colcon.colcon_core.event_handler.log_command:Invoking command in '/home/osinachi/foxy_ws/build/test_urdf': CMAKE_PREFIX_PATH=${CMAKE_PREFIX_PATH}:/home/osinachi/foxy_ws/install/wheelmasters:/home/osinachi/foxy_ws/install/my_package:/opt/ros/foxy CONDA_PROMPT_MODIFIER=(base) /usr/bin/cmake --install /home/osinachi/foxy_ws/build/test_urdf
[8.983s] Level 1:colcon.colcon_core.environment:create_environment_scripts_only(my_cpackage)
[9.054s] Level 1:colcon.colcon_core.environment:checking '/home/osinachi/foxy_ws/install/my_cpackage' for CMake module files
[9.056s] Level 1:colcon.colcon_core.environment:checking '/home/osinachi/foxy_ws/install/my_cpackage' for CMake config files
[9.057s] Level 1:colcon.colcon_core.shell:create_environment_hook('my_cpackage', 'cmake_prefix_path')
[9.140s] INFO:colcon.colcon_core.shell:Creating environment hook '/home/osinachi/foxy_ws/install/my_cpackage/share/my_cpackage/hook/cmake_prefix_path.ps1'
[9.141s] INFO:colcon.colcon_core.shell:Creating environment descriptor '/home/osinachi/foxy_ws/install/my_cpackage/share/my_cpackage/hook/cmake_prefix_path.dsv'
[9.142s] INFO:colcon.colcon_core.shell:Creating environment hook '/home/osinachi/foxy_ws/install/my_cpackage/share/my_cpackage/hook/cmake_prefix_path.sh'
[9.145s] Level 1:colcon.colcon_core.environment:checking '/home/osinachi/foxy_ws/install/my_cpackage/lib'
[9.145s] Level 1:colcon.colcon_core.environment:checking '/home/osinachi/foxy_ws/install/my_cpackage/bin'
[9.145s] Level 1:colcon.colcon_core.environment:checking '/home/osinachi/foxy_ws/install/my_cpackage/lib/pkgconfig/my_cpackage.pc'
[9.146s] Level 1:colcon.colcon_core.environment:checking '/home/osinachi/foxy_ws/install/my_cpackage/lib/python3.8/site-packages'
[9.148s] Level 1:colcon.colcon_core.environment:checking '/home/osinachi/foxy_ws/install/my_cpackage/bin'
[9.249s] INFO:colcon.colcon_core.shell:Creating package script '/home/osinachi/foxy_ws/install/my_cpackage/share/my_cpackage/package.ps1'
[9.250s] INFO:colcon.colcon_core.shell:Creating package descriptor '/home/osinachi/foxy_ws/install/my_cpackage/share/my_cpackage/package.dsv'
[9.252s] INFO:colcon.colcon_core.shell:Creating package script '/home/osinachi/foxy_ws/install/my_cpackage/share/my_cpackage/package.sh'
[9.253s] INFO:colcon.colcon_core.shell:Creating package script '/home/osinachi/foxy_ws/install/my_cpackage/share/my_cpackage/package.bash'
[9.254s] INFO:colcon.colcon_core.shell:Creating package script '/home/osinachi/foxy_ws/install/my_cpackage/share/my_cpackage/package.zsh'
[9.255s] Level 1:colcon.colcon_core.environment:create_file_with_runtime_dependencies(/home/osinachi/foxy_ws/install/my_cpackage/share/colcon-core/packages/my_cpackage)
[9.259s] INFO:colcon.colcon_ros.task.ament_python.build:Building ROS package in '/home/osinachi/foxy_ws/src/wheelmasters' with build type 'ament_python'
[9.260s] Level 1:colcon.colcon_core.shell:create_environment_hook('wheelmasters', 'ament_prefix_path')
[9.340s] INFO:colcon.colcon_core.shell:Creating environment hook '/home/osinachi/foxy_ws/install/wheelmasters/share/wheelmasters/hook/ament_prefix_path.ps1'
[9.341s] INFO:colcon.colcon_core.shell:Creating environment descriptor '/home/osinachi/foxy_ws/install/wheelmasters/share/wheelmasters/hook/ament_prefix_path.dsv'
[9.342s] INFO:colcon.colcon_core.shell:Creating environment hook '/home/osinachi/foxy_ws/install/wheelmasters/share/wheelmasters/hook/ament_prefix_path.sh'
[9.427s] INFO:colcon.colcon_core.shell:Skip shell extension 'powershell' for command environment: Not usable outside of PowerShell
[9.428s] DEBUG:colcon.colcon_core.shell:Skip shell extension 'dsv' for command environment
[9.645s] Level 1:colcon.colcon_core.environment:create_environment_scripts_only(test_urdf)
[9.647s] DEBUG:colcon.colcon_core.event_handler.log_command:Invoked command in '/home/osinachi/foxy_ws/build/test_urdf' returned '0': CMAKE_PREFIX_PATH=${CMAKE_PREFIX_PATH}:/home/osinachi/foxy_ws/install/wheelmasters:/home/osinachi/foxy_ws/install/my_package:/opt/ros/foxy CONDA_PROMPT_MODIFIER=(base) /usr/bin/cmake --install /home/osinachi/foxy_ws/build/test_urdf
[9.717s] Level 1:colcon.colcon_core.environment:checking '/home/osinachi/foxy_ws/install/test_urdf' for CMake module files
[9.719s] Level 1:colcon.colcon_core.environment:checking '/home/osinachi/foxy_ws/install/test_urdf' for CMake config files
[9.720s] Level 1:colcon.colcon_core.shell:create_environment_hook('test_urdf', 'cmake_prefix_path')
[9.783s] INFO:colcon.colcon_core.shell:Creating environment hook '/home/osinachi/foxy_ws/install/test_urdf/share/test_urdf/hook/cmake_prefix_path.ps1'
[9.785s] INFO:colcon.colcon_core.shell:Creating environment descriptor '/home/osinachi/foxy_ws/install/test_urdf/share/test_urdf/hook/cmake_prefix_path.dsv'
[9.786s] INFO:colcon.colcon_core.shell:Creating environment hook '/home/osinachi/foxy_ws/install/test_urdf/share/test_urdf/hook/cmake_prefix_path.sh'
[9.788s] Level 1:colcon.colcon_core.environment:checking '/home/osinachi/foxy_ws/install/test_urdf/bin'
[9.788s] Level 1:colcon.colcon_core.environment:checking '/home/osinachi/foxy_ws/install/test_urdf/lib/pkgconfig/test_urdf.pc'
[9.789s] Level 1:colcon.colcon_core.environment:checking '/home/osinachi/foxy_ws/install/test_urdf/lib/python3.8/site-packages'
[9.789s] Level 1:colcon.colcon_core.environment:checking '/home/osinachi/foxy_ws/install/test_urdf/bin'
[9.862s] INFO:colcon.colcon_core.shell:Creating package script '/home/osinachi/foxy_ws/install/test_urdf/share/test_urdf/package.ps1'
[9.863s] INFO:colcon.colcon_core.shell:Creating package descriptor '/home/osinachi/foxy_ws/install/test_urdf/share/test_urdf/package.dsv'
[9.864s] INFO:colcon.colcon_core.shell:Creating package script '/home/osinachi/foxy_ws/install/test_urdf/share/test_urdf/package.sh'
[9.865s] INFO:colcon.colcon_core.shell:Creating package script '/home/osinachi/foxy_ws/install/test_urdf/share/test_urdf/package.bash'
[9.866s] INFO:colcon.colcon_core.shell:Creating package script '/home/osinachi/foxy_ws/install/test_urdf/share/test_urdf/package.zsh'
[9.868s] Level 1:colcon.colcon_core.environment:create_file_with_runtime_dependencies(/home/osinachi/foxy_ws/install/test_urdf/share/colcon-core/packages/test_urdf)
[9.898s] DEBUG:colcon.colcon_core.event_handler.log_command:Invoking command in '/home/osinachi/foxy_ws/build/my_package': CONDA_PROMPT_MODIFIER=(base) PYTHONPATH=/home/osinachi/foxy_ws/build/my_package/prefix_override:/home/osinachi/foxy_ws/install/my_package/lib/python3.8/site-packages:${PYTHONPATH} /usr/bin/python3 setup.py develop --editable --build-directory /home/osinachi/foxy_ws/build/my_package/build --no-deps install_data
[9.986s] Level 1:colcon.colcon_core.environment:create_environment_scripts_only(motor)
[10.086s] Level 1:colcon.colcon_core.environment:checking '/home/osinachi/foxy_ws/install/motor' for CMake module files
[10.087s] Level 1:colcon.colcon_core.environment:checking '/home/osinachi/foxy_ws/install/motor' for CMake config files
[10.088s] Level 1:colcon.colcon_core.shell:create_environment_hook('motor', 'cmake_prefix_path')
[10.170s] INFO:colcon.colcon_core.shell:Creating environment hook '/home/osinachi/foxy_ws/install/motor/share/motor/hook/cmake_prefix_path.ps1'
[10.171s] INFO:colcon.colcon_core.shell:Creating environment descriptor '/home/osinachi/foxy_ws/install/motor/share/motor/hook/cmake_prefix_path.dsv'
[10.172s] INFO:colcon.colcon_core.shell:Creating environment hook '/home/osinachi/foxy_ws/install/motor/share/motor/hook/cmake_prefix_path.sh'
[10.173s] Level 1:colcon.colcon_core.environment:checking '/home/osinachi/foxy_ws/install/motor/lib'
[10.174s] Level 1:colcon.colcon_core.environment:checking '/home/osinachi/foxy_ws/install/motor/bin'
[10.174s] Level 1:colcon.colcon_core.environment:checking '/home/osinachi/foxy_ws/install/motor/lib/pkgconfig/motor.pc'
[10.175s] Level 1:colcon.colcon_core.environment:checking '/home/osinachi/foxy_ws/install/motor/lib/python3.8/site-packages'
[10.175s] Level 1:colcon.colcon_core.shell:create_environment_hook('motor', 'pythonpath')
[10.256s] INFO:colcon.colcon_core.shell:Creating environment hook '/home/osinachi/foxy_ws/install/motor/share/motor/hook/pythonpath.ps1'
[10.257s] INFO:colcon.colcon_core.shell:Creating environment descriptor '/home/osinachi/foxy_ws/install/motor/share/motor/hook/pythonpath.dsv'
[10.258s] INFO:colcon.colcon_core.shell:Creating environment hook '/home/osinachi/foxy_ws/install/motor/share/motor/hook/pythonpath.sh'
[10.259s] Level 1:colcon.colcon_core.environment:checking '/home/osinachi/foxy_ws/install/motor/bin'
[10.352s] INFO:colcon.colcon_core.shell:Creating package script '/home/osinachi/foxy_ws/install/motor/share/motor/package.ps1'
[10.353s] INFO:colcon.colcon_core.shell:Creating package descriptor '/home/osinachi/foxy_ws/install/motor/share/motor/package.dsv'
[10.355s] INFO:colcon.colcon_core.shell:Creating package script '/home/osinachi/foxy_ws/install/motor/share/motor/package.sh'
[10.356s] INFO:colcon.colcon_core.shell:Creating package script '/home/osinachi/foxy_ws/install/motor/share/motor/package.bash'
[10.357s] INFO:colcon.colcon_core.shell:Creating package script '/home/osinachi/foxy_ws/install/motor/share/motor/package.zsh'
[10.358s] Level 1:colcon.colcon_core.environment:create_file_with_runtime_dependencies(/home/osinachi/foxy_ws/install/motor/share/colcon-core/packages/motor)
[10.925s] INFO:colcon.colcon_core.task.python.build:Building Python package in '/home/osinachi/foxy_ws/src/wheelmasters'
[11.052s] INFO:colcon.colcon_core.shell:Skip shell extension 'powershell' for command environment: Not usable outside of PowerShell
[11.053s] DEBUG:colcon.colcon_core.shell:Skip shell extension 'dsv' for command environment
[11.367s] Level 1:colcon.colcon_core.environment:create_environment_scripts_only(test_urdf)
[11.439s] Level 1:colcon.colcon_core.environment:checking '/home/osinachi/foxy_ws/install/test_urdf' for CMake module files
[11.440s] Level 1:colcon.colcon_core.environment:checking '/home/osinachi/foxy_ws/install/test_urdf' for CMake config files
[11.441s] Level 1:colcon.colcon_core.shell:create_environment_hook('test_urdf', 'cmake_prefix_path')
[11.513s] INFO:colcon.colcon_core.shell:Creating environment hook '/home/osinachi/foxy_ws/install/test_urdf/share/test_urdf/hook/cmake_prefix_path.ps1'
[11.515s] INFO:colcon.colcon_core.shell:Creating environment descriptor '/home/osinachi/foxy_ws/install/test_urdf/share/test_urdf/hook/cmake_prefix_path.dsv'
[11.516s] INFO:colcon.colcon_core.shell:Creating environment hook '/home/osinachi/foxy_ws/install/test_urdf/share/test_urdf/hook/cmake_prefix_path.sh'
[11.518s] Level 1:colcon.colcon_core.environment:checking '/home/osinachi/foxy_ws/install/test_urdf/bin'
[11.518s] Level 1:colcon.colcon_core.environment:checking '/home/osinachi/foxy_ws/install/test_urdf/lib/pkgconfig/test_urdf.pc'
[11.519s] Level 1:colcon.colcon_core.environment:checking '/home/osinachi/foxy_ws/install/test_urdf/lib/python3.8/site-packages'
[11.520s] Level 1:colcon.colcon_core.environment:checking '/home/osinachi/foxy_ws/install/test_urdf/bin'
[11.585s] INFO:colcon.colcon_core.shell:Creating package script '/home/osinachi/foxy_ws/install/test_urdf/share/test_urdf/package.ps1'
[11.586s] INFO:colcon.colcon_core.shell:Creating package descriptor '/home/osinachi/foxy_ws/install/test_urdf/share/test_urdf/package.dsv'
[11.587s] INFO:colcon.colcon_core.shell:Creating package script '/home/osinachi/foxy_ws/install/test_urdf/share/test_urdf/package.sh'
[11.588s] INFO:colcon.colcon_core.shell:Creating package script '/home/osinachi/foxy_ws/install/test_urdf/share/test_urdf/package.bash'
[11.589s] INFO:colcon.colcon_core.shell:Creating package script '/home/osinachi/foxy_ws/install/test_urdf/share/test_urdf/package.zsh'
[11.590s] Level 1:colcon.colcon_core.environment:create_file_with_runtime_dependencies(/home/osinachi/foxy_ws/install/test_urdf/share/colcon-core/packages/test_urdf)
[11.593s] Level 1:colcon.colcon_core.shell:create_environment_hook('my_package', 'pythonpath_develop')
[11.597s] DEBUG:colcon.colcon_core.event_handler.log_command:Invoked command in '/home/osinachi/foxy_ws/build/my_package' returned '0': CONDA_PROMPT_MODIFIER=(base) PYTHONPATH=/home/osinachi/foxy_ws/build/my_package/prefix_override:/home/osinachi/foxy_ws/install/my_package/lib/python3.8/site-packages:${PYTHONPATH} /usr/bin/python3 setup.py develop --editable --build-directory /home/osinachi/foxy_ws/build/my_package/build --no-deps install_data
[11.667s] INFO:colcon.colcon_core.shell:Creating environment hook '/home/osinachi/foxy_ws/build/my_package/share/my_package/hook/pythonpath_develop.ps1'
[11.668s] INFO:colcon.colcon_core.shell:Creating environment descriptor '/home/osinachi/foxy_ws/build/my_package/share/my_package/hook/pythonpath_develop.dsv'
[11.669s] INFO:colcon.colcon_core.shell:Creating environment hook '/home/osinachi/foxy_ws/build/my_package/share/my_package/hook/pythonpath_develop.sh'
[11.758s] Level 1:colcon.colcon_core.environment:checking '/home/osinachi/foxy_ws/install/my_package' for CMake module files
[11.759s] Level 1:colcon.colcon_core.environment:checking '/home/osinachi/foxy_ws/install/my_package' for CMake config files
[11.760s] Level 1:colcon.colcon_core.environment:checking '/home/osinachi/foxy_ws/install/my_package/lib'
[11.760s] Level 1:colcon.colcon_core.environment:checking '/home/osinachi/foxy_ws/install/my_package/bin'
[11.760s] Level 1:colcon.colcon_core.environment:checking '/home/osinachi/foxy_ws/install/my_package/lib/pkgconfig/my_package.pc'
[11.760s] Level 1:colcon.colcon_core.environment:checking '/home/osinachi/foxy_ws/install/my_package/lib/python3.8/site-packages'
[11.761s] Level 1:colcon.colcon_core.shell:create_environment_hook('my_package', 'pythonpath')
[11.827s] INFO:colcon.colcon_core.shell:Creating environment hook '/home/osinachi/foxy_ws/install/my_package/share/my_package/hook/pythonpath.ps1'
[11.828s] INFO:colcon.colcon_core.shell:Creating environment descriptor '/home/osinachi/foxy_ws/install/my_package/share/my_package/hook/pythonpath.dsv'
[11.829s] INFO:colcon.colcon_core.shell:Creating environment hook '/home/osinachi/foxy_ws/install/my_package/share/my_package/hook/pythonpath.sh'
[11.832s] Level 1:colcon.colcon_core.environment:checking '/home/osinachi/foxy_ws/install/my_package/bin'
[11.832s] Level 1:colcon.colcon_core.environment:create_environment_scripts_only(my_package)
[11.903s] INFO:colcon.colcon_core.shell:Creating package script '/home/osinachi/foxy_ws/install/my_package/share/my_package/package.ps1'
[11.904s] INFO:colcon.colcon_core.shell:Creating package descriptor '/home/osinachi/foxy_ws/install/my_package/share/my_package/package.dsv'
[11.905s] INFO:colcon.colcon_core.shell:Creating package script '/home/osinachi/foxy_ws/install/my_package/share/my_package/package.sh'
[11.906s] INFO:colcon.colcon_core.shell:Creating package script '/home/osinachi/foxy_ws/install/my_package/share/my_package/package.bash'
[11.907s] INFO:colcon.colcon_core.shell:Creating package script '/home/osinachi/foxy_ws/install/my_package/share/my_package/package.zsh'
[11.908s] Level 1:colcon.colcon_core.environment:create_file_with_runtime_dependencies(/home/osinachi/foxy_ws/install/my_package/share/colcon-core/packages/my_package)
[12.728s] DEBUG:colcon.colcon_core.event_handler.log_command:Invoking command in '/home/osinachi/foxy_ws/build/wheelmasters': CONDA_PROMPT_MODIFIER=(base) PYTHONPATH=/home/osinachi/foxy_ws/build/wheelmasters/prefix_override:/home/osinachi/foxy_ws/install/wheelmasters/lib/python3.8/site-packages:${PYTHONPATH} /usr/bin/python3 setup.py develop --editable --build-directory /home/osinachi/foxy_ws/build/wheelmasters/build --no-deps install_data
[13.669s] Level 1:colcon.colcon_core.shell:create_environment_hook('wheelmasters', 'pythonpath_develop')
[13.669s] DEBUG:colcon.colcon_core.event_handler.log_command:Invoked command in '/home/osinachi/foxy_ws/build/wheelmasters' returned '0': CONDA_PROMPT_MODIFIER=(base) PYTHONPATH=/home/osinachi/foxy_ws/build/wheelmasters/prefix_override:/home/osinachi/foxy_ws/install/wheelmasters/lib/python3.8/site-packages:${PYTHONPATH} /usr/bin/python3 setup.py develop --editable --build-directory /home/osinachi/foxy_ws/build/wheelmasters/build --no-deps install_data
[13.735s] INFO:colcon.colcon_core.shell:Creating environment hook '/home/osinachi/foxy_ws/build/wheelmasters/share/wheelmasters/hook/pythonpath_develop.ps1'
[13.737s] INFO:colcon.colcon_core.shell:Creating environment descriptor '/home/osinachi/foxy_ws/build/wheelmasters/share/wheelmasters/hook/pythonpath_develop.dsv'
[13.738s] INFO:colcon.colcon_core.shell:Creating environment hook '/home/osinachi/foxy_ws/build/wheelmasters/share/wheelmasters/hook/pythonpath_develop.sh'
[13.812s] Level 1:colcon.colcon_core.environment:checking '/home/osinachi/foxy_ws/install/wheelmasters' for CMake module files
[13.815s] Level 1:colcon.colcon_core.environment:checking '/home/osinachi/foxy_ws/install/wheelmasters' for CMake config files
[13.818s] Level 1:colcon.colcon_core.environment:checking '/home/osinachi/foxy_ws/install/wheelmasters/lib'
[13.820s] Level 1:colcon.colcon_core.environment:checking '/home/osinachi/foxy_ws/install/wheelmasters/bin'
[13.820s] Level 1:colcon.colcon_core.environment:checking '/home/osinachi/foxy_ws/install/wheelmasters/lib/pkgconfig/wheelmasters.pc'
[13.821s] Level 1:colcon.colcon_core.environment:checking '/home/osinachi/foxy_ws/install/wheelmasters/lib/python3.8/site-packages'
[13.821s] Level 1:colcon.colcon_core.shell:create_environment_hook('wheelmasters', 'pythonpath')
[13.891s] INFO:colcon.colcon_core.shell:Creating environment hook '/home/osinachi/foxy_ws/install/wheelmasters/share/wheelmasters/hook/pythonpath.ps1'
[13.892s] INFO:colcon.colcon_core.shell:Creating environment descriptor '/home/osinachi/foxy_ws/install/wheelmasters/share/wheelmasters/hook/pythonpath.dsv'
[13.893s] INFO:colcon.colcon_core.shell:Creating environment hook '/home/osinachi/foxy_ws/install/wheelmasters/share/wheelmasters/hook/pythonpath.sh'
[13.895s] Level 1:colcon.colcon_core.environment:checking '/home/osinachi/foxy_ws/install/wheelmasters/bin'
[13.896s] Level 1:colcon.colcon_core.environment:create_environment_scripts_only(wheelmasters)
[13.956s] INFO:colcon.colcon_core.shell:Creating package script '/home/osinachi/foxy_ws/install/wheelmasters/share/wheelmasters/package.ps1'
[13.960s] INFO:colcon.colcon_core.shell:Creating package descriptor '/home/osinachi/foxy_ws/install/wheelmasters/share/wheelmasters/package.dsv'
[13.961s] INFO:colcon.colcon_core.shell:Creating package script '/home/osinachi/foxy_ws/install/wheelmasters/share/wheelmasters/package.sh'
[13.962s] INFO:colcon.colcon_core.shell:Creating package script '/home/osinachi/foxy_ws/install/wheelmasters/share/wheelmasters/package.bash'
[13.963s] INFO:colcon.colcon_core.shell:Creating package script '/home/osinachi/foxy_ws/install/wheelmasters/share/wheelmasters/package.zsh'
[13.964s] Level 1:colcon.colcon_core.environment:create_file_with_runtime_dependencies(/home/osinachi/foxy_ws/install/wheelmasters/share/colcon-core/packages/wheelmasters)
[13.965s] DEBUG:colcon.colcon_parallel_executor.executor.parallel:closing loop
[13.966s] DEBUG:colcon.colcon_parallel_executor.executor.parallel:loop closed
[13.967s] DEBUG:colcon.colcon_parallel_executor.executor.parallel:run_until_complete finished with '0'
[13.968s] DEBUG:colcon.colcon_core.event_reactor:joining thread
[14.112s] INFO:colcon.colcon_core.plugin_system:Skipping extension 'colcon_notification.desktop_notification.notify_send': Could not find 'notify-send'
[14.113s] INFO:colcon.colcon_core.plugin_system:Skipping extension 'colcon_notification.desktop_notification.terminal_notifier': Not used on non-Darwin systems
[14.113s] INFO:colcon.colcon_core.plugin_system:Skipping extension 'colcon_notification.desktop_notification.win32': Not used on non-Windows systems
[14.113s] INFO:colcon.colcon_notification.desktop_notification:Sending desktop notification using 'notify2'
[14.115s] DEBUG:colcon.colcon_notification.desktop_notification.notify2:Failed to initialize notify2: org.freedesktop.DBus.Error.ServiceUnknown: The name org.freedesktop.Notifications was not provided by any .service files
[14.115s] DEBUG:colcon.colcon_core.event_reactor:joined thread
[14.198s] INFO:colcon.colcon_core.shell:Creating prefix script '/home/osinachi/foxy_ws/install/local_setup.ps1'
[14.199s] INFO:colcon.colcon_core.shell:Creating prefix util module '/home/osinachi/foxy_ws/install/_local_setup_util_ps1.py'
[14.201s] INFO:colcon.colcon_core.shell:Creating prefix chain script '/home/osinachi/foxy_ws/install/setup.ps1'
[14.268s] INFO:colcon.colcon_core.shell:Creating prefix script '/home/osinachi/foxy_ws/install/local_setup.sh'
[14.269s] INFO:colcon.colcon_core.shell:Creating prefix util module '/home/osinachi/foxy_ws/install/_local_setup_util_sh.py'
[14.270s] INFO:colcon.colcon_core.shell:Creating prefix chain script '/home/osinachi/foxy_ws/install/setup.sh'
[14.382s] INFO:colcon.colcon_core.shell:Creating prefix script '/home/osinachi/foxy_ws/install/local_setup.bash'
[14.384s] INFO:colcon.colcon_core.shell:Creating prefix chain script '/home/osinachi/foxy_ws/install/setup.bash'
[14.481s] INFO:colcon.colcon_core.shell:Creating prefix script '/home/osinachi/foxy_ws/install/local_setup.zsh'
[14.484s] INFO:colcon.colcon_core.shell:Creating prefix chain script '/home/osinachi/foxy_ws/install/setup.zsh'
