[3.949s] Invoking command in '/home/osinachi/foxy_ws/build/wheelmasters': CONDA_PROMPT_MODIFIER=(base) PYTHONPATH=/home/osinachi/foxy_ws/build/wheelmasters/prefix_override:/home/osinachi/foxy_ws/install/wheelmasters/lib/python3.8/site-packages:${PYTHONPATH} /usr/bin/python3 setup.py develop --editable --build-directory /home/osinachi/foxy_ws/build/wheelmasters/build --no-deps install_data
[4.684s] running develop
[5.129s] running egg_info
[5.130s] creating wheelmasters.egg-info
[5.132s] writing wheelmasters.egg-info/PKG-INFO
[5.132s] writing dependency_links to wheelmasters.egg-info/dependency_links.txt
[5.134s] writing entry points to wheelmasters.egg-info/entry_points.txt
[5.135s] writing requirements to wheelmasters.egg-info/requires.txt
[5.136s] writing top-level names to wheelmasters.egg-info/top_level.txt
[5.142s] writing manifest file 'wheelmasters.egg-info/SOURCES.txt'
[5.228s] reading manifest file 'wheelmasters.egg-info/SOURCES.txt'
[5.231s] writing manifest file 'wheelmasters.egg-info/SOURCES.txt'
[5.336s] running build_ext
[5.338s] Creating /home/osinachi/foxy_ws/install/wheelmasters/lib/python3.8/site-packages/site.py
[5.344s] Creating /home/osinachi/foxy_ws/install/wheelmasters/lib/python3.8/site-packages/wheelmasters.egg-link (link to .)
[5.346s] 
[5.347s] Installed /home/osinachi/foxy_ws/build/wheelmasters
[5.347s] running install_data
[5.348s] creating /home/osinachi/foxy_ws/install/wheelmasters/share/ament_index
[5.348s] creating /home/osinachi/foxy_ws/install/wheelmasters/share/ament_index/resource_index
[5.349s] creating /home/osinachi/foxy_ws/install/wheelmasters/share/ament_index/resource_index/packages
[5.349s] copying resource/wheelmasters -> /home/osinachi/foxy_ws/install/wheelmasters/share/ament_index/resource_index/packages
[5.350s] copying package.xml -> /home/osinachi/foxy_ws/install/wheelmasters/share/wheelmasters
[5.413s] Invoked command in '/home/osinachi/foxy_ws/build/wheelmasters' returned '0': CONDA_PROMPT_MODIFIER=(base) PYTHONPATH=/home/osinachi/foxy_ws/build/wheelmasters/prefix_override:/home/osinachi/foxy_ws/install/wheelmasters/lib/python3.8/site-packages:${PYTHONPATH} /usr/bin/python3 setup.py develop --editable --build-directory /home/osinachi/foxy_ws/build/wheelmasters/build --no-deps install_data
