[3.782s] DEBUG:colcon:Command line arguments: ['/usr/bin/colcon', 'build', '--symlink-install']
[3.782s] DEBUG:colcon:Parsed command line arguments: Namespace(allow_overriding=[], ament_cmake_args=None, base_paths=['.'], build_base='build', catkin_cmake_args=None, catkin_skip_building_tests=False, cmake_args=None, cmake_clean_cache=False, cmake_clean_first=False, cmake_force_configure=False, cmake_target=None, cmake_target_skip_unavailable=False, continue_on_error=False, event_handlers=None, executor='parallel', ignore_user_meta=False, install_base='install', log_base=None, log_level=None, main=<bound method BuildVerb.main of <colcon_core.verb.build.BuildVerb object at 0x7f6add45adf0>>, merge_install=False, metas=['./colcon.meta'], packages_above=None, packages_above_and_dependencies=None, packages_above_depth=None, packages_end=None, packages_ignore=None, packages_ignore_regex=None, packages_select=None, packages_select_build_failed=False, packages_select_by_dep=None, packages_select_regex=None, packages_select_test_failures=False, packages_skip=None, packages_skip_build_finished=False, packages_skip_by_dep=None, packages_skip_regex=None, packages_skip_test_passed=False, packages_skip_up_to=None, packages_start=None, packages_up_to=None, packages_up_to_regex=None, parallel_workers=4, paths=None, symlink_install=True, test_result_base=None, verb_extension=<colcon_core.verb.build.BuildVerb object at 0x7f6add45adf0>, verb_name='build', verb_parser=<colcon_defaults.argument_parser.defaults.DefaultArgumentsDecorator object at 0x7f6add3dc160>)
[3.965s] Level 1:colcon.colcon_core.package_discovery:discover_packages(colcon_meta) check parameters
[3.965s] Level 1:colcon.colcon_core.package_discovery:discover_packages(recursive) check parameters
[3.965s] Level 1:colcon.colcon_core.package_discovery:discover_packages(ignore) check parameters
[3.966s] Level 1:colcon.colcon_core.package_discovery:discover_packages(path) check parameters
[3.966s] Level 1:colcon.colcon_core.package_discovery:discover_packages(colcon_meta) discover
[3.966s] Level 1:colcon.colcon_core.package_discovery:discover_packages(recursive) discover
[3.966s] INFO:colcon.colcon_core.package_discovery:Crawling recursively for packages in '/home/osinachi/foxy_ws/src'
[3.967s] Level 1:colcon.colcon_core.package_identification:_identify(.) by extensions ['ignore', 'ignore_ament_install']
[3.967s] Level 1:colcon.colcon_core.package_identification:_identify(.) by extension 'ignore'
[3.967s] Level 1:colcon.colcon_core.package_identification:_identify(.) by extension 'ignore_ament_install'
[3.968s] Level 1:colcon.colcon_core.package_identification:_identify(.) by extensions ['colcon_pkg']
[3.968s] Level 1:colcon.colcon_core.package_identification:_identify(.) by extension 'colcon_pkg'
[3.968s] Level 1:colcon.colcon_core.package_identification:_identify(.) by extensions ['colcon_meta']
[3.968s] Level 1:colcon.colcon_core.package_identification:_identify(.) by extension 'colcon_meta'
[3.968s] Level 1:colcon.colcon_core.package_identification:_identify(.) by extensions ['ros']
[3.968s] Level 1:colcon.colcon_core.package_identification:_identify(.) by extension 'ros'
[3.988s] Level 1:colcon.colcon_core.package_identification:_identify(.) by extensions ['cmake', 'python']
[3.988s] Level 1:colcon.colcon_core.package_identification:_identify(.) by extension 'cmake'
[3.988s] Level 1:colcon.colcon_core.package_identification:_identify(.) by extension 'python'
[3.989s] Level 1:colcon.colcon_core.package_identification:_identify(.) by extensions ['python_setup_py']
[3.989s] Level 1:colcon.colcon_core.package_identification:_identify(.) by extension 'python_setup_py'
[3.989s] Level 1:colcon.colcon_core.package_identification:_identify(build) by extensions ['ignore', 'ignore_ament_install']
[3.989s] Level 1:colcon.colcon_core.package_identification:_identify(build) by extension 'ignore'
[3.989s] Level 1:colcon.colcon_core.package_identification:_identify(build) ignored
[3.990s] Level 1:colcon.colcon_core.package_identification:_identify(install) by extensions ['ignore', 'ignore_ament_install']
[3.990s] Level 1:colcon.colcon_core.package_identification:_identify(install) by extension 'ignore'
[3.990s] Level 1:colcon.colcon_core.package_identification:_identify(install) ignored
[3.990s] Level 1:colcon.colcon_core.package_identification:_identify(log) by extensions ['ignore', 'ignore_ament_install']
[3.991s] Level 1:colcon.colcon_core.package_identification:_identify(log) by extension 'ignore'
[3.991s] Level 1:colcon.colcon_core.package_identification:_identify(log) ignored
[3.991s] Level 1:colcon.colcon_core.package_identification:_identify(motor) by extensions ['ignore', 'ignore_ament_install']
[3.991s] Level 1:colcon.colcon_core.package_identification:_identify(motor) by extension 'ignore'
[3.991s] Level 1:colcon.colcon_core.package_identification:_identify(motor) by extension 'ignore_ament_install'
[3.992s] Level 1:colcon.colcon_core.package_identification:_identify(motor) by extensions ['colcon_pkg']
[3.992s] Level 1:colcon.colcon_core.package_identification:_identify(motor) by extension 'colcon_pkg'
[3.992s] Level 1:colcon.colcon_core.package_identification:_identify(motor) by extensions ['colcon_meta']
[3.992s] Level 1:colcon.colcon_core.package_identification:_identify(motor) by extension 'colcon_meta'
[3.992s] Level 1:colcon.colcon_core.package_identification:_identify(motor) by extensions ['ros']
[3.992s] Level 1:colcon.colcon_core.package_identification:_identify(motor) by extension 'ros'
[3.996s] DEBUG:colcon.colcon_core.package_identification:Package 'motor' with type 'ros.ament_cmake' and name 'motor'
[3.997s] Level 1:colcon.colcon_core.package_identification:_identify(my_package) by extensions ['ignore', 'ignore_ament_install']
[3.997s] Level 1:colcon.colcon_core.package_identification:_identify(my_package) by extension 'ignore'
[3.997s] Level 1:colcon.colcon_core.package_identification:_identify(my_package) by extension 'ignore_ament_install'
[3.997s] Level 1:colcon.colcon_core.package_identification:_identify(my_package) by extensions ['colcon_pkg']
[3.997s] Level 1:colcon.colcon_core.package_identification:_identify(my_package) by extension 'colcon_pkg'
[3.997s] Level 1:colcon.colcon_core.package_identification:_identify(my_package) by extensions ['colcon_meta']
[3.998s] Level 1:colcon.colcon_core.package_identification:_identify(my_package) by extension 'colcon_meta'
[3.998s] Level 1:colcon.colcon_core.package_identification:_identify(my_package) by extensions ['ros']
[3.998s] Level 1:colcon.colcon_core.package_identification:_identify(my_package) by extension 'ros'
[3.999s] DEBUG:colcon.colcon_core.package_identification:Package 'my_package' with type 'ros.ament_python' and name 'my_package'
[3.999s] Level 1:colcon.colcon_core.package_identification:_identify(test_urdf) by extensions ['ignore', 'ignore_ament_install']
[3.999s] Level 1:colcon.colcon_core.package_identification:_identify(test_urdf) by extension 'ignore'
[3.999s] Level 1:colcon.colcon_core.package_identification:_identify(test_urdf) by extension 'ignore_ament_install'
[4.000s] Level 1:colcon.colcon_core.package_identification:_identify(test_urdf) by extensions ['colcon_pkg']
[4.000s] Level 1:colcon.colcon_core.package_identification:_identify(test_urdf) by extension 'colcon_pkg'
[4.000s] Level 1:colcon.colcon_core.package_identification:_identify(test_urdf) by extensions ['colcon_meta']
[4.000s] Level 1:colcon.colcon_core.package_identification:_identify(test_urdf) by extension 'colcon_meta'
[4.000s] Level 1:colcon.colcon_core.package_identification:_identify(test_urdf) by extensions ['ros']
[4.000s] Level 1:colcon.colcon_core.package_identification:_identify(test_urdf) by extension 'ros'
[4.001s] DEBUG:colcon.colcon_core.package_identification:Package 'test_urdf' with type 'ros.ament_cmake' and name 'test_urdf'
[4.002s] Level 1:colcon.colcon_core.package_identification:_identify(wheelmasters) by extensions ['ignore', 'ignore_ament_install']
[4.002s] Level 1:colcon.colcon_core.package_identification:_identify(wheelmasters) by extension 'ignore'
[4.002s] Level 1:colcon.colcon_core.package_identification:_identify(wheelmasters) by extension 'ignore_ament_install'
[4.002s] Level 1:colcon.colcon_core.package_identification:_identify(wheelmasters) by extensions ['colcon_pkg']
[4.002s] Level 1:colcon.colcon_core.package_identification:_identify(wheelmasters) by extension 'colcon_pkg'
[4.002s] Level 1:colcon.colcon_core.package_identification:_identify(wheelmasters) by extensions ['colcon_meta']
[4.003s] Level 1:colcon.colcon_core.package_identification:_identify(wheelmasters) by extension 'colcon_meta'
[4.003s] Level 1:colcon.colcon_core.package_identification:_identify(wheelmasters) by extensions ['ros']
[4.003s] Level 1:colcon.colcon_core.package_identification:_identify(wheelmasters) by extension 'ros'
[4.004s] DEBUG:colcon.colcon_core.package_identification:Package 'wheelmasters' with type 'ros.ament_python' and name 'wheelmasters'
[4.004s] Level 1:colcon.colcon_core.package_discovery:discover_packages(recursive) using defaults
[4.004s] Level 1:colcon.colcon_core.package_discovery:discover_packages(ignore) discover
[4.004s] Level 1:colcon.colcon_core.package_discovery:discover_packages(ignore) using defaults
[4.004s] Level 1:colcon.colcon_core.package_discovery:discover_packages(path) discover
[4.004s] Level 1:colcon.colcon_core.package_discovery:discover_packages(path) using defaults
[4.338s] Level 1:colcon.colcon_core.package_discovery:discover_packages(prefix_path) check parameters
[4.338s] Level 1:colcon.colcon_core.package_discovery:discover_packages(prefix_path) discover
[4.569s] DEBUG:colcon.colcon_installed_package_information.package_discovery:Found 5 installed packages in /home/osinachi/foxy_ws/install
[4.809s] DEBUG:colcon.colcon_installed_package_information.package_discovery:Found 265 installed packages in /opt/ros/foxy
[4.813s] Level 1:colcon.colcon_core.package_discovery:discover_packages(prefix_path) using defaults
[5.243s] Level 5:colcon.colcon_core.verb:set package 'motor' build argument 'cmake_args' from command line to 'None'
[5.243s] Level 5:colcon.colcon_core.verb:set package 'motor' build argument 'cmake_target' from command line to 'None'
[5.243s] Level 5:colcon.colcon_core.verb:set package 'motor' build argument 'cmake_target_skip_unavailable' from command line to 'False'
[5.244s] Level 5:colcon.colcon_core.verb:set package 'motor' build argument 'cmake_clean_cache' from command line to 'False'
[5.244s] Level 5:colcon.colcon_core.verb:set package 'motor' build argument 'cmake_clean_first' from command line to 'False'
[5.244s] Level 5:colcon.colcon_core.verb:set package 'motor' build argument 'cmake_force_configure' from command line to 'False'
[5.245s] Level 5:colcon.colcon_core.verb:set package 'motor' build argument 'ament_cmake_args' from command line to 'None'
[5.245s] Level 5:colcon.colcon_core.verb:set package 'motor' build argument 'catkin_cmake_args' from command line to 'None'
[5.245s] Level 5:colcon.colcon_core.verb:set package 'motor' build argument 'catkin_skip_building_tests' from command line to 'False'
[5.245s] DEBUG:colcon.colcon_core.verb:Building package 'motor' with the following arguments: {'ament_cmake_args': None, 'build_base': '/home/osinachi/foxy_ws/src/build/motor', 'catkin_cmake_args': None, 'catkin_skip_building_tests': False, 'cmake_args': None, 'cmake_clean_cache': False, 'cmake_clean_first': False, 'cmake_force_configure': False, 'cmake_target': None, 'cmake_target_skip_unavailable': False, 'install_base': '/home/osinachi/foxy_ws/src/install/motor', 'merge_install': False, 'path': '/home/osinachi/foxy_ws/src/motor', 'symlink_install': True, 'test_result_base': None}
[5.360s] Level 5:colcon.colcon_core.verb:set package 'my_package' build argument 'cmake_args' from command line to 'None'
[5.360s] Level 5:colcon.colcon_core.verb:set package 'my_package' build argument 'cmake_target' from command line to 'None'
[5.360s] Level 5:colcon.colcon_core.verb:set package 'my_package' build argument 'cmake_target_skip_unavailable' from command line to 'False'
[5.361s] Level 5:colcon.colcon_core.verb:set package 'my_package' build argument 'cmake_clean_cache' from command line to 'False'
[5.361s] Level 5:colcon.colcon_core.verb:set package 'my_package' build argument 'cmake_clean_first' from command line to 'False'
[5.361s] Level 5:colcon.colcon_core.verb:set package 'my_package' build argument 'cmake_force_configure' from command line to 'False'
[5.361s] Level 5:colcon.colcon_core.verb:set package 'my_package' build argument 'ament_cmake_args' from command line to 'None'
[5.361s] Level 5:colcon.colcon_core.verb:set package 'my_package' build argument 'catkin_cmake_args' from command line to 'None'
[5.361s] Level 5:colcon.colcon_core.verb:set package 'my_package' build argument 'catkin_skip_building_tests' from command line to 'False'
[5.361s] DEBUG:colcon.colcon_core.verb:Building package 'my_package' with the following arguments: {'ament_cmake_args': None, 'build_base': '/home/osinachi/foxy_ws/src/build/my_package', 'catkin_cmake_args': None, 'catkin_skip_building_tests': False, 'cmake_args': None, 'cmake_clean_cache': False, 'cmake_clean_first': False, 'cmake_force_configure': False, 'cmake_target': None, 'cmake_target_skip_unavailable': False, 'install_base': '/home/osinachi/foxy_ws/src/install/my_package', 'merge_install': False, 'path': '/home/osinachi/foxy_ws/src/my_package', 'symlink_install': True, 'test_result_base': None}
[5.429s] Level 5:colcon.colcon_core.verb:set package 'test_urdf' build argument 'cmake_args' from command line to 'None'
[5.430s] Level 5:colcon.colcon_core.verb:set package 'test_urdf' build argument 'cmake_target' from command line to 'None'
[5.430s] Level 5:colcon.colcon_core.verb:set package 'test_urdf' build argument 'cmake_target_skip_unavailable' from command line to 'False'
[5.430s] Level 5:colcon.colcon_core.verb:set package 'test_urdf' build argument 'cmake_clean_cache' from command line to 'False'
[5.430s] Level 5:colcon.colcon_core.verb:set package 'test_urdf' build argument 'cmake_clean_first' from command line to 'False'
[5.430s] Level 5:colcon.colcon_core.verb:set package 'test_urdf' build argument 'cmake_force_configure' from command line to 'False'
[5.430s] Level 5:colcon.colcon_core.verb:set package 'test_urdf' build argument 'ament_cmake_args' from command line to 'None'
[5.430s] Level 5:colcon.colcon_core.verb:set package 'test_urdf' build argument 'catkin_cmake_args' from command line to 'None'
[5.430s] Level 5:colcon.colcon_core.verb:set package 'test_urdf' build argument 'catkin_skip_building_tests' from command line to 'False'
[5.431s] DEBUG:colcon.colcon_core.verb:Building package 'test_urdf' with the following arguments: {'ament_cmake_args': None, 'build_base': '/home/osinachi/foxy_ws/src/build/test_urdf', 'catkin_cmake_args': None, 'catkin_skip_building_tests': False, 'cmake_args': None, 'cmake_clean_cache': False, 'cmake_clean_first': False, 'cmake_force_configure': False, 'cmake_target': None, 'cmake_target_skip_unavailable': False, 'install_base': '/home/osinachi/foxy_ws/src/install/test_urdf', 'merge_install': False, 'path': '/home/osinachi/foxy_ws/src/test_urdf', 'symlink_install': True, 'test_result_base': None}
[5.495s] Level 5:colcon.colcon_core.verb:set package 'wheelmasters' build argument 'cmake_args' from command line to 'None'
[5.495s] Level 5:colcon.colcon_core.verb:set package 'wheelmasters' build argument 'cmake_target' from command line to 'None'
[5.495s] Level 5:colcon.colcon_core.verb:set package 'wheelmasters' build argument 'cmake_target_skip_unavailable' from command line to 'False'
[5.495s] Level 5:colcon.colcon_core.verb:set package 'wheelmasters' build argument 'cmake_clean_cache' from command line to 'False'
[5.495s] Level 5:colcon.colcon_core.verb:set package 'wheelmasters' build argument 'cmake_clean_first' from command line to 'False'
[5.495s] Level 5:colcon.colcon_core.verb:set package 'wheelmasters' build argument 'cmake_force_configure' from command line to 'False'
[5.496s] Level 5:colcon.colcon_core.verb:set package 'wheelmasters' build argument 'ament_cmake_args' from command line to 'None'
[5.496s] Level 5:colcon.colcon_core.verb:set package 'wheelmasters' build argument 'catkin_cmake_args' from command line to 'None'
[5.496s] Level 5:colcon.colcon_core.verb:set package 'wheelmasters' build argument 'catkin_skip_building_tests' from command line to 'False'
[5.496s] DEBUG:colcon.colcon_core.verb:Building package 'wheelmasters' with the following arguments: {'ament_cmake_args': None, 'build_base': '/home/osinachi/foxy_ws/src/build/wheelmasters', 'catkin_cmake_args': None, 'catkin_skip_building_tests': False, 'cmake_args': None, 'cmake_clean_cache': False, 'cmake_clean_first': False, 'cmake_force_configure': False, 'cmake_target': None, 'cmake_target_skip_unavailable': False, 'install_base': '/home/osinachi/foxy_ws/src/install/wheelmasters', 'merge_install': False, 'path': '/home/osinachi/foxy_ws/src/wheelmasters', 'symlink_install': True, 'test_result_base': None}
[5.559s] INFO:colcon.colcon_core.executor:Executing jobs using 'parallel' executor
[5.640s] DEBUG:colcon.colcon_parallel_executor.executor.parallel:run_until_complete
[5.643s] INFO:colcon.colcon_ros.task.ament_cmake.build:Building ROS package in '/home/osinachi/foxy_ws/src/motor' with build type 'ament_cmake'
[5.645s] INFO:colcon.colcon_cmake.task.cmake.build:Building CMake package in '/home/osinachi/foxy_ws/src/motor'
[5.834s] INFO:colcon.colcon_core.plugin_system:Skipping extension 'colcon_core.shell.bat': Not used on non-Windows systems
[5.835s] INFO:colcon.colcon_core.shell:Skip shell extension 'powershell' for command environment: Not usable outside of PowerShell
[5.835s] DEBUG:colcon.colcon_core.shell:Skip shell extension 'dsv' for command environment
[6.441s] INFO:colcon.colcon_ros.task.ament_python.build:Building ROS package in '/home/osinachi/foxy_ws/src/my_package' with build type 'ament_python'
[6.443s] Level 1:colcon.colcon_core.shell:create_environment_hook('my_package', 'ament_prefix_path')
[6.566s] INFO:colcon.colcon_core.shell:Creating environment hook '/home/osinachi/foxy_ws/src/install/my_package/share/my_package/hook/ament_prefix_path.ps1'
[6.568s] INFO:colcon.colcon_core.shell:Creating environment descriptor '/home/osinachi/foxy_ws/src/install/my_package/share/my_package/hook/ament_prefix_path.dsv'
[6.570s] INFO:colcon.colcon_core.shell:Creating environment hook '/home/osinachi/foxy_ws/src/install/my_package/share/my_package/hook/ament_prefix_path.sh'
[6.658s] INFO:colcon.colcon_core.shell:Skip shell extension 'powershell' for command environment: Not usable outside of PowerShell
[6.658s] DEBUG:colcon.colcon_core.shell:Skip shell extension 'dsv' for command environment
[6.924s] INFO:colcon.colcon_ros.task.ament_cmake.build:Building ROS package in '/home/osinachi/foxy_ws/src/test_urdf' with build type 'ament_cmake'
[6.925s] INFO:colcon.colcon_cmake.task.cmake.build:Building CMake package in '/home/osinachi/foxy_ws/src/test_urdf'
[7.040s] INFO:colcon.colcon_core.shell:Skip shell extension 'powershell' for command environment: Not usable outside of PowerShell
[7.040s] DEBUG:colcon.colcon_core.shell:Skip shell extension 'dsv' for command environment
[7.292s] INFO:colcon.colcon_ros.task.ament_python.build:Building ROS package in '/home/osinachi/foxy_ws/src/wheelmasters' with build type 'ament_python'
[7.294s] Level 1:colcon.colcon_core.shell:create_environment_hook('wheelmasters', 'ament_prefix_path')
[7.372s] INFO:colcon.colcon_core.shell:Creating environment hook '/home/osinachi/foxy_ws/src/install/wheelmasters/share/wheelmasters/hook/ament_prefix_path.ps1'
[7.375s] INFO:colcon.colcon_core.shell:Creating environment descriptor '/home/osinachi/foxy_ws/src/install/wheelmasters/share/wheelmasters/hook/ament_prefix_path.dsv'
[7.376s] INFO:colcon.colcon_core.shell:Creating environment hook '/home/osinachi/foxy_ws/src/install/wheelmasters/share/wheelmasters/hook/ament_prefix_path.sh'
[7.472s] INFO:colcon.colcon_core.shell:Skip shell extension 'powershell' for command environment: Not usable outside of PowerShell
[7.472s] DEBUG:colcon.colcon_core.shell:Skip shell extension 'dsv' for command environment
[7.763s] DEBUG:colcon.colcon_core.event_handler.log_command:Invoking command in '/home/osinachi/foxy_ws/src/build/motor': CMAKE_PREFIX_PATH=${CMAKE_PREFIX_PATH}:/home/osinachi/foxy_ws/install/wheelmasters:/home/osinachi/foxy_ws/install/my_package:/opt/ros/foxy CONDA_PROMPT_MODIFIER=(base) /usr/bin/cmake /home/osinachi/foxy_ws/src/motor -DAMENT_CMAKE_SYMLINK_INSTALL=1 -DCMAKE_INSTALL_PREFIX=/home/osinachi/foxy_ws/src/install/motor
[8.547s] INFO:colcon.colcon_core.task.python.build:Building Python package in '/home/osinachi/foxy_ws/src/my_package'
[8.692s] INFO:colcon.colcon_core.shell:Skip shell extension 'powershell' for command environment: Not usable outside of PowerShell
[8.692s] DEBUG:colcon.colcon_core.shell:Skip shell extension 'dsv' for command environment
[9.124s] DEBUG:colcon.colcon_core.event_handler.log_command:Invoking command in '/home/osinachi/foxy_ws/src/build/test_urdf': CMAKE_PREFIX_PATH=${CMAKE_PREFIX_PATH}:/home/osinachi/foxy_ws/install/wheelmasters:/home/osinachi/foxy_ws/install/my_package:/opt/ros/foxy CONDA_PROMPT_MODIFIER=(base) /usr/bin/cmake /home/osinachi/foxy_ws/src/test_urdf -DAMENT_CMAKE_SYMLINK_INSTALL=1 -DCMAKE_INSTALL_PREFIX=/home/osinachi/foxy_ws/src/install/test_urdf
[9.995s] INFO:colcon.colcon_core.task.python.build:Building Python package in '/home/osinachi/foxy_ws/src/wheelmasters'
[10.174s] INFO:colcon.colcon_core.shell:Skip shell extension 'powershell' for command environment: Not usable outside of PowerShell
[10.175s] DEBUG:colcon.colcon_core.shell:Skip shell extension 'dsv' for command environment
[11.589s] DEBUG:colcon.colcon_core.event_handler.log_command:Invoked command in '/home/osinachi/foxy_ws/src/build/motor' returned '1': CMAKE_PREFIX_PATH=${CMAKE_PREFIX_PATH}:/home/osinachi/foxy_ws/install/wheelmasters:/home/osinachi/foxy_ws/install/my_package:/opt/ros/foxy CONDA_PROMPT_MODIFIER=(base) /usr/bin/cmake /home/osinachi/foxy_ws/src/motor -DAMENT_CMAKE_SYMLINK_INSTALL=1 -DCMAKE_INSTALL_PREFIX=/home/osinachi/foxy_ws/src/install/motor
[11.640s] Level 1:colcon.colcon_core.environment:create_environment_scripts_only(motor)
[11.877s] Level 1:colcon.colcon_core.environment:checking '/home/osinachi/foxy_ws/src/install/motor' for CMake module files
[11.879s] Level 1:colcon.colcon_core.environment:checking '/home/osinachi/foxy_ws/src/install/motor' for CMake config files
[11.882s] Level 1:colcon.colcon_core.environment:checking '/home/osinachi/foxy_ws/src/install/motor/bin'
[11.884s] Level 1:colcon.colcon_core.environment:checking '/home/osinachi/foxy_ws/src/install/motor/lib/pkgconfig/motor.pc'
[11.887s] Level 1:colcon.colcon_core.environment:checking '/home/osinachi/foxy_ws/src/install/motor/lib/python3.8/site-packages'
[11.888s] Level 1:colcon.colcon_core.environment:checking '/home/osinachi/foxy_ws/src/install/motor/bin'
[12.070s] INFO:colcon.colcon_core.shell:Creating package script '/home/osinachi/foxy_ws/src/install/motor/share/motor/package.ps1'
[12.073s] INFO:colcon.colcon_core.shell:Creating package descriptor '/home/osinachi/foxy_ws/src/install/motor/share/motor/package.dsv'
[12.075s] INFO:colcon.colcon_core.shell:Creating package script '/home/osinachi/foxy_ws/src/install/motor/share/motor/package.sh'
[12.077s] INFO:colcon.colcon_core.shell:Creating package script '/home/osinachi/foxy_ws/src/install/motor/share/motor/package.bash'
[12.080s] INFO:colcon.colcon_core.shell:Creating package script '/home/osinachi/foxy_ws/src/install/motor/share/motor/package.zsh'
[12.098s] Level 1:colcon.colcon_core.environment:create_file_with_runtime_dependencies(/home/osinachi/foxy_ws/src/install/motor/share/colcon-core/packages/motor)
[14.140s] DEBUG:colcon.colcon_parallel_executor.executor.parallel:closing loop
[14.141s] DEBUG:colcon.colcon_parallel_executor.executor.parallel:loop closed
[14.141s] DEBUG:colcon.colcon_parallel_executor.executor.parallel:run_until_complete finished with '1'
[14.141s] DEBUG:colcon.colcon_core.event_reactor:joining thread
[14.415s] INFO:colcon.colcon_core.plugin_system:Skipping extension 'colcon_notification.desktop_notification.notify_send': Could not find 'notify-send'
[14.416s] INFO:colcon.colcon_core.plugin_system:Skipping extension 'colcon_notification.desktop_notification.terminal_notifier': Not used on non-Darwin systems
[14.416s] INFO:colcon.colcon_core.plugin_system:Skipping extension 'colcon_notification.desktop_notification.win32': Not used on non-Windows systems
[14.416s] INFO:colcon.colcon_notification.desktop_notification:Sending desktop notification using 'notify2'
[14.419s] DEBUG:colcon.colcon_notification.desktop_notification.notify2:Failed to initialize notify2: org.freedesktop.DBus.Error.ServiceUnknown: The name org.freedesktop.Notifications was not provided by any .service files
[14.421s] DEBUG:colcon.colcon_core.event_reactor:joined thread
[14.616s] INFO:colcon.colcon_core.shell:Creating prefix script '/home/osinachi/foxy_ws/src/install/local_setup.ps1'
[14.618s] INFO:colcon.colcon_core.shell:Creating prefix util module '/home/osinachi/foxy_ws/src/install/_local_setup_util_ps1.py'
[14.623s] INFO:colcon.colcon_core.shell:Creating prefix chain script '/home/osinachi/foxy_ws/src/install/setup.ps1'
[14.744s] INFO:colcon.colcon_core.shell:Creating prefix script '/home/osinachi/foxy_ws/src/install/local_setup.sh'
[14.746s] INFO:colcon.colcon_core.shell:Creating prefix util module '/home/osinachi/foxy_ws/src/install/_local_setup_util_sh.py'
[14.747s] INFO:colcon.colcon_core.shell:Creating prefix chain script '/home/osinachi/foxy_ws/src/install/setup.sh'
[14.871s] INFO:colcon.colcon_core.shell:Creating prefix script '/home/osinachi/foxy_ws/src/install/local_setup.bash'
[14.872s] INFO:colcon.colcon_core.shell:Creating prefix chain script '/home/osinachi/foxy_ws/src/install/setup.bash'
[15.033s] INFO:colcon.colcon_core.shell:Creating prefix script '/home/osinachi/foxy_ws/src/install/local_setup.zsh'
[15.034s] INFO:colcon.colcon_core.shell:Creating prefix chain script '/home/osinachi/foxy_ws/src/install/setup.zsh'
