[4.323s] DEBUG:colcon:Command line arguments: ['/usr/bin/colcon', 'build', '--symlink-install']
[4.323s] DEBUG:colcon:Parsed command line arguments: Namespace(allow_overriding=[], ament_cmake_args=None, base_paths=['.'], build_base='build', catkin_cmake_args=None, catkin_skip_building_tests=False, cmake_args=None, cmake_clean_cache=False, cmake_clean_first=False, cmake_force_configure=False, cmake_target=None, cmake_target_skip_unavailable=False, continue_on_error=False, event_handlers=None, executor='parallel', ignore_user_meta=False, install_base='install', log_base=None, log_level=None, main=<bound method BuildVerb.main of <colcon_core.verb.build.BuildVerb object at 0x7ff1282c9c40>>, merge_install=False, metas=['./colcon.meta'], packages_above=None, packages_above_and_dependencies=None, packages_above_depth=None, packages_end=None, packages_ignore=None, packages_ignore_regex=None, packages_select=None, packages_select_build_failed=False, packages_select_by_dep=None, packages_select_regex=None, packages_select_test_failures=False, packages_skip=None, packages_skip_build_finished=False, packages_skip_by_dep=None, packages_skip_regex=None, packages_skip_test_passed=False, packages_skip_up_to=None, packages_start=None, packages_up_to=None, packages_up_to_regex=None, parallel_workers=4, paths=None, symlink_install=True, test_result_base=None, verb_extension=<colcon_core.verb.build.BuildVerb object at 0x7ff1282c9c40>, verb_name='build', verb_parser=<colcon_defaults.argument_parser.defaults.DefaultArgumentsDecorator object at 0x7ff1282d23d0>)
[4.486s] Level 1:colcon.colcon_core.package_discovery:discover_packages(colcon_meta) check parameters
[4.487s] Level 1:colcon.colcon_core.package_discovery:discover_packages(recursive) check parameters
[4.487s] Level 1:colcon.colcon_core.package_discovery:discover_packages(ignore) check parameters
[4.487s] Level 1:colcon.colcon_core.package_discovery:discover_packages(path) check parameters
[4.487s] Level 1:colcon.colcon_core.package_discovery:discover_packages(colcon_meta) discover
[4.487s] Level 1:colcon.colcon_core.package_discovery:discover_packages(recursive) discover
[4.487s] INFO:colcon.colcon_core.package_discovery:Crawling recursively for packages in '/home/osinachi/foxy_ws'
[4.487s] Level 1:colcon.colcon_core.package_identification:_identify(.) by extensions ['ignore', 'ignore_ament_install']
[4.487s] Level 1:colcon.colcon_core.package_identification:_identify(.) by extension 'ignore'
[4.488s] Level 1:colcon.colcon_core.package_identification:_identify(.) by extension 'ignore_ament_install'
[4.488s] Level 1:colcon.colcon_core.package_identification:_identify(.) by extensions ['colcon_pkg']
[4.488s] Level 1:colcon.colcon_core.package_identification:_identify(.) by extension 'colcon_pkg'
[4.488s] Level 1:colcon.colcon_core.package_identification:_identify(.) by extensions ['colcon_meta']
[4.488s] Level 1:colcon.colcon_core.package_identification:_identify(.) by extension 'colcon_meta'
[4.488s] Level 1:colcon.colcon_core.package_identification:_identify(.) by extensions ['ros']
[4.488s] Level 1:colcon.colcon_core.package_identification:_identify(.) by extension 'ros'
[4.508s] Level 1:colcon.colcon_core.package_identification:_identify(.) by extensions ['cmake', 'python']
[4.508s] Level 1:colcon.colcon_core.package_identification:_identify(.) by extension 'cmake'
[4.508s] Level 1:colcon.colcon_core.package_identification:_identify(.) by extension 'python'
[4.508s] Level 1:colcon.colcon_core.package_identification:_identify(.) by extensions ['python_setup_py']
[4.508s] Level 1:colcon.colcon_core.package_identification:_identify(.) by extension 'python_setup_py'
[4.509s] Level 1:colcon.colcon_core.package_identification:_identify(build) by extensions ['ignore', 'ignore_ament_install']
[4.509s] Level 1:colcon.colcon_core.package_identification:_identify(build) by extension 'ignore'
[4.509s] Level 1:colcon.colcon_core.package_identification:_identify(build) ignored
[4.509s] Level 1:colcon.colcon_core.package_identification:_identify(install) by extensions ['ignore', 'ignore_ament_install']
[4.510s] Level 1:colcon.colcon_core.package_identification:_identify(install) by extension 'ignore'
[4.510s] Level 1:colcon.colcon_core.package_identification:_identify(install) ignored
[4.510s] Level 1:colcon.colcon_core.package_identification:_identify(log) by extensions ['ignore', 'ignore_ament_install']
[4.510s] Level 1:colcon.colcon_core.package_identification:_identify(log) by extension 'ignore'
[4.510s] Level 1:colcon.colcon_core.package_identification:_identify(log) ignored
[4.511s] Level 1:colcon.colcon_core.package_identification:_identify(src) by extensions ['ignore', 'ignore_ament_install']
[4.511s] Level 1:colcon.colcon_core.package_identification:_identify(src) by extension 'ignore'
[4.511s] Level 1:colcon.colcon_core.package_identification:_identify(src) by extension 'ignore_ament_install'
[4.511s] Level 1:colcon.colcon_core.package_identification:_identify(src) by extensions ['colcon_pkg']
[4.511s] Level 1:colcon.colcon_core.package_identification:_identify(src) by extension 'colcon_pkg'
[4.511s] Level 1:colcon.colcon_core.package_identification:_identify(src) by extensions ['colcon_meta']
[4.511s] Level 1:colcon.colcon_core.package_identification:_identify(src) by extension 'colcon_meta'
[4.511s] Level 1:colcon.colcon_core.package_identification:_identify(src) by extensions ['ros']
[4.512s] Level 1:colcon.colcon_core.package_identification:_identify(src) by extension 'ros'
[4.512s] Level 1:colcon.colcon_core.package_identification:_identify(src) by extensions ['cmake', 'python']
[4.512s] Level 1:colcon.colcon_core.package_identification:_identify(src) by extension 'cmake'
[4.512s] Level 1:colcon.colcon_core.package_identification:_identify(src) by extension 'python'
[4.512s] Level 1:colcon.colcon_core.package_identification:_identify(src) by extensions ['python_setup_py']
[4.512s] Level 1:colcon.colcon_core.package_identification:_identify(src) by extension 'python_setup_py'
[4.512s] Level 1:colcon.colcon_core.package_identification:_identify(src/motor) by extensions ['ignore', 'ignore_ament_install']
[4.513s] Level 1:colcon.colcon_core.package_identification:_identify(src/motor) by extension 'ignore'
[4.513s] Level 1:colcon.colcon_core.package_identification:_identify(src/motor) by extension 'ignore_ament_install'
[4.513s] Level 1:colcon.colcon_core.package_identification:_identify(src/motor) by extensions ['colcon_pkg']
[4.513s] Level 1:colcon.colcon_core.package_identification:_identify(src/motor) by extension 'colcon_pkg'
[4.513s] Level 1:colcon.colcon_core.package_identification:_identify(src/motor) by extensions ['colcon_meta']
[4.513s] Level 1:colcon.colcon_core.package_identification:_identify(src/motor) by extension 'colcon_meta'
[4.513s] Level 1:colcon.colcon_core.package_identification:_identify(src/motor) by extensions ['ros']
[4.513s] Level 1:colcon.colcon_core.package_identification:_identify(src/motor) by extension 'ros'
[4.518s] DEBUG:colcon.colcon_core.package_identification:Package 'src/motor' with type 'ros.ament_cmake' and name 'motor'
[4.518s] Level 1:colcon.colcon_core.package_identification:_identify(src/test_urdf) by extensions ['ignore', 'ignore_ament_install']
[4.519s] Level 1:colcon.colcon_core.package_identification:_identify(src/test_urdf) by extension 'ignore'
[4.519s] Level 1:colcon.colcon_core.package_identification:_identify(src/test_urdf) by extension 'ignore_ament_install'
[4.519s] Level 1:colcon.colcon_core.package_identification:_identify(src/test_urdf) by extensions ['colcon_pkg']
[4.519s] Level 1:colcon.colcon_core.package_identification:_identify(src/test_urdf) by extension 'colcon_pkg'
[4.519s] Level 1:colcon.colcon_core.package_identification:_identify(src/test_urdf) by extensions ['colcon_meta']
[4.520s] Level 1:colcon.colcon_core.package_identification:_identify(src/test_urdf) by extension 'colcon_meta'
[4.520s] Level 1:colcon.colcon_core.package_identification:_identify(src/test_urdf) by extensions ['ros']
[4.520s] Level 1:colcon.colcon_core.package_identification:_identify(src/test_urdf) by extension 'ros'
[4.521s] DEBUG:colcon.colcon_core.package_identification:Package 'src/test_urdf' with type 'ros.ament_cmake' and name 'test_urdf'
[4.522s] Level 1:colcon.colcon_core.package_discovery:discover_packages(recursive) using defaults
[4.522s] Level 1:colcon.colcon_core.package_discovery:discover_packages(ignore) discover
[4.522s] Level 1:colcon.colcon_core.package_discovery:discover_packages(ignore) using defaults
[4.522s] Level 1:colcon.colcon_core.package_discovery:discover_packages(path) discover
[4.522s] Level 1:colcon.colcon_core.package_discovery:discover_packages(path) using defaults
[4.856s] Level 1:colcon.colcon_core.package_discovery:discover_packages(prefix_path) check parameters
[4.857s] Level 1:colcon.colcon_core.package_discovery:discover_packages(prefix_path) discover
[5.057s] DEBUG:colcon.colcon_installed_package_information.package_discovery:Found 2 installed packages in /home/osinachi/foxy_ws/install
[5.119s] DEBUG:colcon.colcon_installed_package_information.package_discovery:Found 198 installed packages in /opt/ros/foxy
[5.121s] Level 1:colcon.colcon_core.package_discovery:discover_packages(prefix_path) using defaults
[5.321s] Level 5:colcon.colcon_core.verb:set package 'motor' build argument 'cmake_args' from command line to 'None'
[5.322s] Level 5:colcon.colcon_core.verb:set package 'motor' build argument 'cmake_target' from command line to 'None'
[5.322s] Level 5:colcon.colcon_core.verb:set package 'motor' build argument 'cmake_target_skip_unavailable' from command line to 'False'
[5.322s] Level 5:colcon.colcon_core.verb:set package 'motor' build argument 'cmake_clean_cache' from command line to 'False'
[5.322s] Level 5:colcon.colcon_core.verb:set package 'motor' build argument 'cmake_clean_first' from command line to 'False'
[5.322s] Level 5:colcon.colcon_core.verb:set package 'motor' build argument 'cmake_force_configure' from command line to 'False'
[5.322s] Level 5:colcon.colcon_core.verb:set package 'motor' build argument 'ament_cmake_args' from command line to 'None'
[5.322s] Level 5:colcon.colcon_core.verb:set package 'motor' build argument 'catkin_cmake_args' from command line to 'None'
[5.322s] Level 5:colcon.colcon_core.verb:set package 'motor' build argument 'catkin_skip_building_tests' from command line to 'False'
[5.322s] DEBUG:colcon.colcon_core.verb:Building package 'motor' with the following arguments: {'ament_cmake_args': None, 'build_base': '/home/osinachi/foxy_ws/build/motor', 'catkin_cmake_args': None, 'catkin_skip_building_tests': False, 'cmake_args': None, 'cmake_clean_cache': False, 'cmake_clean_first': False, 'cmake_force_configure': False, 'cmake_target': None, 'cmake_target_skip_unavailable': False, 'install_base': '/home/osinachi/foxy_ws/install/motor', 'merge_install': False, 'path': '/home/osinachi/foxy_ws/src/motor', 'symlink_install': True, 'test_result_base': None}
[5.374s] Level 5:colcon.colcon_core.verb:set package 'test_urdf' build argument 'cmake_args' from command line to 'None'
[5.374s] Level 5:colcon.colcon_core.verb:set package 'test_urdf' build argument 'cmake_target' from command line to 'None'
[5.374s] Level 5:colcon.colcon_core.verb:set package 'test_urdf' build argument 'cmake_target_skip_unavailable' from command line to 'False'
[5.374s] Level 5:colcon.colcon_core.verb:set package 'test_urdf' build argument 'cmake_clean_cache' from command line to 'False'
[5.374s] Level 5:colcon.colcon_core.verb:set package 'test_urdf' build argument 'cmake_clean_first' from command line to 'False'
[5.374s] Level 5:colcon.colcon_core.verb:set package 'test_urdf' build argument 'cmake_force_configure' from command line to 'False'
[5.374s] Level 5:colcon.colcon_core.verb:set package 'test_urdf' build argument 'ament_cmake_args' from command line to 'None'
[5.374s] Level 5:colcon.colcon_core.verb:set package 'test_urdf' build argument 'catkin_cmake_args' from command line to 'None'
[5.375s] Level 5:colcon.colcon_core.verb:set package 'test_urdf' build argument 'catkin_skip_building_tests' from command line to 'False'
[5.375s] DEBUG:colcon.colcon_core.verb:Building package 'test_urdf' with the following arguments: {'ament_cmake_args': None, 'build_base': '/home/osinachi/foxy_ws/build/test_urdf', 'catkin_cmake_args': None, 'catkin_skip_building_tests': False, 'cmake_args': None, 'cmake_clean_cache': False, 'cmake_clean_first': False, 'cmake_force_configure': False, 'cmake_target': None, 'cmake_target_skip_unavailable': False, 'install_base': '/home/osinachi/foxy_ws/install/test_urdf', 'merge_install': False, 'path': '/home/osinachi/foxy_ws/src/test_urdf', 'symlink_install': True, 'test_result_base': None}
[5.447s] INFO:colcon.colcon_core.executor:Executing jobs using 'parallel' executor
[5.510s] DEBUG:colcon.colcon_parallel_executor.executor.parallel:run_until_complete
[5.510s] INFO:colcon.colcon_ros.task.ament_cmake.build:Building ROS package in '/home/osinachi/foxy_ws/src/motor' with build type 'ament_cmake'
[5.511s] INFO:colcon.colcon_cmake.task.cmake.build:Building CMake package in '/home/osinachi/foxy_ws/src/motor'
[5.572s] INFO:colcon.colcon_core.plugin_system:Skipping extension 'colcon_core.shell.bat': Not used on non-Windows systems
[5.572s] INFO:colcon.colcon_core.shell:Skip shell extension 'powershell' for command environment: Not usable outside of PowerShell
[5.572s] DEBUG:colcon.colcon_core.shell:Skip shell extension 'dsv' for command environment
[6.206s] INFO:colcon.colcon_ros.task.ament_cmake.build:Building ROS package in '/home/osinachi/foxy_ws/src/test_urdf' with build type 'ament_cmake'
[6.213s] INFO:colcon.colcon_cmake.task.cmake.build:Building CMake package in '/home/osinachi/foxy_ws/src/test_urdf'
[6.395s] INFO:colcon.colcon_core.shell:Skip shell extension 'powershell' for command environment: Not usable outside of PowerShell
[6.397s] DEBUG:colcon.colcon_core.shell:Skip shell extension 'dsv' for command environment
[6.911s] DEBUG:colcon.colcon_core.event_handler.log_command:Invoking command in '/home/osinachi/foxy_ws/build/motor': CMAKE_PREFIX_PATH=${CMAKE_PREFIX_PATH}:/home/osinachi/foxy_ws/install/motor:/opt/ros/foxy /usr/bin/cmake /home/osinachi/foxy_ws/src/motor -DAMENT_CMAKE_SYMLINK_INSTALL=1 -DCMAKE_INSTALL_PREFIX=/home/osinachi/foxy_ws/install/motor
[6.938s] DEBUG:colcon.colcon_core.event_handler.log_command:Invoking command in '/home/osinachi/foxy_ws/build/test_urdf': CMAKE_PREFIX_PATH=${CMAKE_PREFIX_PATH}:/home/osinachi/foxy_ws/install/motor:/opt/ros/foxy /usr/bin/cmake /home/osinachi/foxy_ws/src/test_urdf -DAMENT_CMAKE_SYMLINK_INSTALL=1 -DCMAKE_INSTALL_PREFIX=/home/osinachi/foxy_ws/install/test_urdf
[8.526s] DEBUG:colcon.colcon_core.event_handler.log_command:Invoked command in '/home/osinachi/foxy_ws/build/test_urdf' returned '0': CMAKE_PREFIX_PATH=${CMAKE_PREFIX_PATH}:/home/osinachi/foxy_ws/install/motor:/opt/ros/foxy /usr/bin/cmake /home/osinachi/foxy_ws/src/test_urdf -DAMENT_CMAKE_SYMLINK_INSTALL=1 -DCMAKE_INSTALL_PREFIX=/home/osinachi/foxy_ws/install/test_urdf
[8.540s] DEBUG:colcon.colcon_core.event_handler.log_command:Invoking command in '/home/osinachi/foxy_ws/build/test_urdf': CMAKE_PREFIX_PATH=${CMAKE_PREFIX_PATH}:/home/osinachi/foxy_ws/install/motor:/opt/ros/foxy /usr/bin/cmake --build /home/osinachi/foxy_ws/build/test_urdf -- -j4 -l4
[8.589s] DEBUG:colcon.colcon_core.event_handler.log_command:Invoked command in '/home/osinachi/foxy_ws/build/motor' returned '0': CMAKE_PREFIX_PATH=${CMAKE_PREFIX_PATH}:/home/osinachi/foxy_ws/install/motor:/opt/ros/foxy /usr/bin/cmake /home/osinachi/foxy_ws/src/motor -DAMENT_CMAKE_SYMLINK_INSTALL=1 -DCMAKE_INSTALL_PREFIX=/home/osinachi/foxy_ws/install/motor
[8.594s] DEBUG:colcon.colcon_core.event_handler.log_command:Invoking command in '/home/osinachi/foxy_ws/build/motor': CMAKE_PREFIX_PATH=${CMAKE_PREFIX_PATH}:/home/osinachi/foxy_ws/install/motor:/opt/ros/foxy /usr/bin/cmake --build /home/osinachi/foxy_ws/build/motor -- -j4 -l4
[8.704s] DEBUG:colcon.colcon_core.event_handler.log_command:Invoked command in '/home/osinachi/foxy_ws/build/test_urdf' returned '0': CMAKE_PREFIX_PATH=${CMAKE_PREFIX_PATH}:/home/osinachi/foxy_ws/install/motor:/opt/ros/foxy /usr/bin/cmake --build /home/osinachi/foxy_ws/build/test_urdf -- -j4 -l4
[8.771s] DEBUG:colcon.colcon_core.event_handler.log_command:Invoked command in '/home/osinachi/foxy_ws/build/motor' returned '0': CMAKE_PREFIX_PATH=${CMAKE_PREFIX_PATH}:/home/osinachi/foxy_ws/install/motor:/opt/ros/foxy /usr/bin/cmake --build /home/osinachi/foxy_ws/build/motor -- -j4 -l4
[8.870s] DEBUG:colcon.colcon_core.event_handler.log_command:Invoking command in '/home/osinachi/foxy_ws/build/test_urdf': CMAKE_PREFIX_PATH=${CMAKE_PREFIX_PATH}:/home/osinachi/foxy_ws/install/motor:/opt/ros/foxy /usr/bin/cmake --install /home/osinachi/foxy_ws/build/test_urdf
[8.918s] DEBUG:colcon.colcon_core.event_handler.log_command:Invoking command in '/home/osinachi/foxy_ws/build/motor': CMAKE_PREFIX_PATH=${CMAKE_PREFIX_PATH}:/home/osinachi/foxy_ws/install/motor:/opt/ros/foxy /usr/bin/cmake --install /home/osinachi/foxy_ws/build/motor
[9.092s] Level 1:colcon.colcon_core.environment:create_environment_scripts_only(test_urdf)
[9.094s] DEBUG:colcon.colcon_core.event_handler.log_command:Invoked command in '/home/osinachi/foxy_ws/build/test_urdf' returned '0': CMAKE_PREFIX_PATH=${CMAKE_PREFIX_PATH}:/home/osinachi/foxy_ws/install/motor:/opt/ros/foxy /usr/bin/cmake --install /home/osinachi/foxy_ws/build/test_urdf
[9.389s] Level 1:colcon.colcon_core.environment:checking '/home/osinachi/foxy_ws/install/test_urdf' for CMake module files
[9.392s] Level 1:colcon.colcon_core.environment:checking '/home/osinachi/foxy_ws/install/test_urdf' for CMake config files
[9.397s] Level 1:colcon.colcon_core.shell:create_environment_hook('test_urdf', 'cmake_prefix_path')
[9.629s] INFO:colcon.colcon_core.shell:Creating environment hook '/home/osinachi/foxy_ws/install/test_urdf/share/test_urdf/hook/cmake_prefix_path.ps1'
[9.643s] INFO:colcon.colcon_core.shell:Creating environment descriptor '/home/osinachi/foxy_ws/install/test_urdf/share/test_urdf/hook/cmake_prefix_path.dsv'
[9.654s] INFO:colcon.colcon_core.shell:Creating environment hook '/home/osinachi/foxy_ws/install/test_urdf/share/test_urdf/hook/cmake_prefix_path.sh'
[9.658s] Level 1:colcon.colcon_core.environment:checking '/home/osinachi/foxy_ws/install/test_urdf/bin'
[9.658s] Level 1:colcon.colcon_core.environment:checking '/home/osinachi/foxy_ws/install/test_urdf/lib/pkgconfig/test_urdf.pc'
[9.659s] Level 1:colcon.colcon_core.environment:checking '/home/osinachi/foxy_ws/install/test_urdf/lib/python3.8/site-packages'
[9.660s] Level 1:colcon.colcon_core.environment:checking '/home/osinachi/foxy_ws/install/test_urdf/bin'
[9.863s] INFO:colcon.colcon_core.shell:Creating package script '/home/osinachi/foxy_ws/install/test_urdf/share/test_urdf/package.ps1'
[9.869s] INFO:colcon.colcon_core.shell:Creating package descriptor '/home/osinachi/foxy_ws/install/test_urdf/share/test_urdf/package.dsv'
[9.871s] INFO:colcon.colcon_core.shell:Creating package script '/home/osinachi/foxy_ws/install/test_urdf/share/test_urdf/package.sh'
[9.874s] INFO:colcon.colcon_core.shell:Creating package script '/home/osinachi/foxy_ws/install/test_urdf/share/test_urdf/package.bash'
[9.878s] INFO:colcon.colcon_core.shell:Creating package script '/home/osinachi/foxy_ws/install/test_urdf/share/test_urdf/package.zsh'
[9.880s] Level 1:colcon.colcon_core.environment:create_file_with_runtime_dependencies(/home/osinachi/foxy_ws/install/test_urdf/share/colcon-core/packages/test_urdf)
[9.925s] Level 1:colcon.colcon_core.environment:create_environment_scripts_only(motor)
[9.938s] DEBUG:colcon.colcon_core.event_handler.log_command:Invoked command in '/home/osinachi/foxy_ws/build/motor' returned '0': CMAKE_PREFIX_PATH=${CMAKE_PREFIX_PATH}:/home/osinachi/foxy_ws/install/motor:/opt/ros/foxy /usr/bin/cmake --install /home/osinachi/foxy_ws/build/motor
[10.200s] Level 1:colcon.colcon_core.environment:checking '/home/osinachi/foxy_ws/install/motor' for CMake module files
[10.202s] Level 1:colcon.colcon_core.environment:checking '/home/osinachi/foxy_ws/install/motor' for CMake config files
[10.204s] Level 1:colcon.colcon_core.shell:create_environment_hook('motor', 'cmake_prefix_path')
[10.442s] INFO:colcon.colcon_core.shell:Creating environment hook '/home/osinachi/foxy_ws/install/motor/share/motor/hook/cmake_prefix_path.ps1'
[10.445s] INFO:colcon.colcon_core.shell:Creating environment descriptor '/home/osinachi/foxy_ws/install/motor/share/motor/hook/cmake_prefix_path.dsv'
[10.448s] INFO:colcon.colcon_core.shell:Creating environment hook '/home/osinachi/foxy_ws/install/motor/share/motor/hook/cmake_prefix_path.sh'
[10.460s] Level 1:colcon.colcon_core.environment:checking '/home/osinachi/foxy_ws/install/motor/lib'
[10.461s] Level 1:colcon.colcon_core.environment:checking '/home/osinachi/foxy_ws/install/motor/bin'
[10.461s] Level 1:colcon.colcon_core.environment:checking '/home/osinachi/foxy_ws/install/motor/lib/pkgconfig/motor.pc'
[10.463s] Level 1:colcon.colcon_core.environment:checking '/home/osinachi/foxy_ws/install/motor/lib/python3.8/site-packages'
[10.463s] Level 1:colcon.colcon_core.shell:create_environment_hook('motor', 'pythonpath')
[10.880s] INFO:colcon.colcon_core.shell:Creating environment hook '/home/osinachi/foxy_ws/install/motor/share/motor/hook/pythonpath.ps1'
[10.882s] INFO:colcon.colcon_core.shell:Creating environment descriptor '/home/osinachi/foxy_ws/install/motor/share/motor/hook/pythonpath.dsv'
[10.888s] INFO:colcon.colcon_core.shell:Creating environment hook '/home/osinachi/foxy_ws/install/motor/share/motor/hook/pythonpath.sh'
[10.889s] Level 1:colcon.colcon_core.environment:checking '/home/osinachi/foxy_ws/install/motor/bin'
[11.107s] INFO:colcon.colcon_core.shell:Creating package script '/home/osinachi/foxy_ws/install/motor/share/motor/package.ps1'
[11.113s] INFO:colcon.colcon_core.shell:Creating package descriptor '/home/osinachi/foxy_ws/install/motor/share/motor/package.dsv'
[11.117s] INFO:colcon.colcon_core.shell:Creating package script '/home/osinachi/foxy_ws/install/motor/share/motor/package.sh'
[11.118s] INFO:colcon.colcon_core.shell:Creating package script '/home/osinachi/foxy_ws/install/motor/share/motor/package.bash'
[11.119s] INFO:colcon.colcon_core.shell:Creating package script '/home/osinachi/foxy_ws/install/motor/share/motor/package.zsh'
[11.121s] Level 1:colcon.colcon_core.environment:create_file_with_runtime_dependencies(/home/osinachi/foxy_ws/install/motor/share/colcon-core/packages/motor)
[11.364s] Level 1:colcon.colcon_core.environment:create_environment_scripts_only(test_urdf)
[11.493s] Level 1:colcon.colcon_core.environment:checking '/home/osinachi/foxy_ws/install/test_urdf' for CMake module files
[11.502s] Level 1:colcon.colcon_core.environment:checking '/home/osinachi/foxy_ws/install/test_urdf' for CMake config files
[11.507s] Level 1:colcon.colcon_core.shell:create_environment_hook('test_urdf', 'cmake_prefix_path')
[11.709s] INFO:colcon.colcon_core.shell:Creating environment hook '/home/osinachi/foxy_ws/install/test_urdf/share/test_urdf/hook/cmake_prefix_path.ps1'
[11.711s] INFO:colcon.colcon_core.shell:Creating environment descriptor '/home/osinachi/foxy_ws/install/test_urdf/share/test_urdf/hook/cmake_prefix_path.dsv'
[11.713s] INFO:colcon.colcon_core.shell:Creating environment hook '/home/osinachi/foxy_ws/install/test_urdf/share/test_urdf/hook/cmake_prefix_path.sh'
[11.716s] Level 1:colcon.colcon_core.environment:checking '/home/osinachi/foxy_ws/install/test_urdf/bin'
[11.716s] Level 1:colcon.colcon_core.environment:checking '/home/osinachi/foxy_ws/install/test_urdf/lib/pkgconfig/test_urdf.pc'
[11.717s] Level 1:colcon.colcon_core.environment:checking '/home/osinachi/foxy_ws/install/test_urdf/lib/python3.8/site-packages'
[11.717s] Level 1:colcon.colcon_core.environment:checking '/home/osinachi/foxy_ws/install/test_urdf/bin'
[11.824s] INFO:colcon.colcon_core.shell:Creating package script '/home/osinachi/foxy_ws/install/test_urdf/share/test_urdf/package.ps1'
[11.826s] INFO:colcon.colcon_core.shell:Creating package descriptor '/home/osinachi/foxy_ws/install/test_urdf/share/test_urdf/package.dsv'
[11.827s] INFO:colcon.colcon_core.shell:Creating package script '/home/osinachi/foxy_ws/install/test_urdf/share/test_urdf/package.sh'
[11.829s] INFO:colcon.colcon_core.shell:Creating package script '/home/osinachi/foxy_ws/install/test_urdf/share/test_urdf/package.bash'
[11.832s] INFO:colcon.colcon_core.shell:Creating package script '/home/osinachi/foxy_ws/install/test_urdf/share/test_urdf/package.zsh'
[11.835s] Level 1:colcon.colcon_core.environment:create_file_with_runtime_dependencies(/home/osinachi/foxy_ws/install/test_urdf/share/colcon-core/packages/test_urdf)
[12.213s] Level 1:colcon.colcon_core.environment:create_environment_scripts_only(motor)
[12.533s] Level 1:colcon.colcon_core.environment:checking '/home/osinachi/foxy_ws/install/motor' for CMake module files
[12.537s] Level 1:colcon.colcon_core.environment:checking '/home/osinachi/foxy_ws/install/motor' for CMake config files
[12.542s] Level 1:colcon.colcon_core.shell:create_environment_hook('motor', 'cmake_prefix_path')
[12.690s] INFO:colcon.colcon_core.shell:Creating environment hook '/home/osinachi/foxy_ws/install/motor/share/motor/hook/cmake_prefix_path.ps1'
[12.694s] INFO:colcon.colcon_core.shell:Creating environment descriptor '/home/osinachi/foxy_ws/install/motor/share/motor/hook/cmake_prefix_path.dsv'
[12.696s] INFO:colcon.colcon_core.shell:Creating environment hook '/home/osinachi/foxy_ws/install/motor/share/motor/hook/cmake_prefix_path.sh'
[12.699s] Level 1:colcon.colcon_core.environment:checking '/home/osinachi/foxy_ws/install/motor/lib'
[12.700s] Level 1:colcon.colcon_core.environment:checking '/home/osinachi/foxy_ws/install/motor/bin'
[12.700s] Level 1:colcon.colcon_core.environment:checking '/home/osinachi/foxy_ws/install/motor/lib/pkgconfig/motor.pc'
[12.701s] Level 1:colcon.colcon_core.environment:checking '/home/osinachi/foxy_ws/install/motor/lib/python3.8/site-packages'
[12.701s] Level 1:colcon.colcon_core.shell:create_environment_hook('motor', 'pythonpath')
[12.889s] INFO:colcon.colcon_core.shell:Creating environment hook '/home/osinachi/foxy_ws/install/motor/share/motor/hook/pythonpath.ps1'
[12.891s] INFO:colcon.colcon_core.shell:Creating environment descriptor '/home/osinachi/foxy_ws/install/motor/share/motor/hook/pythonpath.dsv'
[12.893s] INFO:colcon.colcon_core.shell:Creating environment hook '/home/osinachi/foxy_ws/install/motor/share/motor/hook/pythonpath.sh'
[12.897s] Level 1:colcon.colcon_core.environment:checking '/home/osinachi/foxy_ws/install/motor/bin'
[13.071s] INFO:colcon.colcon_core.shell:Creating package script '/home/osinachi/foxy_ws/install/motor/share/motor/package.ps1'
[13.074s] INFO:colcon.colcon_core.shell:Creating package descriptor '/home/osinachi/foxy_ws/install/motor/share/motor/package.dsv'
[13.075s] INFO:colcon.colcon_core.shell:Creating package script '/home/osinachi/foxy_ws/install/motor/share/motor/package.sh'
[13.077s] INFO:colcon.colcon_core.shell:Creating package script '/home/osinachi/foxy_ws/install/motor/share/motor/package.bash'
[13.078s] INFO:colcon.colcon_core.shell:Creating package script '/home/osinachi/foxy_ws/install/motor/share/motor/package.zsh'
[13.080s] Level 1:colcon.colcon_core.environment:create_file_with_runtime_dependencies(/home/osinachi/foxy_ws/install/motor/share/colcon-core/packages/motor)
[13.081s] DEBUG:colcon.colcon_parallel_executor.executor.parallel:closing loop
[13.083s] DEBUG:colcon.colcon_parallel_executor.executor.parallel:loop closed
[13.083s] DEBUG:colcon.colcon_parallel_executor.executor.parallel:run_until_complete finished with '0'
[13.084s] DEBUG:colcon.colcon_core.event_reactor:joining thread
[13.469s] INFO:colcon.colcon_core.plugin_system:Skipping extension 'colcon_notification.desktop_notification.notify_send': Could not find 'notify-send'
[13.469s] INFO:colcon.colcon_core.plugin_system:Skipping extension 'colcon_notification.desktop_notification.terminal_notifier': Not used on non-Darwin systems
[13.470s] INFO:colcon.colcon_core.plugin_system:Skipping extension 'colcon_notification.desktop_notification.win32': Not used on non-Windows systems
[13.470s] INFO:colcon.colcon_notification.desktop_notification:Sending desktop notification using 'notify2'
[13.490s] DEBUG:colcon.colcon_notification.desktop_notification.notify2:Failed to initialize notify2: org.freedesktop.DBus.Error.ServiceUnknown: The name org.freedesktop.Notifications was not provided by any .service files
[13.491s] DEBUG:colcon.colcon_core.event_reactor:joined thread
[13.648s] INFO:colcon.colcon_core.shell:Creating prefix script '/home/osinachi/foxy_ws/install/local_setup.ps1'
[13.652s] INFO:colcon.colcon_core.shell:Creating prefix util module '/home/osinachi/foxy_ws/install/_local_setup_util_ps1.py'
[13.672s] INFO:colcon.colcon_core.shell:Creating prefix chain script '/home/osinachi/foxy_ws/install/setup.ps1'
[13.797s] INFO:colcon.colcon_core.shell:Creating prefix script '/home/osinachi/foxy_ws/install/local_setup.sh'
[13.800s] INFO:colcon.colcon_core.shell:Creating prefix util module '/home/osinachi/foxy_ws/install/_local_setup_util_sh.py'
[13.802s] INFO:colcon.colcon_core.shell:Creating prefix chain script '/home/osinachi/foxy_ws/install/setup.sh'
[13.878s] INFO:colcon.colcon_core.shell:Creating prefix script '/home/osinachi/foxy_ws/install/local_setup.bash'
[13.879s] INFO:colcon.colcon_core.shell:Creating prefix chain script '/home/osinachi/foxy_ws/install/setup.bash'
[13.951s] INFO:colcon.colcon_core.shell:Creating prefix script '/home/osinachi/foxy_ws/install/local_setup.zsh'
[13.953s] INFO:colcon.colcon_core.shell:Creating prefix chain script '/home/osinachi/foxy_ws/install/setup.zsh'
