[3.920s] DEBUG:colcon:Command line arguments: ['/usr/bin/colcon', 'build', '--symlink-install']
[3.921s] DEBUG:colcon:Parsed command line arguments: Namespace(allow_overriding=[], ament_cmake_args=None, base_paths=['.'], build_base='build', catkin_cmake_args=None, catkin_skip_building_tests=False, cmake_args=None, cmake_clean_cache=False, cmake_clean_first=False, cmake_force_configure=False, cmake_target=None, cmake_target_skip_unavailable=False, continue_on_error=False, event_handlers=None, executor='parallel', ignore_user_meta=False, install_base='install', log_base=None, log_level=None, main=<bound method BuildVerb.main of <colcon_core.verb.build.BuildVerb object at 0x7f69677af4c0>>, merge_install=False, metas=['./colcon.meta'], packages_above=None, packages_above_and_dependencies=None, packages_above_depth=None, packages_end=None, packages_ignore=None, packages_ignore_regex=None, packages_select=None, packages_select_build_failed=False, packages_select_by_dep=None, packages_select_regex=None, packages_select_test_failures=False, packages_skip=None, packages_skip_build_finished=False, packages_skip_by_dep=None, packages_skip_regex=None, packages_skip_test_passed=False, packages_skip_up_to=None, packages_start=None, packages_up_to=None, packages_up_to_regex=None, parallel_workers=4, paths=None, symlink_install=True, test_result_base=None, verb_extension=<colcon_core.verb.build.BuildVerb object at 0x7f69677af4c0>, verb_name='build', verb_parser=<colcon_defaults.argument_parser.defaults.DefaultArgumentsDecorator object at 0x7f69677af2e0>)
[4.104s] Level 1:colcon.colcon_core.package_discovery:discover_packages(colcon_meta) check parameters
[4.105s] Level 1:colcon.colcon_core.package_discovery:discover_packages(recursive) check parameters
[4.105s] Level 1:colcon.colcon_core.package_discovery:discover_packages(ignore) check parameters
[4.105s] Level 1:colcon.colcon_core.package_discovery:discover_packages(path) check parameters
[4.105s] Level 1:colcon.colcon_core.package_discovery:discover_packages(colcon_meta) discover
[4.105s] Level 1:colcon.colcon_core.package_discovery:discover_packages(recursive) discover
[4.105s] INFO:colcon.colcon_core.package_discovery:Crawling recursively for packages in '/home/osinachi/foxy_ws'
[4.106s] Level 1:colcon.colcon_core.package_identification:_identify(.) by extensions ['ignore', 'ignore_ament_install']
[4.106s] Level 1:colcon.colcon_core.package_identification:_identify(.) by extension 'ignore'
[4.106s] Level 1:colcon.colcon_core.package_identification:_identify(.) by extension 'ignore_ament_install'
[4.106s] Level 1:colcon.colcon_core.package_identification:_identify(.) by extensions ['colcon_pkg']
[4.106s] Level 1:colcon.colcon_core.package_identification:_identify(.) by extension 'colcon_pkg'
[4.106s] Level 1:colcon.colcon_core.package_identification:_identify(.) by extensions ['colcon_meta']
[4.107s] Level 1:colcon.colcon_core.package_identification:_identify(.) by extension 'colcon_meta'
[4.107s] Level 1:colcon.colcon_core.package_identification:_identify(.) by extensions ['ros']
[4.107s] Level 1:colcon.colcon_core.package_identification:_identify(.) by extension 'ros'
[4.127s] Level 1:colcon.colcon_core.package_identification:_identify(.) by extensions ['cmake', 'python']
[4.127s] Level 1:colcon.colcon_core.package_identification:_identify(.) by extension 'cmake'
[4.127s] Level 1:colcon.colcon_core.package_identification:_identify(.) by extension 'python'
[4.127s] Level 1:colcon.colcon_core.package_identification:_identify(.) by extensions ['python_setup_py']
[4.128s] Level 1:colcon.colcon_core.package_identification:_identify(.) by extension 'python_setup_py'
[4.128s] Level 1:colcon.colcon_core.package_identification:_identify(build) by extensions ['ignore', 'ignore_ament_install']
[4.128s] Level 1:colcon.colcon_core.package_identification:_identify(build) by extension 'ignore'
[4.128s] Level 1:colcon.colcon_core.package_identification:_identify(build) ignored
[4.129s] Level 1:colcon.colcon_core.package_identification:_identify(install) by extensions ['ignore', 'ignore_ament_install']
[4.129s] Level 1:colcon.colcon_core.package_identification:_identify(install) by extension 'ignore'
[4.129s] Level 1:colcon.colcon_core.package_identification:_identify(install) ignored
[4.129s] Level 1:colcon.colcon_core.package_identification:_identify(log) by extensions ['ignore', 'ignore_ament_install']
[4.129s] Level 1:colcon.colcon_core.package_identification:_identify(log) by extension 'ignore'
[4.130s] Level 1:colcon.colcon_core.package_identification:_identify(log) ignored
[4.130s] Level 1:colcon.colcon_core.package_identification:_identify(src) by extensions ['ignore', 'ignore_ament_install']
[4.130s] Level 1:colcon.colcon_core.package_identification:_identify(src) by extension 'ignore'
[4.130s] Level 1:colcon.colcon_core.package_identification:_identify(src) by extension 'ignore_ament_install'
[4.130s] Level 1:colcon.colcon_core.package_identification:_identify(src) by extensions ['colcon_pkg']
[4.131s] Level 1:colcon.colcon_core.package_identification:_identify(src) by extension 'colcon_pkg'
[4.131s] Level 1:colcon.colcon_core.package_identification:_identify(src) by extensions ['colcon_meta']
[4.131s] Level 1:colcon.colcon_core.package_identification:_identify(src) by extension 'colcon_meta'
[4.131s] Level 1:colcon.colcon_core.package_identification:_identify(src) by extensions ['ros']
[4.131s] Level 1:colcon.colcon_core.package_identification:_identify(src) by extension 'ros'
[4.131s] Level 1:colcon.colcon_core.package_identification:_identify(src) by extensions ['cmake', 'python']
[4.131s] Level 1:colcon.colcon_core.package_identification:_identify(src) by extension 'cmake'
[4.132s] Level 1:colcon.colcon_core.package_identification:_identify(src) by extension 'python'
[4.132s] Level 1:colcon.colcon_core.package_identification:_identify(src) by extensions ['python_setup_py']
[4.132s] Level 1:colcon.colcon_core.package_identification:_identify(src) by extension 'python_setup_py'
[4.132s] Level 1:colcon.colcon_core.package_identification:_identify(src/build) by extensions ['ignore', 'ignore_ament_install']
[4.132s] Level 1:colcon.colcon_core.package_identification:_identify(src/build) by extension 'ignore'
[4.133s] Level 1:colcon.colcon_core.package_identification:_identify(src/build) ignored
[4.133s] Level 1:colcon.colcon_core.package_identification:_identify(src/install) by extensions ['ignore', 'ignore_ament_install']
[4.133s] Level 1:colcon.colcon_core.package_identification:_identify(src/install) by extension 'ignore'
[4.133s] Level 1:colcon.colcon_core.package_identification:_identify(src/install) ignored
[4.134s] Level 1:colcon.colcon_core.package_identification:_identify(src/log) by extensions ['ignore', 'ignore_ament_install']
[4.134s] Level 1:colcon.colcon_core.package_identification:_identify(src/log) by extension 'ignore'
[4.134s] Level 1:colcon.colcon_core.package_identification:_identify(src/log) ignored
[4.134s] Level 1:colcon.colcon_core.package_identification:_identify(src/motor) by extensions ['ignore', 'ignore_ament_install']
[4.134s] Level 1:colcon.colcon_core.package_identification:_identify(src/motor) by extension 'ignore'
[4.135s] Level 1:colcon.colcon_core.package_identification:_identify(src/motor) by extension 'ignore_ament_install'
[4.135s] Level 1:colcon.colcon_core.package_identification:_identify(src/motor) by extensions ['colcon_pkg']
[4.135s] Level 1:colcon.colcon_core.package_identification:_identify(src/motor) by extension 'colcon_pkg'
[4.135s] Level 1:colcon.colcon_core.package_identification:_identify(src/motor) by extensions ['colcon_meta']
[4.135s] Level 1:colcon.colcon_core.package_identification:_identify(src/motor) by extension 'colcon_meta'
[4.135s] Level 1:colcon.colcon_core.package_identification:_identify(src/motor) by extensions ['ros']
[4.135s] Level 1:colcon.colcon_core.package_identification:_identify(src/motor) by extension 'ros'
[4.139s] DEBUG:colcon.colcon_core.package_identification:Package 'src/motor' with type 'ros.ament_cmake' and name 'motor'
[4.140s] Level 1:colcon.colcon_core.package_identification:_identify(src/my_cpackage) by extensions ['ignore', 'ignore_ament_install']
[4.140s] Level 1:colcon.colcon_core.package_identification:_identify(src/my_cpackage) by extension 'ignore'
[4.140s] Level 1:colcon.colcon_core.package_identification:_identify(src/my_cpackage) by extension 'ignore_ament_install'
[4.140s] Level 1:colcon.colcon_core.package_identification:_identify(src/my_cpackage) by extensions ['colcon_pkg']
[4.141s] Level 1:colcon.colcon_core.package_identification:_identify(src/my_cpackage) by extension 'colcon_pkg'
[4.141s] Level 1:colcon.colcon_core.package_identification:_identify(src/my_cpackage) by extensions ['colcon_meta']
[4.141s] Level 1:colcon.colcon_core.package_identification:_identify(src/my_cpackage) by extension 'colcon_meta'
[4.141s] Level 1:colcon.colcon_core.package_identification:_identify(src/my_cpackage) by extensions ['ros']
[4.141s] Level 1:colcon.colcon_core.package_identification:_identify(src/my_cpackage) by extension 'ros'
[4.142s] DEBUG:colcon.colcon_core.package_identification:Package 'src/my_cpackage' with type 'ros.ament_cmake' and name 'my_cpackage'
[4.142s] Level 1:colcon.colcon_core.package_identification:_identify(src/my_package) by extensions ['ignore', 'ignore_ament_install']
[4.143s] Level 1:colcon.colcon_core.package_identification:_identify(src/my_package) by extension 'ignore'
[4.143s] Level 1:colcon.colcon_core.package_identification:_identify(src/my_package) by extension 'ignore_ament_install'
[4.143s] Level 1:colcon.colcon_core.package_identification:_identify(src/my_package) by extensions ['colcon_pkg']
[4.143s] Level 1:colcon.colcon_core.package_identification:_identify(src/my_package) by extension 'colcon_pkg'
[4.143s] Level 1:colcon.colcon_core.package_identification:_identify(src/my_package) by extensions ['colcon_meta']
[4.143s] Level 1:colcon.colcon_core.package_identification:_identify(src/my_package) by extension 'colcon_meta'
[4.143s] Level 1:colcon.colcon_core.package_identification:_identify(src/my_package) by extensions ['ros']
[4.143s] Level 1:colcon.colcon_core.package_identification:_identify(src/my_package) by extension 'ros'
[4.144s] DEBUG:colcon.colcon_core.package_identification:Package 'src/my_package' with type 'ros.ament_python' and name 'my_package'
[4.144s] Level 1:colcon.colcon_core.package_identification:_identify(src/test_urdf) by extensions ['ignore', 'ignore_ament_install']
[4.145s] Level 1:colcon.colcon_core.package_identification:_identify(src/test_urdf) by extension 'ignore'
[4.145s] Level 1:colcon.colcon_core.package_identification:_identify(src/test_urdf) by extension 'ignore_ament_install'
[4.145s] Level 1:colcon.colcon_core.package_identification:_identify(src/test_urdf) by extensions ['colcon_pkg']
[4.145s] Level 1:colcon.colcon_core.package_identification:_identify(src/test_urdf) by extension 'colcon_pkg'
[4.145s] Level 1:colcon.colcon_core.package_identification:_identify(src/test_urdf) by extensions ['colcon_meta']
[4.145s] Level 1:colcon.colcon_core.package_identification:_identify(src/test_urdf) by extension 'colcon_meta'
[4.146s] Level 1:colcon.colcon_core.package_identification:_identify(src/test_urdf) by extensions ['ros']
[4.146s] Level 1:colcon.colcon_core.package_identification:_identify(src/test_urdf) by extension 'ros'
[4.147s] DEBUG:colcon.colcon_core.package_identification:Package 'src/test_urdf' with type 'ros.ament_cmake' and name 'test_urdf'
[4.147s] Level 1:colcon.colcon_core.package_identification:_identify(src/wheelmasters) by extensions ['ignore', 'ignore_ament_install']
[4.147s] Level 1:colcon.colcon_core.package_identification:_identify(src/wheelmasters) by extension 'ignore'
[4.147s] Level 1:colcon.colcon_core.package_identification:_identify(src/wheelmasters) by extension 'ignore_ament_install'
[4.147s] Level 1:colcon.colcon_core.package_identification:_identify(src/wheelmasters) by extensions ['colcon_pkg']
[4.147s] Level 1:colcon.colcon_core.package_identification:_identify(src/wheelmasters) by extension 'colcon_pkg'
[4.148s] Level 1:colcon.colcon_core.package_identification:_identify(src/wheelmasters) by extensions ['colcon_meta']
[4.148s] Level 1:colcon.colcon_core.package_identification:_identify(src/wheelmasters) by extension 'colcon_meta'
[4.148s] Level 1:colcon.colcon_core.package_identification:_identify(src/wheelmasters) by extensions ['ros']
[4.148s] Level 1:colcon.colcon_core.package_identification:_identify(src/wheelmasters) by extension 'ros'
[4.149s] DEBUG:colcon.colcon_core.package_identification:Package 'src/wheelmasters' with type 'ros.ament_python' and name 'wheelmasters'
[4.149s] Level 1:colcon.colcon_core.package_discovery:discover_packages(recursive) using defaults
[4.149s] Level 1:colcon.colcon_core.package_discovery:discover_packages(ignore) discover
[4.150s] Level 1:colcon.colcon_core.package_discovery:discover_packages(ignore) using defaults
[4.150s] Level 1:colcon.colcon_core.package_discovery:discover_packages(path) discover
[4.150s] Level 1:colcon.colcon_core.package_discovery:discover_packages(path) using defaults
[4.498s] Level 1:colcon.colcon_core.package_discovery:discover_packages(prefix_path) check parameters
[4.498s] Level 1:colcon.colcon_core.package_discovery:discover_packages(prefix_path) discover
[4.936s] DEBUG:colcon.colcon_installed_package_information.package_discovery:Found 5 installed packages in /home/osinachi/foxy_ws/install
[5.003s] DEBUG:colcon.colcon_installed_package_information.package_discovery:Found 265 installed packages in /opt/ros/foxy
[5.006s] Level 1:colcon.colcon_core.package_discovery:discover_packages(prefix_path) using defaults
[5.511s] Level 5:colcon.colcon_core.verb:set package 'motor' build argument 'cmake_args' from command line to 'None'
[5.511s] Level 5:colcon.colcon_core.verb:set package 'motor' build argument 'cmake_target' from command line to 'None'
[5.511s] Level 5:colcon.colcon_core.verb:set package 'motor' build argument 'cmake_target_skip_unavailable' from command line to 'False'
[5.511s] Level 5:colcon.colcon_core.verb:set package 'motor' build argument 'cmake_clean_cache' from command line to 'False'
[5.512s] Level 5:colcon.colcon_core.verb:set package 'motor' build argument 'cmake_clean_first' from command line to 'False'
[5.512s] Level 5:colcon.colcon_core.verb:set package 'motor' build argument 'cmake_force_configure' from command line to 'False'
[5.512s] Level 5:colcon.colcon_core.verb:set package 'motor' build argument 'ament_cmake_args' from command line to 'None'
[5.512s] Level 5:colcon.colcon_core.verb:set package 'motor' build argument 'catkin_cmake_args' from command line to 'None'
[5.512s] Level 5:colcon.colcon_core.verb:set package 'motor' build argument 'catkin_skip_building_tests' from command line to 'False'
[5.512s] DEBUG:colcon.colcon_core.verb:Building package 'motor' with the following arguments: {'ament_cmake_args': None, 'build_base': '/home/osinachi/foxy_ws/build/motor', 'catkin_cmake_args': None, 'catkin_skip_building_tests': False, 'cmake_args': None, 'cmake_clean_cache': False, 'cmake_clean_first': False, 'cmake_force_configure': False, 'cmake_target': None, 'cmake_target_skip_unavailable': False, 'install_base': '/home/osinachi/foxy_ws/install/motor', 'merge_install': False, 'path': '/home/osinachi/foxy_ws/src/motor', 'symlink_install': True, 'test_result_base': None}
[5.661s] Level 5:colcon.colcon_core.verb:set package 'my_cpackage' build argument 'cmake_args' from command line to 'None'
[5.662s] Level 5:colcon.colcon_core.verb:set package 'my_cpackage' build argument 'cmake_target' from command line to 'None'
[5.663s] Level 5:colcon.colcon_core.verb:set package 'my_cpackage' build argument 'cmake_target_skip_unavailable' from command line to 'False'
[5.663s] Level 5:colcon.colcon_core.verb:set package 'my_cpackage' build argument 'cmake_clean_cache' from command line to 'False'
[5.664s] Level 5:colcon.colcon_core.verb:set package 'my_cpackage' build argument 'cmake_clean_first' from command line to 'False'
[5.664s] Level 5:colcon.colcon_core.verb:set package 'my_cpackage' build argument 'cmake_force_configure' from command line to 'False'
[5.664s] Level 5:colcon.colcon_core.verb:set package 'my_cpackage' build argument 'ament_cmake_args' from command line to 'None'
[5.664s] Level 5:colcon.colcon_core.verb:set package 'my_cpackage' build argument 'catkin_cmake_args' from command line to 'None'
[5.665s] Level 5:colcon.colcon_core.verb:set package 'my_cpackage' build argument 'catkin_skip_building_tests' from command line to 'False'
[5.665s] DEBUG:colcon.colcon_core.verb:Building package 'my_cpackage' with the following arguments: {'ament_cmake_args': None, 'build_base': '/home/osinachi/foxy_ws/build/my_cpackage', 'catkin_cmake_args': None, 'catkin_skip_building_tests': False, 'cmake_args': None, 'cmake_clean_cache': False, 'cmake_clean_first': False, 'cmake_force_configure': False, 'cmake_target': None, 'cmake_target_skip_unavailable': False, 'install_base': '/home/osinachi/foxy_ws/install/my_cpackage', 'merge_install': False, 'path': '/home/osinachi/foxy_ws/src/my_cpackage', 'symlink_install': True, 'test_result_base': None}
[5.766s] Level 5:colcon.colcon_core.verb:set package 'my_package' build argument 'cmake_args' from command line to 'None'
[5.767s] Level 5:colcon.colcon_core.verb:set package 'my_package' build argument 'cmake_target' from command line to 'None'
[5.767s] Level 5:colcon.colcon_core.verb:set package 'my_package' build argument 'cmake_target_skip_unavailable' from command line to 'False'
[5.767s] Level 5:colcon.colcon_core.verb:set package 'my_package' build argument 'cmake_clean_cache' from command line to 'False'
[5.767s] Level 5:colcon.colcon_core.verb:set package 'my_package' build argument 'cmake_clean_first' from command line to 'False'
[5.767s] Level 5:colcon.colcon_core.verb:set package 'my_package' build argument 'cmake_force_configure' from command line to 'False'
[5.767s] Level 5:colcon.colcon_core.verb:set package 'my_package' build argument 'ament_cmake_args' from command line to 'None'
[5.767s] Level 5:colcon.colcon_core.verb:set package 'my_package' build argument 'catkin_cmake_args' from command line to 'None'
[5.767s] Level 5:colcon.colcon_core.verb:set package 'my_package' build argument 'catkin_skip_building_tests' from command line to 'False'
[5.767s] DEBUG:colcon.colcon_core.verb:Building package 'my_package' with the following arguments: {'ament_cmake_args': None, 'build_base': '/home/osinachi/foxy_ws/build/my_package', 'catkin_cmake_args': None, 'catkin_skip_building_tests': False, 'cmake_args': None, 'cmake_clean_cache': False, 'cmake_clean_first': False, 'cmake_force_configure': False, 'cmake_target': None, 'cmake_target_skip_unavailable': False, 'install_base': '/home/osinachi/foxy_ws/install/my_package', 'merge_install': False, 'path': '/home/osinachi/foxy_ws/src/my_package', 'symlink_install': True, 'test_result_base': None}
[5.848s] Level 5:colcon.colcon_core.verb:set package 'test_urdf' build argument 'cmake_args' from command line to 'None'
[5.849s] Level 5:colcon.colcon_core.verb:set package 'test_urdf' build argument 'cmake_target' from command line to 'None'
[5.849s] Level 5:colcon.colcon_core.verb:set package 'test_urdf' build argument 'cmake_target_skip_unavailable' from command line to 'False'
[5.849s] Level 5:colcon.colcon_core.verb:set package 'test_urdf' build argument 'cmake_clean_cache' from command line to 'False'
[5.849s] Level 5:colcon.colcon_core.verb:set package 'test_urdf' build argument 'cmake_clean_first' from command line to 'False'
[5.849s] Level 5:colcon.colcon_core.verb:set package 'test_urdf' build argument 'cmake_force_configure' from command line to 'False'
[5.849s] Level 5:colcon.colcon_core.verb:set package 'test_urdf' build argument 'ament_cmake_args' from command line to 'None'
[5.849s] Level 5:colcon.colcon_core.verb:set package 'test_urdf' build argument 'catkin_cmake_args' from command line to 'None'
[5.849s] Level 5:colcon.colcon_core.verb:set package 'test_urdf' build argument 'catkin_skip_building_tests' from command line to 'False'
[5.849s] DEBUG:colcon.colcon_core.verb:Building package 'test_urdf' with the following arguments: {'ament_cmake_args': None, 'build_base': '/home/osinachi/foxy_ws/build/test_urdf', 'catkin_cmake_args': None, 'catkin_skip_building_tests': False, 'cmake_args': None, 'cmake_clean_cache': False, 'cmake_clean_first': False, 'cmake_force_configure': False, 'cmake_target': None, 'cmake_target_skip_unavailable': False, 'install_base': '/home/osinachi/foxy_ws/install/test_urdf', 'merge_install': False, 'path': '/home/osinachi/foxy_ws/src/test_urdf', 'symlink_install': True, 'test_result_base': None}
[5.952s] Level 5:colcon.colcon_core.verb:set package 'wheelmasters' build argument 'cmake_args' from command line to 'None'
[5.952s] Level 5:colcon.colcon_core.verb:set package 'wheelmasters' build argument 'cmake_target' from command line to 'None'
[5.952s] Level 5:colcon.colcon_core.verb:set package 'wheelmasters' build argument 'cmake_target_skip_unavailable' from command line to 'False'
[5.953s] Level 5:colcon.colcon_core.verb:set package 'wheelmasters' build argument 'cmake_clean_cache' from command line to 'False'
[5.953s] Level 5:colcon.colcon_core.verb:set package 'wheelmasters' build argument 'cmake_clean_first' from command line to 'False'
[5.953s] Level 5:colcon.colcon_core.verb:set package 'wheelmasters' build argument 'cmake_force_configure' from command line to 'False'
[5.953s] Level 5:colcon.colcon_core.verb:set package 'wheelmasters' build argument 'ament_cmake_args' from command line to 'None'
[5.953s] Level 5:colcon.colcon_core.verb:set package 'wheelmasters' build argument 'catkin_cmake_args' from command line to 'None'
[5.953s] Level 5:colcon.colcon_core.verb:set package 'wheelmasters' build argument 'catkin_skip_building_tests' from command line to 'False'
[5.953s] DEBUG:colcon.colcon_core.verb:Building package 'wheelmasters' with the following arguments: {'ament_cmake_args': None, 'build_base': '/home/osinachi/foxy_ws/build/wheelmasters', 'catkin_cmake_args': None, 'catkin_skip_building_tests': False, 'cmake_args': None, 'cmake_clean_cache': False, 'cmake_clean_first': False, 'cmake_force_configure': False, 'cmake_target': None, 'cmake_target_skip_unavailable': False, 'install_base': '/home/osinachi/foxy_ws/install/wheelmasters', 'merge_install': False, 'path': '/home/osinachi/foxy_ws/src/wheelmasters', 'symlink_install': True, 'test_result_base': None}
[6.038s] INFO:colcon.colcon_core.executor:Executing jobs using 'parallel' executor
[6.146s] DEBUG:colcon.colcon_parallel_executor.executor.parallel:run_until_complete
[6.147s] INFO:colcon.colcon_ros.task.ament_cmake.build:Building ROS package in '/home/osinachi/foxy_ws/src/motor' with build type 'ament_cmake'
[6.148s] INFO:colcon.colcon_cmake.task.cmake.build:Building CMake package in '/home/osinachi/foxy_ws/src/motor'
[6.225s] INFO:colcon.colcon_core.plugin_system:Skipping extension 'colcon_core.shell.bat': Not used on non-Windows systems
[6.225s] INFO:colcon.colcon_core.shell:Skip shell extension 'powershell' for command environment: Not usable outside of PowerShell
[6.226s] DEBUG:colcon.colcon_core.shell:Skip shell extension 'dsv' for command environment
[6.456s] INFO:colcon.colcon_ros.task.ament_cmake.build:Building ROS package in '/home/osinachi/foxy_ws/src/my_cpackage' with build type 'ament_cmake'
[6.457s] INFO:colcon.colcon_cmake.task.cmake.build:Building CMake package in '/home/osinachi/foxy_ws/src/my_cpackage'
[6.528s] INFO:colcon.colcon_core.shell:Skip shell extension 'powershell' for command environment: Not usable outside of PowerShell
[6.529s] DEBUG:colcon.colcon_core.shell:Skip shell extension 'dsv' for command environment
[6.753s] INFO:colcon.colcon_ros.task.ament_python.build:Building ROS package in '/home/osinachi/foxy_ws/src/my_package' with build type 'ament_python'
[6.755s] Level 1:colcon.colcon_core.shell:create_environment_hook('my_package', 'ament_prefix_path')
[6.836s] INFO:colcon.colcon_core.shell:Creating environment hook '/home/osinachi/foxy_ws/install/my_package/share/my_package/hook/ament_prefix_path.ps1'
[6.838s] INFO:colcon.colcon_core.shell:Creating environment descriptor '/home/osinachi/foxy_ws/install/my_package/share/my_package/hook/ament_prefix_path.dsv'
[6.838s] INFO:colcon.colcon_core.shell:Creating environment hook '/home/osinachi/foxy_ws/install/my_package/share/my_package/hook/ament_prefix_path.sh'
[6.917s] INFO:colcon.colcon_core.shell:Skip shell extension 'powershell' for command environment: Not usable outside of PowerShell
[6.917s] DEBUG:colcon.colcon_core.shell:Skip shell extension 'dsv' for command environment
[7.168s] INFO:colcon.colcon_ros.task.ament_cmake.build:Building ROS package in '/home/osinachi/foxy_ws/src/test_urdf' with build type 'ament_cmake'
[7.170s] INFO:colcon.colcon_cmake.task.cmake.build:Building CMake package in '/home/osinachi/foxy_ws/src/test_urdf'
[7.247s] INFO:colcon.colcon_core.shell:Skip shell extension 'powershell' for command environment: Not usable outside of PowerShell
[7.248s] DEBUG:colcon.colcon_core.shell:Skip shell extension 'dsv' for command environment
[7.495s] DEBUG:colcon.colcon_core.event_handler.log_command:Invoking command in '/home/osinachi/foxy_ws/build/motor': CMAKE_PREFIX_PATH=${CMAKE_PREFIX_PATH}:/home/osinachi/foxy_ws/install/wheelmasters:/home/osinachi/foxy_ws/install/my_package:/opt/ros/foxy CONDA_PROMPT_MODIFIER=(base) /usr/bin/cmake --build /home/osinachi/foxy_ws/build/motor -- -j4 -l4
[7.524s] DEBUG:colcon.colcon_core.event_handler.log_command:Invoking command in '/home/osinachi/foxy_ws/build/my_cpackage': CMAKE_PREFIX_PATH=${CMAKE_PREFIX_PATH}:/home/osinachi/foxy_ws/install/wheelmasters:/home/osinachi/foxy_ws/install/my_package:/opt/ros/foxy CONDA_PROMPT_MODIFIER=(base) /usr/bin/cmake --build /home/osinachi/foxy_ws/build/my_cpackage -- -j4 -l4
[8.035s] INFO:colcon.colcon_core.task.python.build:Building Python package in '/home/osinachi/foxy_ws/src/my_package'
[8.106s] INFO:colcon.colcon_core.shell:Skip shell extension 'powershell' for command environment: Not usable outside of PowerShell
[8.106s] DEBUG:colcon.colcon_core.shell:Skip shell extension 'dsv' for command environment
[8.340s] DEBUG:colcon.colcon_core.event_handler.log_command:Invoking command in '/home/osinachi/foxy_ws/build/test_urdf': CMAKE_PREFIX_PATH=${CMAKE_PREFIX_PATH}:/home/osinachi/foxy_ws/install/wheelmasters:/home/osinachi/foxy_ws/install/my_package:/opt/ros/foxy CONDA_PROMPT_MODIFIER=(base) /usr/bin/cmake --build /home/osinachi/foxy_ws/build/test_urdf -- -j4 -l4
[8.359s] DEBUG:colcon.colcon_core.event_handler.log_command:Invoked command in '/home/osinachi/foxy_ws/build/my_cpackage' returned '0': CMAKE_PREFIX_PATH=${CMAKE_PREFIX_PATH}:/home/osinachi/foxy_ws/install/wheelmasters:/home/osinachi/foxy_ws/install/my_package:/opt/ros/foxy CONDA_PROMPT_MODIFIER=(base) /usr/bin/cmake --build /home/osinachi/foxy_ws/build/my_cpackage -- -j4 -l4
[8.375s] DEBUG:colcon.colcon_core.event_handler.log_command:Invoked command in '/home/osinachi/foxy_ws/build/motor' returned '0': CMAKE_PREFIX_PATH=${CMAKE_PREFIX_PATH}:/home/osinachi/foxy_ws/install/wheelmasters:/home/osinachi/foxy_ws/install/my_package:/opt/ros/foxy CONDA_PROMPT_MODIFIER=(base) /usr/bin/cmake --build /home/osinachi/foxy_ws/build/motor -- -j4 -l4
[8.449s] DEBUG:colcon.colcon_core.event_handler.log_command:Invoked command in '/home/osinachi/foxy_ws/build/test_urdf' returned '0': CMAKE_PREFIX_PATH=${CMAKE_PREFIX_PATH}:/home/osinachi/foxy_ws/install/wheelmasters:/home/osinachi/foxy_ws/install/my_package:/opt/ros/foxy CONDA_PROMPT_MODIFIER=(base) /usr/bin/cmake --build /home/osinachi/foxy_ws/build/test_urdf -- -j4 -l4
[8.492s] DEBUG:colcon.colcon_core.event_handler.log_command:Invoking command in '/home/osinachi/foxy_ws/build/my_cpackage': CMAKE_PREFIX_PATH=${CMAKE_PREFIX_PATH}:/home/osinachi/foxy_ws/install/wheelmasters:/home/osinachi/foxy_ws/install/my_package:/opt/ros/foxy CONDA_PROMPT_MODIFIER=(base) /usr/bin/cmake --install /home/osinachi/foxy_ws/build/my_cpackage
[8.521s] DEBUG:colcon.colcon_core.event_handler.log_command:Invoking command in '/home/osinachi/foxy_ws/build/motor': CMAKE_PREFIX_PATH=${CMAKE_PREFIX_PATH}:/home/osinachi/foxy_ws/install/wheelmasters:/home/osinachi/foxy_ws/install/my_package:/opt/ros/foxy CONDA_PROMPT_MODIFIER=(base) /usr/bin/cmake --install /home/osinachi/foxy_ws/build/motor
[8.548s] DEBUG:colcon.colcon_core.event_handler.log_command:Invoking command in '/home/osinachi/foxy_ws/build/test_urdf': CMAKE_PREFIX_PATH=${CMAKE_PREFIX_PATH}:/home/osinachi/foxy_ws/install/wheelmasters:/home/osinachi/foxy_ws/install/my_package:/opt/ros/foxy CONDA_PROMPT_MODIFIER=(base) /usr/bin/cmake --install /home/osinachi/foxy_ws/build/test_urdf
[8.608s] Level 1:colcon.colcon_core.environment:create_environment_scripts_only(my_cpackage)
[8.619s] DEBUG:colcon.colcon_core.event_handler.log_command:Invoked command in '/home/osinachi/foxy_ws/build/my_cpackage' returned '0': CMAKE_PREFIX_PATH=${CMAKE_PREFIX_PATH}:/home/osinachi/foxy_ws/install/wheelmasters:/home/osinachi/foxy_ws/install/my_package:/opt/ros/foxy CONDA_PROMPT_MODIFIER=(base) /usr/bin/cmake --install /home/osinachi/foxy_ws/build/my_cpackage
[8.739s] Level 1:colcon.colcon_core.environment:checking '/home/osinachi/foxy_ws/install/my_cpackage' for CMake module files
[8.741s] Level 1:colcon.colcon_core.environment:checking '/home/osinachi/foxy_ws/install/my_cpackage' for CMake config files
[8.742s] Level 1:colcon.colcon_core.shell:create_environment_hook('my_cpackage', 'cmake_prefix_path')
[8.817s] INFO:colcon.colcon_core.shell:Creating environment hook '/home/osinachi/foxy_ws/install/my_cpackage/share/my_cpackage/hook/cmake_prefix_path.ps1'
[8.818s] INFO:colcon.colcon_core.shell:Creating environment descriptor '/home/osinachi/foxy_ws/install/my_cpackage/share/my_cpackage/hook/cmake_prefix_path.dsv'
[8.819s] INFO:colcon.colcon_core.shell:Creating environment hook '/home/osinachi/foxy_ws/install/my_cpackage/share/my_cpackage/hook/cmake_prefix_path.sh'
[8.821s] Level 1:colcon.colcon_core.environment:checking '/home/osinachi/foxy_ws/install/my_cpackage/lib'
[8.822s] Level 1:colcon.colcon_core.environment:checking '/home/osinachi/foxy_ws/install/my_cpackage/bin'
[8.822s] Level 1:colcon.colcon_core.environment:checking '/home/osinachi/foxy_ws/install/my_cpackage/lib/pkgconfig/my_cpackage.pc'
[8.823s] Level 1:colcon.colcon_core.environment:checking '/home/osinachi/foxy_ws/install/my_cpackage/lib/python3.8/site-packages'
[8.824s] Level 1:colcon.colcon_core.environment:checking '/home/osinachi/foxy_ws/install/my_cpackage/bin'
[8.909s] INFO:colcon.colcon_core.shell:Creating package script '/home/osinachi/foxy_ws/install/my_cpackage/share/my_cpackage/package.ps1'
[8.911s] INFO:colcon.colcon_core.shell:Creating package descriptor '/home/osinachi/foxy_ws/install/my_cpackage/share/my_cpackage/package.dsv'
[8.913s] INFO:colcon.colcon_core.shell:Creating package script '/home/osinachi/foxy_ws/install/my_cpackage/share/my_cpackage/package.sh'
[8.915s] INFO:colcon.colcon_core.shell:Creating package script '/home/osinachi/foxy_ws/install/my_cpackage/share/my_cpackage/package.bash'
[8.918s] INFO:colcon.colcon_core.shell:Creating package script '/home/osinachi/foxy_ws/install/my_cpackage/share/my_cpackage/package.zsh'
[8.923s] Level 1:colcon.colcon_core.environment:create_file_with_runtime_dependencies(/home/osinachi/foxy_ws/install/my_cpackage/share/colcon-core/packages/my_cpackage)
[8.936s] Level 1:colcon.colcon_core.environment:create_environment_scripts_only(motor)
[8.938s] DEBUG:colcon.colcon_core.event_handler.log_command:Invoked command in '/home/osinachi/foxy_ws/build/motor' returned '0': CMAKE_PREFIX_PATH=${CMAKE_PREFIX_PATH}:/home/osinachi/foxy_ws/install/wheelmasters:/home/osinachi/foxy_ws/install/my_package:/opt/ros/foxy CONDA_PROMPT_MODIFIER=(base) /usr/bin/cmake --install /home/osinachi/foxy_ws/build/motor
[9.047s] Level 1:colcon.colcon_core.environment:checking '/home/osinachi/foxy_ws/install/motor' for CMake module files
[9.048s] Level 1:colcon.colcon_core.environment:checking '/home/osinachi/foxy_ws/install/motor' for CMake config files
[9.049s] Level 1:colcon.colcon_core.shell:create_environment_hook('motor', 'cmake_prefix_path')
[9.156s] INFO:colcon.colcon_core.shell:Creating environment hook '/home/osinachi/foxy_ws/install/motor/share/motor/hook/cmake_prefix_path.ps1'
[9.157s] INFO:colcon.colcon_core.shell:Creating environment descriptor '/home/osinachi/foxy_ws/install/motor/share/motor/hook/cmake_prefix_path.dsv'
[9.158s] INFO:colcon.colcon_core.shell:Creating environment hook '/home/osinachi/foxy_ws/install/motor/share/motor/hook/cmake_prefix_path.sh'
[9.160s] Level 1:colcon.colcon_core.environment:checking '/home/osinachi/foxy_ws/install/motor/lib'
[9.161s] Level 1:colcon.colcon_core.environment:checking '/home/osinachi/foxy_ws/install/motor/bin'
[9.161s] Level 1:colcon.colcon_core.environment:checking '/home/osinachi/foxy_ws/install/motor/lib/pkgconfig/motor.pc'
[9.162s] Level 1:colcon.colcon_core.environment:checking '/home/osinachi/foxy_ws/install/motor/lib/python3.8/site-packages'
[9.162s] Level 1:colcon.colcon_core.shell:create_environment_hook('motor', 'pythonpath')
[9.248s] INFO:colcon.colcon_core.shell:Creating environment hook '/home/osinachi/foxy_ws/install/motor/share/motor/hook/pythonpath.ps1'
[9.249s] INFO:colcon.colcon_core.shell:Creating environment descriptor '/home/osinachi/foxy_ws/install/motor/share/motor/hook/pythonpath.dsv'
[9.250s] INFO:colcon.colcon_core.shell:Creating environment hook '/home/osinachi/foxy_ws/install/motor/share/motor/hook/pythonpath.sh'
[9.252s] Level 1:colcon.colcon_core.environment:checking '/home/osinachi/foxy_ws/install/motor/bin'
[9.356s] INFO:colcon.colcon_core.shell:Creating package script '/home/osinachi/foxy_ws/install/motor/share/motor/package.ps1'
[9.358s] INFO:colcon.colcon_core.shell:Creating package descriptor '/home/osinachi/foxy_ws/install/motor/share/motor/package.dsv'
[9.360s] INFO:colcon.colcon_core.shell:Creating package script '/home/osinachi/foxy_ws/install/motor/share/motor/package.sh'
[9.361s] INFO:colcon.colcon_core.shell:Creating package script '/home/osinachi/foxy_ws/install/motor/share/motor/package.bash'
[9.362s] INFO:colcon.colcon_core.shell:Creating package script '/home/osinachi/foxy_ws/install/motor/share/motor/package.zsh'
[9.363s] Level 1:colcon.colcon_core.environment:create_file_with_runtime_dependencies(/home/osinachi/foxy_ws/install/motor/share/colcon-core/packages/motor)
[9.373s] Level 1:colcon.colcon_core.environment:create_environment_scripts_only(test_urdf)
[9.382s] DEBUG:colcon.colcon_core.event_handler.log_command:Invoked command in '/home/osinachi/foxy_ws/build/test_urdf' returned '0': CMAKE_PREFIX_PATH=${CMAKE_PREFIX_PATH}:/home/osinachi/foxy_ws/install/wheelmasters:/home/osinachi/foxy_ws/install/my_package:/opt/ros/foxy CONDA_PROMPT_MODIFIER=(base) /usr/bin/cmake --install /home/osinachi/foxy_ws/build/test_urdf
[9.511s] Level 1:colcon.colcon_core.environment:checking '/home/osinachi/foxy_ws/install/test_urdf' for CMake module files
[9.512s] Level 1:colcon.colcon_core.environment:checking '/home/osinachi/foxy_ws/install/test_urdf' for CMake config files
[9.513s] Level 1:colcon.colcon_core.shell:create_environment_hook('test_urdf', 'cmake_prefix_path')
[9.584s] INFO:colcon.colcon_core.shell:Creating environment hook '/home/osinachi/foxy_ws/install/test_urdf/share/test_urdf/hook/cmake_prefix_path.ps1'
[9.585s] INFO:colcon.colcon_core.shell:Creating environment descriptor '/home/osinachi/foxy_ws/install/test_urdf/share/test_urdf/hook/cmake_prefix_path.dsv'
[9.586s] INFO:colcon.colcon_core.shell:Creating environment hook '/home/osinachi/foxy_ws/install/test_urdf/share/test_urdf/hook/cmake_prefix_path.sh'
[9.588s] Level 1:colcon.colcon_core.environment:checking '/home/osinachi/foxy_ws/install/test_urdf/bin'
[9.588s] Level 1:colcon.colcon_core.environment:checking '/home/osinachi/foxy_ws/install/test_urdf/lib/pkgconfig/test_urdf.pc'
[9.589s] Level 1:colcon.colcon_core.environment:checking '/home/osinachi/foxy_ws/install/test_urdf/lib/python3.8/site-packages'
[9.589s] Level 1:colcon.colcon_core.environment:checking '/home/osinachi/foxy_ws/install/test_urdf/bin'
[9.665s] INFO:colcon.colcon_core.shell:Creating package script '/home/osinachi/foxy_ws/install/test_urdf/share/test_urdf/package.ps1'
[9.666s] INFO:colcon.colcon_core.shell:Creating package descriptor '/home/osinachi/foxy_ws/install/test_urdf/share/test_urdf/package.dsv'
[9.667s] INFO:colcon.colcon_core.shell:Creating package script '/home/osinachi/foxy_ws/install/test_urdf/share/test_urdf/package.sh'
[9.668s] INFO:colcon.colcon_core.shell:Creating package script '/home/osinachi/foxy_ws/install/test_urdf/share/test_urdf/package.bash'
[9.669s] INFO:colcon.colcon_core.shell:Creating package script '/home/osinachi/foxy_ws/install/test_urdf/share/test_urdf/package.zsh'
[9.670s] Level 1:colcon.colcon_core.environment:create_file_with_runtime_dependencies(/home/osinachi/foxy_ws/install/test_urdf/share/colcon-core/packages/test_urdf)
[9.762s] Level 1:colcon.colcon_core.environment:create_environment_scripts_only(my_cpackage)
[9.825s] Level 1:colcon.colcon_core.environment:checking '/home/osinachi/foxy_ws/install/my_cpackage' for CMake module files
[9.826s] Level 1:colcon.colcon_core.environment:checking '/home/osinachi/foxy_ws/install/my_cpackage' for CMake config files
[9.827s] Level 1:colcon.colcon_core.shell:create_environment_hook('my_cpackage', 'cmake_prefix_path')
[9.905s] INFO:colcon.colcon_core.shell:Creating environment hook '/home/osinachi/foxy_ws/install/my_cpackage/share/my_cpackage/hook/cmake_prefix_path.ps1'
[9.906s] INFO:colcon.colcon_core.shell:Creating environment descriptor '/home/osinachi/foxy_ws/install/my_cpackage/share/my_cpackage/hook/cmake_prefix_path.dsv'
[9.907s] INFO:colcon.colcon_core.shell:Creating environment hook '/home/osinachi/foxy_ws/install/my_cpackage/share/my_cpackage/hook/cmake_prefix_path.sh'
[9.908s] Level 1:colcon.colcon_core.environment:checking '/home/osinachi/foxy_ws/install/my_cpackage/lib'
[9.909s] Level 1:colcon.colcon_core.environment:checking '/home/osinachi/foxy_ws/install/my_cpackage/bin'
[9.909s] Level 1:colcon.colcon_core.environment:checking '/home/osinachi/foxy_ws/install/my_cpackage/lib/pkgconfig/my_cpackage.pc'
[9.910s] Level 1:colcon.colcon_core.environment:checking '/home/osinachi/foxy_ws/install/my_cpackage/lib/python3.8/site-packages'
[9.910s] Level 1:colcon.colcon_core.environment:checking '/home/osinachi/foxy_ws/install/my_cpackage/bin'
[9.980s] INFO:colcon.colcon_core.shell:Creating package script '/home/osinachi/foxy_ws/install/my_cpackage/share/my_cpackage/package.ps1'
[9.981s] INFO:colcon.colcon_core.shell:Creating package descriptor '/home/osinachi/foxy_ws/install/my_cpackage/share/my_cpackage/package.dsv'
[9.982s] INFO:colcon.colcon_core.shell:Creating package script '/home/osinachi/foxy_ws/install/my_cpackage/share/my_cpackage/package.sh'
[9.983s] INFO:colcon.colcon_core.shell:Creating package script '/home/osinachi/foxy_ws/install/my_cpackage/share/my_cpackage/package.bash'
[9.984s] INFO:colcon.colcon_core.shell:Creating package script '/home/osinachi/foxy_ws/install/my_cpackage/share/my_cpackage/package.zsh'
[9.985s] Level 1:colcon.colcon_core.environment:create_file_with_runtime_dependencies(/home/osinachi/foxy_ws/install/my_cpackage/share/colcon-core/packages/my_cpackage)
[9.998s] DEBUG:colcon.colcon_core.event_handler.log_command:Invoking command in '/home/osinachi/foxy_ws/build/my_package': CONDA_PROMPT_MODIFIER=(base) PYTHONPATH=/home/osinachi/foxy_ws/build/my_package/prefix_override:/home/osinachi/foxy_ws/install/my_package/lib/python3.8/site-packages:${PYTHONPATH} /usr/bin/python3 setup.py develop --editable --build-directory /home/osinachi/foxy_ws/build/my_package/build --no-deps install_data
[10.110s] Level 1:colcon.colcon_core.environment:create_environment_scripts_only(motor)
[10.211s] Level 1:colcon.colcon_core.environment:checking '/home/osinachi/foxy_ws/install/motor' for CMake module files
[10.212s] Level 1:colcon.colcon_core.environment:checking '/home/osinachi/foxy_ws/install/motor' for CMake config files
[10.213s] Level 1:colcon.colcon_core.shell:create_environment_hook('motor', 'cmake_prefix_path')
[10.303s] INFO:colcon.colcon_core.shell:Creating environment hook '/home/osinachi/foxy_ws/install/motor/share/motor/hook/cmake_prefix_path.ps1'
[10.305s] INFO:colcon.colcon_core.shell:Creating environment descriptor '/home/osinachi/foxy_ws/install/motor/share/motor/hook/cmake_prefix_path.dsv'
[10.306s] INFO:colcon.colcon_core.shell:Creating environment hook '/home/osinachi/foxy_ws/install/motor/share/motor/hook/cmake_prefix_path.sh'
[10.307s] Level 1:colcon.colcon_core.environment:checking '/home/osinachi/foxy_ws/install/motor/lib'
[10.307s] Level 1:colcon.colcon_core.environment:checking '/home/osinachi/foxy_ws/install/motor/bin'
[10.308s] Level 1:colcon.colcon_core.environment:checking '/home/osinachi/foxy_ws/install/motor/lib/pkgconfig/motor.pc'
[10.308s] Level 1:colcon.colcon_core.environment:checking '/home/osinachi/foxy_ws/install/motor/lib/python3.8/site-packages'
[10.308s] Level 1:colcon.colcon_core.shell:create_environment_hook('motor', 'pythonpath')
[10.400s] INFO:colcon.colcon_core.shell:Creating environment hook '/home/osinachi/foxy_ws/install/motor/share/motor/hook/pythonpath.ps1'
[10.402s] INFO:colcon.colcon_core.shell:Creating environment descriptor '/home/osinachi/foxy_ws/install/motor/share/motor/hook/pythonpath.dsv'
[10.403s] INFO:colcon.colcon_core.shell:Creating environment hook '/home/osinachi/foxy_ws/install/motor/share/motor/hook/pythonpath.sh'
[10.404s] Level 1:colcon.colcon_core.environment:checking '/home/osinachi/foxy_ws/install/motor/bin'
[10.504s] INFO:colcon.colcon_core.shell:Creating package script '/home/osinachi/foxy_ws/install/motor/share/motor/package.ps1'
[10.505s] INFO:colcon.colcon_core.shell:Creating package descriptor '/home/osinachi/foxy_ws/install/motor/share/motor/package.dsv'
[10.507s] INFO:colcon.colcon_core.shell:Creating package script '/home/osinachi/foxy_ws/install/motor/share/motor/package.sh'
[10.508s] INFO:colcon.colcon_core.shell:Creating package script '/home/osinachi/foxy_ws/install/motor/share/motor/package.bash'
[10.509s] INFO:colcon.colcon_core.shell:Creating package script '/home/osinachi/foxy_ws/install/motor/share/motor/package.zsh'
[10.510s] Level 1:colcon.colcon_core.environment:create_file_with_runtime_dependencies(/home/osinachi/foxy_ws/install/motor/share/colcon-core/packages/motor)
[10.511s] INFO:colcon.colcon_ros.task.ament_python.build:Building ROS package in '/home/osinachi/foxy_ws/src/wheelmasters' with build type 'ament_python'
[10.511s] Level 1:colcon.colcon_core.shell:create_environment_hook('wheelmasters', 'ament_prefix_path')
[10.628s] INFO:colcon.colcon_core.shell:Creating environment hook '/home/osinachi/foxy_ws/install/wheelmasters/share/wheelmasters/hook/ament_prefix_path.ps1'
[10.629s] INFO:colcon.colcon_core.shell:Creating environment descriptor '/home/osinachi/foxy_ws/install/wheelmasters/share/wheelmasters/hook/ament_prefix_path.dsv'
[10.630s] INFO:colcon.colcon_core.shell:Creating environment hook '/home/osinachi/foxy_ws/install/wheelmasters/share/wheelmasters/hook/ament_prefix_path.sh'
[10.740s] INFO:colcon.colcon_core.shell:Skip shell extension 'powershell' for command environment: Not usable outside of PowerShell
[10.740s] DEBUG:colcon.colcon_core.shell:Skip shell extension 'dsv' for command environment
[11.157s] Level 1:colcon.colcon_core.environment:create_environment_scripts_only(test_urdf)
[11.243s] Level 1:colcon.colcon_core.environment:checking '/home/osinachi/foxy_ws/install/test_urdf' for CMake module files
[11.244s] Level 1:colcon.colcon_core.environment:checking '/home/osinachi/foxy_ws/install/test_urdf' for CMake config files
[11.244s] Level 1:colcon.colcon_core.shell:create_environment_hook('test_urdf', 'cmake_prefix_path')
[11.328s] INFO:colcon.colcon_core.shell:Creating environment hook '/home/osinachi/foxy_ws/install/test_urdf/share/test_urdf/hook/cmake_prefix_path.ps1'
[11.329s] INFO:colcon.colcon_core.shell:Creating environment descriptor '/home/osinachi/foxy_ws/install/test_urdf/share/test_urdf/hook/cmake_prefix_path.dsv'
[11.330s] INFO:colcon.colcon_core.shell:Creating environment hook '/home/osinachi/foxy_ws/install/test_urdf/share/test_urdf/hook/cmake_prefix_path.sh'
[11.332s] Level 1:colcon.colcon_core.environment:checking '/home/osinachi/foxy_ws/install/test_urdf/bin'
[11.332s] Level 1:colcon.colcon_core.environment:checking '/home/osinachi/foxy_ws/install/test_urdf/lib/pkgconfig/test_urdf.pc'
[11.333s] Level 1:colcon.colcon_core.environment:checking '/home/osinachi/foxy_ws/install/test_urdf/lib/python3.8/site-packages'
[11.333s] Level 1:colcon.colcon_core.environment:checking '/home/osinachi/foxy_ws/install/test_urdf/bin'
[11.404s] INFO:colcon.colcon_core.shell:Creating package script '/home/osinachi/foxy_ws/install/test_urdf/share/test_urdf/package.ps1'
[11.406s] INFO:colcon.colcon_core.shell:Creating package descriptor '/home/osinachi/foxy_ws/install/test_urdf/share/test_urdf/package.dsv'
[11.407s] INFO:colcon.colcon_core.shell:Creating package script '/home/osinachi/foxy_ws/install/test_urdf/share/test_urdf/package.sh'
[11.408s] INFO:colcon.colcon_core.shell:Creating package script '/home/osinachi/foxy_ws/install/test_urdf/share/test_urdf/package.bash'
[11.409s] INFO:colcon.colcon_core.shell:Creating package script '/home/osinachi/foxy_ws/install/test_urdf/share/test_urdf/package.zsh'
[11.409s] Level 1:colcon.colcon_core.environment:create_file_with_runtime_dependencies(/home/osinachi/foxy_ws/install/test_urdf/share/colcon-core/packages/test_urdf)
[11.908s] INFO:colcon.colcon_core.task.python.build:Building Python package in '/home/osinachi/foxy_ws/src/wheelmasters'
[11.989s] INFO:colcon.colcon_core.shell:Skip shell extension 'powershell' for command environment: Not usable outside of PowerShell
[11.990s] DEBUG:colcon.colcon_core.shell:Skip shell extension 'dsv' for command environment
[12.194s] Level 1:colcon.colcon_core.shell:create_environment_hook('my_package', 'pythonpath_develop')
[12.196s] DEBUG:colcon.colcon_core.event_handler.log_command:Invoked command in '/home/osinachi/foxy_ws/build/my_package' returned '0': CONDA_PROMPT_MODIFIER=(base) PYTHONPATH=/home/osinachi/foxy_ws/build/my_package/prefix_override:/home/osinachi/foxy_ws/install/my_package/lib/python3.8/site-packages:${PYTHONPATH} /usr/bin/python3 setup.py develop --editable --build-directory /home/osinachi/foxy_ws/build/my_package/build --no-deps install_data
[12.267s] INFO:colcon.colcon_core.shell:Creating environment hook '/home/osinachi/foxy_ws/build/my_package/share/my_package/hook/pythonpath_develop.ps1'
[12.268s] INFO:colcon.colcon_core.shell:Creating environment descriptor '/home/osinachi/foxy_ws/build/my_package/share/my_package/hook/pythonpath_develop.dsv'
[12.269s] INFO:colcon.colcon_core.shell:Creating environment hook '/home/osinachi/foxy_ws/build/my_package/share/my_package/hook/pythonpath_develop.sh'
[12.339s] Level 1:colcon.colcon_core.environment:checking '/home/osinachi/foxy_ws/install/my_package' for CMake module files
[12.341s] Level 1:colcon.colcon_core.environment:checking '/home/osinachi/foxy_ws/install/my_package' for CMake config files
[12.342s] Level 1:colcon.colcon_core.environment:checking '/home/osinachi/foxy_ws/install/my_package/lib'
[12.342s] Level 1:colcon.colcon_core.environment:checking '/home/osinachi/foxy_ws/install/my_package/bin'
[12.342s] Level 1:colcon.colcon_core.environment:checking '/home/osinachi/foxy_ws/install/my_package/lib/pkgconfig/my_package.pc'
[12.343s] Level 1:colcon.colcon_core.environment:checking '/home/osinachi/foxy_ws/install/my_package/lib/python3.8/site-packages'
[12.343s] Level 1:colcon.colcon_core.shell:create_environment_hook('my_package', 'pythonpath')
[12.407s] INFO:colcon.colcon_core.shell:Creating environment hook '/home/osinachi/foxy_ws/install/my_package/share/my_package/hook/pythonpath.ps1'
[12.408s] INFO:colcon.colcon_core.shell:Creating environment descriptor '/home/osinachi/foxy_ws/install/my_package/share/my_package/hook/pythonpath.dsv'
[12.408s] INFO:colcon.colcon_core.shell:Creating environment hook '/home/osinachi/foxy_ws/install/my_package/share/my_package/hook/pythonpath.sh'
[12.410s] Level 1:colcon.colcon_core.environment:checking '/home/osinachi/foxy_ws/install/my_package/bin'
[12.410s] Level 1:colcon.colcon_core.environment:create_environment_scripts_only(my_package)
[12.479s] INFO:colcon.colcon_core.shell:Creating package script '/home/osinachi/foxy_ws/install/my_package/share/my_package/package.ps1'
[12.482s] INFO:colcon.colcon_core.shell:Creating package descriptor '/home/osinachi/foxy_ws/install/my_package/share/my_package/package.dsv'
[12.483s] INFO:colcon.colcon_core.shell:Creating package script '/home/osinachi/foxy_ws/install/my_package/share/my_package/package.sh'
[12.485s] INFO:colcon.colcon_core.shell:Creating package script '/home/osinachi/foxy_ws/install/my_package/share/my_package/package.bash'
[12.485s] INFO:colcon.colcon_core.shell:Creating package script '/home/osinachi/foxy_ws/install/my_package/share/my_package/package.zsh'
[12.486s] Level 1:colcon.colcon_core.environment:create_file_with_runtime_dependencies(/home/osinachi/foxy_ws/install/my_package/share/colcon-core/packages/my_package)
[13.255s] DEBUG:colcon.colcon_core.event_handler.log_command:Invoking command in '/home/osinachi/foxy_ws/build/wheelmasters': CONDA_PROMPT_MODIFIER=(base) PYTHONPATH=/home/osinachi/foxy_ws/build/wheelmasters/prefix_override:/home/osinachi/foxy_ws/install/wheelmasters/lib/python3.8/site-packages:${PYTHONPATH} /usr/bin/python3 setup.py develop --editable --build-directory /home/osinachi/foxy_ws/build/wheelmasters/build --no-deps install_data
[14.248s] Level 1:colcon.colcon_core.shell:create_environment_hook('wheelmasters', 'pythonpath_develop')
[14.249s] DEBUG:colcon.colcon_core.event_handler.log_command:Invoked command in '/home/osinachi/foxy_ws/build/wheelmasters' returned '0': CONDA_PROMPT_MODIFIER=(base) PYTHONPATH=/home/osinachi/foxy_ws/build/wheelmasters/prefix_override:/home/osinachi/foxy_ws/install/wheelmasters/lib/python3.8/site-packages:${PYTHONPATH} /usr/bin/python3 setup.py develop --editable --build-directory /home/osinachi/foxy_ws/build/wheelmasters/build --no-deps install_data
[14.336s] INFO:colcon.colcon_core.shell:Creating environment hook '/home/osinachi/foxy_ws/build/wheelmasters/share/wheelmasters/hook/pythonpath_develop.ps1'
[14.338s] INFO:colcon.colcon_core.shell:Creating environment descriptor '/home/osinachi/foxy_ws/build/wheelmasters/share/wheelmasters/hook/pythonpath_develop.dsv'
[14.341s] INFO:colcon.colcon_core.shell:Creating environment hook '/home/osinachi/foxy_ws/build/wheelmasters/share/wheelmasters/hook/pythonpath_develop.sh'
[14.418s] Level 1:colcon.colcon_core.environment:checking '/home/osinachi/foxy_ws/install/wheelmasters' for CMake module files
[14.419s] Level 1:colcon.colcon_core.environment:checking '/home/osinachi/foxy_ws/install/wheelmasters' for CMake config files
[14.420s] Level 1:colcon.colcon_core.environment:checking '/home/osinachi/foxy_ws/install/wheelmasters/lib'
[14.420s] Level 1:colcon.colcon_core.environment:checking '/home/osinachi/foxy_ws/install/wheelmasters/bin'
[14.420s] Level 1:colcon.colcon_core.environment:checking '/home/osinachi/foxy_ws/install/wheelmasters/lib/pkgconfig/wheelmasters.pc'
[14.421s] Level 1:colcon.colcon_core.environment:checking '/home/osinachi/foxy_ws/install/wheelmasters/lib/python3.8/site-packages'
[14.421s] Level 1:colcon.colcon_core.shell:create_environment_hook('wheelmasters', 'pythonpath')
[14.484s] INFO:colcon.colcon_core.shell:Creating environment hook '/home/osinachi/foxy_ws/install/wheelmasters/share/wheelmasters/hook/pythonpath.ps1'
[14.486s] INFO:colcon.colcon_core.shell:Creating environment descriptor '/home/osinachi/foxy_ws/install/wheelmasters/share/wheelmasters/hook/pythonpath.dsv'
[14.488s] INFO:colcon.colcon_core.shell:Creating environment hook '/home/osinachi/foxy_ws/install/wheelmasters/share/wheelmasters/hook/pythonpath.sh'
[14.489s] Level 1:colcon.colcon_core.environment:checking '/home/osinachi/foxy_ws/install/wheelmasters/bin'
[14.489s] Level 1:colcon.colcon_core.environment:create_environment_scripts_only(wheelmasters)
[14.566s] INFO:colcon.colcon_core.shell:Creating package script '/home/osinachi/foxy_ws/install/wheelmasters/share/wheelmasters/package.ps1'
[14.567s] INFO:colcon.colcon_core.shell:Creating package descriptor '/home/osinachi/foxy_ws/install/wheelmasters/share/wheelmasters/package.dsv'
[14.568s] INFO:colcon.colcon_core.shell:Creating package script '/home/osinachi/foxy_ws/install/wheelmasters/share/wheelmasters/package.sh'
[14.569s] INFO:colcon.colcon_core.shell:Creating package script '/home/osinachi/foxy_ws/install/wheelmasters/share/wheelmasters/package.bash'
[14.570s] INFO:colcon.colcon_core.shell:Creating package script '/home/osinachi/foxy_ws/install/wheelmasters/share/wheelmasters/package.zsh'
[14.571s] Level 1:colcon.colcon_core.environment:create_file_with_runtime_dependencies(/home/osinachi/foxy_ws/install/wheelmasters/share/colcon-core/packages/wheelmasters)
[14.572s] DEBUG:colcon.colcon_parallel_executor.executor.parallel:closing loop
[14.573s] DEBUG:colcon.colcon_parallel_executor.executor.parallel:loop closed
[14.575s] DEBUG:colcon.colcon_parallel_executor.executor.parallel:run_until_complete finished with '0'
[14.575s] DEBUG:colcon.colcon_core.event_reactor:joining thread
[14.724s] INFO:colcon.colcon_core.plugin_system:Skipping extension 'colcon_notification.desktop_notification.notify_send': Could not find 'notify-send'
[14.724s] INFO:colcon.colcon_core.plugin_system:Skipping extension 'colcon_notification.desktop_notification.terminal_notifier': Not used on non-Darwin systems
[14.725s] INFO:colcon.colcon_core.plugin_system:Skipping extension 'colcon_notification.desktop_notification.win32': Not used on non-Windows systems
[14.725s] INFO:colcon.colcon_notification.desktop_notification:Sending desktop notification using 'notify2'
[14.729s] DEBUG:colcon.colcon_notification.desktop_notification.notify2:Failed to initialize notify2: org.freedesktop.DBus.Error.ServiceUnknown: The name org.freedesktop.Notifications was not provided by any .service files
[14.729s] DEBUG:colcon.colcon_core.event_reactor:joined thread
[14.848s] INFO:colcon.colcon_core.shell:Creating prefix script '/home/osinachi/foxy_ws/install/local_setup.ps1'
[14.850s] INFO:colcon.colcon_core.shell:Creating prefix util module '/home/osinachi/foxy_ws/install/_local_setup_util_ps1.py'
[14.852s] INFO:colcon.colcon_core.shell:Creating prefix chain script '/home/osinachi/foxy_ws/install/setup.ps1'
[14.937s] INFO:colcon.colcon_core.shell:Creating prefix script '/home/osinachi/foxy_ws/install/local_setup.sh'
[14.938s] INFO:colcon.colcon_core.shell:Creating prefix util module '/home/osinachi/foxy_ws/install/_local_setup_util_sh.py'
[14.939s] INFO:colcon.colcon_core.shell:Creating prefix chain script '/home/osinachi/foxy_ws/install/setup.sh'
[15.015s] INFO:colcon.colcon_core.shell:Creating prefix script '/home/osinachi/foxy_ws/install/local_setup.bash'
[15.016s] INFO:colcon.colcon_core.shell:Creating prefix chain script '/home/osinachi/foxy_ws/install/setup.bash'
[15.087s] INFO:colcon.colcon_core.shell:Creating prefix script '/home/osinachi/foxy_ws/install/local_setup.zsh'
[15.088s] INFO:colcon.colcon_core.shell:Creating prefix chain script '/home/osinachi/foxy_ws/install/setup.zsh'
