[1.343s] Invoking command in '/home/osinachi/foxy_ws/build/motor': CMAKE_PREFIX_PATH=${CMAKE_PREFIX_PATH}:/home/osinachi/foxy_ws/install/wheelmasters:/home/osinachi/foxy_ws/install/my_package:/opt/ros/foxy CONDA_PROMPT_MODIFIER=(base) /usr/bin/cmake --build /home/osinachi/foxy_ws/build/motor -- -j4 -l4
[2.227s] Invoked command in '/home/osinachi/foxy_ws/build/motor' returned '0': CMAKE_PREFIX_PATH=${CMAKE_PREFIX_PATH}:/home/osinachi/foxy_ws/install/wheelmasters:/home/osinachi/foxy_ws/install/my_package:/opt/ros/foxy CONDA_PROMPT_MODIFIER=(base) /usr/bin/cmake --build /home/osinachi/foxy_ws/build/motor -- -j4 -l4
[2.372s] Invoking command in '/home/osinachi/foxy_ws/build/motor': CMAKE_PREFIX_PATH=${CMAKE_PREFIX_PATH}:/home/osinachi/foxy_ws/install/wheelmasters:/home/osinachi/foxy_ws/install/my_package:/opt/ros/foxy CONDA_PROMPT_MODIFIER=(base) /usr/bin/cmake --install /home/osinachi/foxy_ws/build/motor
[2.426s] -- Install configuration: ""
[2.427s] -- Execute custom install script
[2.431s] -- Up-to-date symlink: /home/osinachi/foxy_ws/install/motor/share/motor/description/gazebo_control.xacro
[2.432s] -- Up-to-date symlink: /home/osinachi/foxy_ws/install/motor/share/motor/description/motor.urdf.xacro
[2.432s] -- Up-to-date symlink: /home/osinachi/foxy_ws/install/motor/share/motor/description/motor_design.xacro
[2.432s] -- Up-to-date symlink: /home/osinachi/foxy_ws/install/motor/share/motor/description/motor_functions.xacro
[2.445s] -- Up-to-date symlink: /home/osinachi/foxy_ws/install/motor/share/motor/launch/__pycache__/motor.launch.cpython-38.pyc
[2.447s] -- Up-to-date symlink: /home/osinachi/foxy_ws/install/motor/share/motor/launch/motor.launch.py
[2.447s] -- Up-to-date symlink: /home/osinachi/foxy_ws/install/motor/share/motor/launch/motor_sim.launch.py
[2.448s] -- Up-to-date symlink: /home/osinachi/foxy_ws/install/motor/share/ament_index/resource_index/package_run_dependencies/motor
[2.448s] -- Up-to-date symlink: /home/osinachi/foxy_ws/install/motor/share/ament_index/resource_index/parent_prefix_path/motor
[2.454s] -- Up-to-date symlink: /home/osinachi/foxy_ws/install/motor/share/motor/environment/ament_prefix_path.sh
[2.468s] -- Up-to-date symlink: /home/osinachi/foxy_ws/install/motor/share/motor/environment/ament_prefix_path.dsv
[2.468s] -- Up-to-date symlink: /home/osinachi/foxy_ws/install/motor/share/motor/environment/path.sh
[2.469s] -- Up-to-date symlink: /home/osinachi/foxy_ws/install/motor/share/motor/environment/path.dsv
[2.469s] -- Up-to-date symlink: /home/osinachi/foxy_ws/install/motor/share/motor/local_setup.bash
[2.469s] -- Up-to-date symlink: /home/osinachi/foxy_ws/install/motor/share/motor/local_setup.sh
[2.470s] -- Up-to-date symlink: /home/osinachi/foxy_ws/install/motor/share/motor/local_setup.zsh
[2.470s] -- Up-to-date symlink: /home/osinachi/foxy_ws/install/motor/share/motor/local_setup.dsv
[2.470s] -- Symlinking: /home/osinachi/foxy_ws/install/motor/share/motor/package.dsv
[2.487s] -- Up-to-date symlink: /home/osinachi/foxy_ws/install/motor/share/ament_index/resource_index/packages/motor
[2.489s] -- Up-to-date symlink: /home/osinachi/foxy_ws/install/motor/share/motor/cmake/motorConfig.cmake
[2.493s] -- Up-to-date symlink: /home/osinachi/foxy_ws/install/motor/share/motor/cmake/motorConfig-version.cmake
[2.499s] -- Up-to-date symlink: /home/osinachi/foxy_ws/install/motor/share/motor/package.xml
[2.790s] Invoked command in '/home/osinachi/foxy_ws/build/motor' returned '0': CMAKE_PREFIX_PATH=${CMAKE_PREFIX_PATH}:/home/osinachi/foxy_ws/install/wheelmasters:/home/osinachi/foxy_ws/install/my_package:/opt/ros/foxy CONDA_PROMPT_MODIFIER=(base) /usr/bin/cmake --install /home/osinachi/foxy_ws/build/motor
