running develop
running egg_info
creating my_package.egg-info
writing my_package.egg-info/PKG-INFO
writing dependency_links to my_package.egg-info/dependency_links.txt
writing entry points to my_package.egg-info/entry_points.txt
writing requirements to my_package.egg-info/requires.txt
writing top-level names to my_package.egg-info/top_level.txt
writing manifest file 'my_package.egg-info/SOURCES.txt'
reading manifest file 'my_package.egg-info/SOURCES.txt'
writing manifest file 'my_package.egg-info/SOURCES.txt'
running build_ext
Creating /home/osinachi/foxy_ws/install/my_package/lib/python3.8/site-packages/site.py
Creating /home/osinachi/foxy_ws/install/my_package/lib/python3.8/site-packages/my-package.egg-link (link to .)
Installing my_node script to /home/osinachi/foxy_ws/install/my_package/lib/my_package

Installed /home/osinachi/foxy_ws/build/my_package
running install_data
creating /home/osinachi/foxy_ws/install/my_package/share/ament_index
creating /home/osinachi/foxy_ws/install/my_package/share/ament_index/resource_index
creating /home/osinachi/foxy_ws/install/my_package/share/ament_index/resource_index/packages
copying resource/my_package -> /home/osinachi/foxy_ws/install/my_package/share/ament_index/resource_index/packages
copying package.xml -> /home/osinachi/foxy_ws/install/my_package/share/my_package
