[4.792s] Invoking command in '/home/osinachi/foxy_ws/build/my_package': CONDA_PROMPT_MODIFIER=(base) PYTHONPATH=/home/osinachi/foxy_ws/build/my_package/prefix_override:/home/osinachi/foxy_ws/install/my_package/lib/python3.8/site-packages:${PYTHONPATH} /usr/bin/python3 setup.py develop --editable --build-directory /home/osinachi/foxy_ws/build/my_package/build --no-deps install_data
[5.388s] running develop
[5.720s] running egg_info
[5.721s] creating my_package.egg-info
[5.721s] writing my_package.egg-info/PKG-INFO
[5.723s] writing dependency_links to my_package.egg-info/dependency_links.txt
[5.724s] writing entry points to my_package.egg-info/entry_points.txt
[5.729s] writing requirements to my_package.egg-info/requires.txt
[5.729s] writing top-level names to my_package.egg-info/top_level.txt
[5.738s] writing manifest file 'my_package.egg-info/SOURCES.txt'
[5.815s] reading manifest file 'my_package.egg-info/SOURCES.txt'
[5.817s] writing manifest file 'my_package.egg-info/SOURCES.txt'
[5.916s] running build_ext
[5.919s] Creating /home/osinachi/foxy_ws/install/my_package/lib/python3.8/site-packages/site.py
[5.926s] Creating /home/osinachi/foxy_ws/install/my_package/lib/python3.8/site-packages/my-package.egg-link (link to .)
[5.927s] Installing my_node script to /home/osinachi/foxy_ws/install/my_package/lib/my_package
[5.929s] 
[5.930s] Installed /home/osinachi/foxy_ws/build/my_package
[5.931s] running install_data
[5.932s] creating /home/osinachi/foxy_ws/install/my_package/share/ament_index
[5.932s] creating /home/osinachi/foxy_ws/install/my_package/share/ament_index/resource_index
[5.932s] creating /home/osinachi/foxy_ws/install/my_package/share/ament_index/resource_index/packages
[5.933s] copying resource/my_package -> /home/osinachi/foxy_ws/install/my_package/share/ament_index/resource_index/packages
[5.933s] copying package.xml -> /home/osinachi/foxy_ws/install/my_package/share/my_package
[6.317s] Invoked command in '/home/osinachi/foxy_ws/build/my_package' returned '0': CONDA_PROMPT_MODIFIER=(base) PYTHONPATH=/home/osinachi/foxy_ws/build/my_package/prefix_override:/home/osinachi/foxy_ws/install/my_package/lib/python3.8/site-packages:${PYTHONPATH} /usr/bin/python3 setup.py develop --editable --build-directory /home/osinachi/foxy_ws/build/my_package/build --no-deps install_data
