[0.772s] Invoking command in '/home/osinachi/foxy_ws/build/motor': CMAKE_PREFIX_PATH=${CMAKE_PREFIX_PATH}:/opt/ros/foxy /usr/bin/cmake --build /home/osinachi/foxy_ws/build/motor -- -j4 -l4
[0.841s] -- Found ament_cmake: 0.9.12 (/opt/ros/foxy/share/ament_cmake/cmake)
[0.893s] -- Using PYTHON_EXECUTABLE: /usr/bin/python3
[1.434s] -- Override CMake install command with custom implementation using symlinks instead of copying resources
[1.449s] -- Found ament_lint_auto: 0.9.8 (/opt/ros/foxy/share/ament_lint_auto/cmake)
[1.626s] -- Added test 'copyright' to check source files copyright and LICENSE
[1.633s] -- Added test 'flake8' to check Python code syntax and style conventions
[1.636s] -- Added test 'lint_cmake' to check CMake code style
[1.638s] -- Added test 'pep257' to check Python code against some of the style conventions in PEP 257
[1.641s] -- Added test 'xmllint' to check XML markup files
[1.655s] -- Configuring done
[1.664s] -- Generating done
[1.667s] -- Build files have been written to: /home/osinachi/foxy_ws/build/motor
[1.751s] Invoked command in '/home/osinachi/foxy_ws/build/motor' returned '0': CMAKE_PREFIX_PATH=${CMAKE_PREFIX_PATH}:/opt/ros/foxy /usr/bin/cmake --build /home/osinachi/foxy_ws/build/motor -- -j4 -l4
[1.880s] Invoking command in '/home/osinachi/foxy_ws/build/motor': CMAKE_PREFIX_PATH=${CMAKE_PREFIX_PATH}:/opt/ros/foxy /usr/bin/cmake --install /home/osinachi/foxy_ws/build/motor
[1.901s] -- Install configuration: ""
[1.905s] -- Execute custom install script
[1.907s] -- Up-to-date symlink: /home/osinachi/foxy_ws/install/motor/share/motor/description/gazebo_control.xacro
[1.907s] -- Up-to-date symlink: /home/osinachi/foxy_ws/install/motor/share/motor/description/motor.urdf.xacro
[1.909s] -- Up-to-date symlink: /home/osinachi/foxy_ws/install/motor/share/motor/description/motor_design.xacro
[1.911s] -- Up-to-date symlink: /home/osinachi/foxy_ws/install/motor/share/motor/description/motor_functions.xacro
[1.913s] -- Up-to-date symlink: /home/osinachi/foxy_ws/install/motor/share/motor/launch/motor.launch.py
[1.923s] -- Up-to-date symlink: /home/osinachi/foxy_ws/install/motor/share/motor/launch/motor_sim.launch.py
[1.924s] -- Up-to-date symlink: /home/osinachi/foxy_ws/install/motor/share/ament_index/resource_index/package_run_dependencies/motor
[1.925s] -- Up-to-date symlink: /home/osinachi/foxy_ws/install/motor/share/ament_index/resource_index/parent_prefix_path/motor
[1.925s] -- Up-to-date symlink: /home/osinachi/foxy_ws/install/motor/share/motor/environment/ament_prefix_path.sh
[1.925s] -- Up-to-date symlink: /home/osinachi/foxy_ws/install/motor/share/motor/environment/ament_prefix_path.dsv
[1.926s] -- Up-to-date symlink: /home/osinachi/foxy_ws/install/motor/share/motor/environment/path.sh
[1.926s] -- Up-to-date symlink: /home/osinachi/foxy_ws/install/motor/share/motor/environment/path.dsv
[1.926s] -- Up-to-date symlink: /home/osinachi/foxy_ws/install/motor/share/motor/local_setup.bash
[1.926s] -- Up-to-date symlink: /home/osinachi/foxy_ws/install/motor/share/motor/local_setup.sh
[1.932s] -- Up-to-date symlink: /home/osinachi/foxy_ws/install/motor/share/motor/local_setup.zsh
[1.932s] -- Up-to-date symlink: /home/osinachi/foxy_ws/install/motor/share/motor/local_setup.dsv
[1.933s] -- Symlinking: /home/osinachi/foxy_ws/install/motor/share/motor/package.dsv
[1.959s] -- Up-to-date symlink: /home/osinachi/foxy_ws/install/motor/share/ament_index/resource_index/packages/motor
[1.960s] -- Up-to-date symlink: /home/osinachi/foxy_ws/install/motor/share/motor/cmake/motorConfig.cmake
[1.960s] -- Up-to-date symlink: /home/osinachi/foxy_ws/install/motor/share/motor/cmake/motorConfig-version.cmake
[1.961s] -- Up-to-date symlink: /home/osinachi/foxy_ws/install/motor/share/motor/package.xml
[1.964s] Invoked command in '/home/osinachi/foxy_ws/build/motor' returned '0': CMAKE_PREFIX_PATH=${CMAKE_PREFIX_PATH}:/opt/ros/foxy /usr/bin/cmake --install /home/osinachi/foxy_ws/build/motor
