[1.349s] Invoking command in '/home/osinachi/foxy_ws/build/motor': CMAKE_PREFIX_PATH=${CMAKE_PREFIX_PATH}:/home/osinachi/foxy_ws/install/wheelmasters:/home/osinachi/foxy_ws/install/my_package:/opt/ros/foxy CONDA_PROMPT_MODIFIER=(base) /usr/bin/cmake --build /home/osinachi/foxy_ws/build/motor -- -j4 -l4
[2.212s] Invoked command in '/home/osinachi/foxy_ws/build/motor' returned '0': CMAKE_PREFIX_PATH=${CMAKE_PREFIX_PATH}:/home/osinachi/foxy_ws/install/wheelmasters:/home/osinachi/foxy_ws/install/my_package:/opt/ros/foxy CONDA_PROMPT_MODIFIER=(base) /usr/bin/cmake --build /home/osinachi/foxy_ws/build/motor -- -j4 -l4
[2.325s] Invoking command in '/home/osinachi/foxy_ws/build/motor': CMAKE_PREFIX_PATH=${CMAKE_PREFIX_PATH}:/home/osinachi/foxy_ws/install/wheelmasters:/home/osinachi/foxy_ws/install/my_package:/opt/ros/foxy CONDA_PROMPT_MODIFIER=(base) /usr/bin/cmake --install /home/osinachi/foxy_ws/build/motor
[2.430s] -- Install configuration: ""
[2.431s] -- Execute custom install script
[2.434s] -- Up-to-date symlink: /home/osinachi/foxy_ws/install/motor/share/motor/description/gazebo_control.xacro
[2.434s] -- Up-to-date symlink: /home/osinachi/foxy_ws/install/motor/share/motor/description/motor.urdf.xacro
[2.435s] -- Up-to-date symlink: /home/osinachi/foxy_ws/install/motor/share/motor/description/motor_design.xacro
[2.435s] -- Up-to-date symlink: /home/osinachi/foxy_ws/install/motor/share/motor/description/motor_functions.xacro
[2.435s] -- Up-to-date symlink: /home/osinachi/foxy_ws/install/motor/share/motor/launch/__pycache__/motor.launch.cpython-38.pyc
[2.436s] -- Up-to-date symlink: /home/osinachi/foxy_ws/install/motor/share/motor/launch/motor.launch.py
[2.437s] -- Up-to-date symlink: /home/osinachi/foxy_ws/install/motor/share/motor/launch/motor_sim.launch.py
[2.438s] -- Up-to-date symlink: /home/osinachi/foxy_ws/install/motor/share/ament_index/resource_index/package_run_dependencies/motor
[2.440s] -- Up-to-date symlink: /home/osinachi/foxy_ws/install/motor/share/ament_index/resource_index/parent_prefix_path/motor
[2.445s] -- Up-to-date symlink: /home/osinachi/foxy_ws/install/motor/share/motor/environment/ament_prefix_path.sh
[2.453s] -- Up-to-date symlink: /home/osinachi/foxy_ws/install/motor/share/motor/environment/ament_prefix_path.dsv
[2.463s] -- Up-to-date symlink: /home/osinachi/foxy_ws/install/motor/share/motor/environment/path.sh
[2.464s] -- Up-to-date symlink: /home/osinachi/foxy_ws/install/motor/share/motor/environment/path.dsv
[2.465s] -- Up-to-date symlink: /home/osinachi/foxy_ws/install/motor/share/motor/local_setup.bash
[2.467s] -- Up-to-date symlink: /home/osinachi/foxy_ws/install/motor/share/motor/local_setup.sh
[2.468s] -- Up-to-date symlink: /home/osinachi/foxy_ws/install/motor/share/motor/local_setup.zsh
[2.469s] -- Up-to-date symlink: /home/osinachi/foxy_ws/install/motor/share/motor/local_setup.dsv
[2.469s] -- Symlinking: /home/osinachi/foxy_ws/install/motor/share/motor/package.dsv
[2.508s] -- Up-to-date symlink: /home/osinachi/foxy_ws/install/motor/share/ament_index/resource_index/packages/motor
[2.509s] -- Up-to-date symlink: /home/osinachi/foxy_ws/install/motor/share/motor/cmake/motorConfig.cmake
[2.509s] -- Up-to-date symlink: /home/osinachi/foxy_ws/install/motor/share/motor/cmake/motorConfig-version.cmake
[2.510s] -- Up-to-date symlink: /home/osinachi/foxy_ws/install/motor/share/motor/package.xml
[2.843s] Invoked command in '/home/osinachi/foxy_ws/build/motor' returned '0': CMAKE_PREFIX_PATH=${CMAKE_PREFIX_PATH}:/home/osinachi/foxy_ws/install/wheelmasters:/home/osinachi/foxy_ws/install/my_package:/opt/ros/foxy CONDA_PROMPT_MODIFIER=(base) /usr/bin/cmake --install /home/osinachi/foxy_ws/build/motor
