[3.961s] Invoking command in '/home/osinachi/foxy_ws/build/motor': PYTHONPATH=/home/osinachi/foxy_ws/build/motor/prefix_override:/home/osinachi/foxy_ws/install/motor/lib/python3.8/site-packages:${PYTHONPATH} /usr/bin/python3 setup.py develop --editable --build-directory /home/osinachi/foxy_ws/build/motor/build --no-deps install_data
[4.452s] running develop
[4.845s] running egg_info
[4.846s] creating motor.egg-info
[4.846s] writing motor.egg-info/PKG-INFO
[4.847s] writing dependency_links to motor.egg-info/dependency_links.txt
[4.847s] writing entry points to motor.egg-info/entry_points.txt
[4.847s] writing requirements to motor.egg-info/requires.txt
[4.848s] writing top-level names to motor.egg-info/top_level.txt
[4.878s] writing manifest file 'motor.egg-info/SOURCES.txt'
[5.079s] reading manifest file 'motor.egg-info/SOURCES.txt'
[5.080s] writing manifest file 'motor.egg-info/SOURCES.txt'
[5.083s] running build_ext
[5.108s] Creating /home/osinachi/foxy_ws/install/motor/lib/python3.8/site-packages/site.py
[5.118s] Creating /home/osinachi/foxy_ws/install/motor/lib/python3.8/site-packages/motor.egg-link (link to .)
[5.123s] 
[5.123s] Installed /home/osinachi/foxy_ws/build/motor
[5.123s] running install_data
[5.125s] creating /home/osinachi/foxy_ws/install/motor/share/ament_index
[5.126s] creating /home/osinachi/foxy_ws/install/motor/share/ament_index/resource_index
[5.128s] creating /home/osinachi/foxy_ws/install/motor/share/ament_index/resource_index/packages
[5.129s] copying resource/motor -> /home/osinachi/foxy_ws/install/motor/share/ament_index/resource_index/packages
[5.132s] copying package.xml -> /home/osinachi/foxy_ws/install/motor/share/motor
[5.227s] Invoked command in '/home/osinachi/foxy_ws/build/motor' returned '0': PYTHONPATH=/home/osinachi/foxy_ws/build/motor/prefix_override:/home/osinachi/foxy_ws/install/motor/lib/python3.8/site-packages:${PYTHONPATH} /usr/bin/python3 setup.py develop --editable --build-directory /home/osinachi/foxy_ws/build/motor/build --no-deps install_data
