[9.134s] DEBUG:colcon:Command line arguments: ['/usr/bin/colcon', 'build', '--symlink-install']
[9.134s] DEBUG:colcon:Parsed command line arguments: Namespace(allow_overriding=[], ament_cmake_args=None, base_paths=['.'], build_base='build', catkin_cmake_args=None, catkin_skip_building_tests=False, cmake_args=None, cmake_clean_cache=False, cmake_clean_first=False, cmake_force_configure=False, cmake_target=None, cmake_target_skip_unavailable=False, continue_on_error=False, event_handlers=None, executor='parallel', ignore_user_meta=False, install_base='install', log_base=None, log_level=None, main=<bound method BuildVerb.main of <colcon_core.verb.build.BuildVerb object at 0x7fae3fc40bb0>>, merge_install=False, metas=['./colcon.meta'], packages_above=None, packages_above_and_dependencies=None, packages_above_depth=None, packages_end=None, packages_ignore=None, packages_ignore_regex=None, packages_select=None, packages_select_build_failed=False, packages_select_by_dep=None, packages_select_regex=None, packages_select_test_failures=False, packages_skip=None, packages_skip_build_finished=False, packages_skip_by_dep=None, packages_skip_regex=None, packages_skip_test_passed=False, packages_skip_up_to=None, packages_start=None, packages_up_to=None, packages_up_to_regex=None, parallel_workers=4, paths=None, symlink_install=True, test_result_base=None, verb_extension=<colcon_core.verb.build.BuildVerb object at 0x7fae3fc40bb0>, verb_name='build', verb_parser=<colcon_defaults.argument_parser.defaults.DefaultArgumentsDecorator object at 0x7fae3fc48340>)
[9.418s] Level 1:colcon.colcon_core.package_discovery:discover_packages(colcon_meta) check parameters
[9.419s] Level 1:colcon.colcon_core.package_discovery:discover_packages(recursive) check parameters
[9.419s] Level 1:colcon.colcon_core.package_discovery:discover_packages(ignore) check parameters
[9.419s] Level 1:colcon.colcon_core.package_discovery:discover_packages(path) check parameters
[9.419s] Level 1:colcon.colcon_core.package_discovery:discover_packages(colcon_meta) discover
[9.420s] Level 1:colcon.colcon_core.package_discovery:discover_packages(recursive) discover
[9.420s] INFO:colcon.colcon_core.package_discovery:Crawling recursively for packages in '/home/osinachi/foxy_ws'
[9.420s] Level 1:colcon.colcon_core.package_identification:_identify(.) by extensions ['ignore', 'ignore_ament_install']
[9.421s] Level 1:colcon.colcon_core.package_identification:_identify(.) by extension 'ignore'
[9.421s] Level 1:colcon.colcon_core.package_identification:_identify(.) by extension 'ignore_ament_install'
[9.422s] Level 1:colcon.colcon_core.package_identification:_identify(.) by extensions ['colcon_pkg']
[9.422s] Level 1:colcon.colcon_core.package_identification:_identify(.) by extension 'colcon_pkg'
[9.422s] Level 1:colcon.colcon_core.package_identification:_identify(.) by extensions ['colcon_meta']
[9.422s] Level 1:colcon.colcon_core.package_identification:_identify(.) by extension 'colcon_meta'
[9.423s] Level 1:colcon.colcon_core.package_identification:_identify(.) by extensions ['ros']
[9.423s] Level 1:colcon.colcon_core.package_identification:_identify(.) by extension 'ros'
[9.460s] Level 1:colcon.colcon_core.package_identification:_identify(.) by extensions ['cmake', 'python']
[9.460s] Level 1:colcon.colcon_core.package_identification:_identify(.) by extension 'cmake'
[9.461s] Level 1:colcon.colcon_core.package_identification:_identify(.) by extension 'python'
[9.462s] Level 1:colcon.colcon_core.package_identification:_identify(.) by extensions ['python_setup_py']
[9.462s] Level 1:colcon.colcon_core.package_identification:_identify(.) by extension 'python_setup_py'
[9.463s] Level 1:colcon.colcon_core.package_identification:_identify(build) by extensions ['ignore', 'ignore_ament_install']
[9.463s] Level 1:colcon.colcon_core.package_identification:_identify(build) by extension 'ignore'
[9.464s] Level 1:colcon.colcon_core.package_identification:_identify(build) ignored
[9.464s] Level 1:colcon.colcon_core.package_identification:_identify(install) by extensions ['ignore', 'ignore_ament_install']
[9.465s] Level 1:colcon.colcon_core.package_identification:_identify(install) by extension 'ignore'
[9.465s] Level 1:colcon.colcon_core.package_identification:_identify(install) ignored
[9.466s] Level 1:colcon.colcon_core.package_identification:_identify(log) by extensions ['ignore', 'ignore_ament_install']
[9.466s] Level 1:colcon.colcon_core.package_identification:_identify(log) by extension 'ignore'
[9.467s] Level 1:colcon.colcon_core.package_identification:_identify(log) ignored
[9.467s] Level 1:colcon.colcon_core.package_identification:_identify(src) by extensions ['ignore', 'ignore_ament_install']
[9.467s] Level 1:colcon.colcon_core.package_identification:_identify(src) by extension 'ignore'
[9.468s] Level 1:colcon.colcon_core.package_identification:_identify(src) by extension 'ignore_ament_install'
[9.468s] Level 1:colcon.colcon_core.package_identification:_identify(src) by extensions ['colcon_pkg']
[9.468s] Level 1:colcon.colcon_core.package_identification:_identify(src) by extension 'colcon_pkg'
[9.468s] Level 1:colcon.colcon_core.package_identification:_identify(src) by extensions ['colcon_meta']
[9.468s] Level 1:colcon.colcon_core.package_identification:_identify(src) by extension 'colcon_meta'
[9.468s] Level 1:colcon.colcon_core.package_identification:_identify(src) by extensions ['ros']
[9.469s] Level 1:colcon.colcon_core.package_identification:_identify(src) by extension 'ros'
[9.469s] Level 1:colcon.colcon_core.package_identification:_identify(src) by extensions ['cmake', 'python']
[9.469s] Level 1:colcon.colcon_core.package_identification:_identify(src) by extension 'cmake'
[9.470s] Level 1:colcon.colcon_core.package_identification:_identify(src) by extension 'python'
[9.470s] Level 1:colcon.colcon_core.package_identification:_identify(src) by extensions ['python_setup_py']
[9.470s] Level 1:colcon.colcon_core.package_identification:_identify(src) by extension 'python_setup_py'
[9.470s] Level 1:colcon.colcon_core.package_identification:_identify(src/test_urdf) by extensions ['ignore', 'ignore_ament_install']
[9.471s] Level 1:colcon.colcon_core.package_identification:_identify(src/test_urdf) by extension 'ignore'
[9.471s] Level 1:colcon.colcon_core.package_identification:_identify(src/test_urdf) by extension 'ignore_ament_install'
[9.471s] Level 1:colcon.colcon_core.package_identification:_identify(src/test_urdf) by extensions ['colcon_pkg']
[9.471s] Level 1:colcon.colcon_core.package_identification:_identify(src/test_urdf) by extension 'colcon_pkg'
[9.472s] Level 1:colcon.colcon_core.package_identification:_identify(src/test_urdf) by extensions ['colcon_meta']
[9.472s] Level 1:colcon.colcon_core.package_identification:_identify(src/test_urdf) by extension 'colcon_meta'
[9.472s] Level 1:colcon.colcon_core.package_identification:_identify(src/test_urdf) by extensions ['ros']
[9.472s] Level 1:colcon.colcon_core.package_identification:_identify(src/test_urdf) by extension 'ros'
[9.484s] DEBUG:colcon.colcon_core.package_identification:Package 'src/test_urdf' with type 'ros.ament_cmake' and name 'test_urdf'
[9.484s] Level 1:colcon.colcon_core.package_discovery:discover_packages(recursive) using defaults
[9.484s] Level 1:colcon.colcon_core.package_discovery:discover_packages(ignore) discover
[9.485s] Level 1:colcon.colcon_core.package_discovery:discover_packages(ignore) using defaults
[9.485s] Level 1:colcon.colcon_core.package_discovery:discover_packages(path) discover
[9.485s] Level 1:colcon.colcon_core.package_discovery:discover_packages(path) using defaults
[10.089s] Level 1:colcon.colcon_core.package_discovery:discover_packages(prefix_path) check parameters
[10.090s] Level 1:colcon.colcon_core.package_discovery:discover_packages(prefix_path) discover
[10.289s] DEBUG:colcon.colcon_installed_package_information.package_discovery:Found 1 installed packages in /home/osinachi/foxy_ws/install
[10.393s] DEBUG:colcon.colcon_installed_package_information.package_discovery:Found 198 installed packages in /opt/ros/foxy
[10.397s] Level 1:colcon.colcon_core.package_discovery:discover_packages(prefix_path) using defaults
[10.775s] Level 5:colcon.colcon_core.verb:set package 'test_urdf' build argument 'cmake_args' from command line to 'None'
[10.776s] Level 5:colcon.colcon_core.verb:set package 'test_urdf' build argument 'cmake_target' from command line to 'None'
[10.776s] Level 5:colcon.colcon_core.verb:set package 'test_urdf' build argument 'cmake_target_skip_unavailable' from command line to 'False'
[10.776s] Level 5:colcon.colcon_core.verb:set package 'test_urdf' build argument 'cmake_clean_cache' from command line to 'False'
[10.776s] Level 5:colcon.colcon_core.verb:set package 'test_urdf' build argument 'cmake_clean_first' from command line to 'False'
[10.776s] Level 5:colcon.colcon_core.verb:set package 'test_urdf' build argument 'cmake_force_configure' from command line to 'False'
[10.776s] Level 5:colcon.colcon_core.verb:set package 'test_urdf' build argument 'ament_cmake_args' from command line to 'None'
[10.776s] Level 5:colcon.colcon_core.verb:set package 'test_urdf' build argument 'catkin_cmake_args' from command line to 'None'
[10.776s] Level 5:colcon.colcon_core.verb:set package 'test_urdf' build argument 'catkin_skip_building_tests' from command line to 'False'
[10.777s] DEBUG:colcon.colcon_core.verb:Building package 'test_urdf' with the following arguments: {'ament_cmake_args': None, 'build_base': '/home/osinachi/foxy_ws/build/test_urdf', 'catkin_cmake_args': None, 'catkin_skip_building_tests': False, 'cmake_args': None, 'cmake_clean_cache': False, 'cmake_clean_first': False, 'cmake_force_configure': False, 'cmake_target': None, 'cmake_target_skip_unavailable': False, 'install_base': '/home/osinachi/foxy_ws/install/test_urdf', 'merge_install': False, 'path': '/home/osinachi/foxy_ws/src/test_urdf', 'symlink_install': True, 'test_result_base': None}
[10.915s] INFO:colcon.colcon_core.executor:Executing jobs using 'parallel' executor
[11.034s] DEBUG:colcon.colcon_parallel_executor.executor.parallel:run_until_complete
[11.035s] INFO:colcon.colcon_ros.task.ament_cmake.build:Building ROS package in '/home/osinachi/foxy_ws/src/test_urdf' with build type 'ament_cmake'
[11.036s] INFO:colcon.colcon_cmake.task.cmake.build:Building CMake package in '/home/osinachi/foxy_ws/src/test_urdf'
[11.148s] INFO:colcon.colcon_core.plugin_system:Skipping extension 'colcon_core.shell.bat': Not used on non-Windows systems
[11.149s] INFO:colcon.colcon_core.shell:Skip shell extension 'powershell' for command environment: Not usable outside of PowerShell
[11.151s] DEBUG:colcon.colcon_core.shell:Skip shell extension 'dsv' for command environment
[11.612s] DEBUG:colcon.colcon_core.event_handler.log_command:Invoking command in '/home/osinachi/foxy_ws/build/test_urdf': CMAKE_PREFIX_PATH=${CMAKE_PREFIX_PATH}:/opt/ros/foxy /usr/bin/cmake --build /home/osinachi/foxy_ws/build/test_urdf -- -j4 -l4
[11.681s] DEBUG:colcon.colcon_core.event_handler.log_command:Invoked command in '/home/osinachi/foxy_ws/build/test_urdf' returned '0': CMAKE_PREFIX_PATH=${CMAKE_PREFIX_PATH}:/opt/ros/foxy /usr/bin/cmake --build /home/osinachi/foxy_ws/build/test_urdf -- -j4 -l4
[11.793s] DEBUG:colcon.colcon_core.event_handler.log_command:Invoking command in '/home/osinachi/foxy_ws/build/test_urdf': CMAKE_PREFIX_PATH=${CMAKE_PREFIX_PATH}:/opt/ros/foxy /usr/bin/cmake --install /home/osinachi/foxy_ws/build/test_urdf
[11.892s] Level 1:colcon.colcon_core.environment:create_environment_scripts_only(test_urdf)
[11.894s] DEBUG:colcon.colcon_core.event_handler.log_command:Invoked command in '/home/osinachi/foxy_ws/build/test_urdf' returned '0': CMAKE_PREFIX_PATH=${CMAKE_PREFIX_PATH}:/opt/ros/foxy /usr/bin/cmake --install /home/osinachi/foxy_ws/build/test_urdf
[12.020s] Level 1:colcon.colcon_core.environment:checking '/home/osinachi/foxy_ws/install/test_urdf' for CMake module files
[12.022s] Level 1:colcon.colcon_core.environment:checking '/home/osinachi/foxy_ws/install/test_urdf' for CMake config files
[12.024s] Level 1:colcon.colcon_core.shell:create_environment_hook('test_urdf', 'cmake_prefix_path')
[12.133s] INFO:colcon.colcon_core.shell:Creating environment hook '/home/osinachi/foxy_ws/install/test_urdf/share/test_urdf/hook/cmake_prefix_path.ps1'
[12.135s] INFO:colcon.colcon_core.shell:Creating environment descriptor '/home/osinachi/foxy_ws/install/test_urdf/share/test_urdf/hook/cmake_prefix_path.dsv'
[12.138s] INFO:colcon.colcon_core.shell:Creating environment hook '/home/osinachi/foxy_ws/install/test_urdf/share/test_urdf/hook/cmake_prefix_path.sh'
[12.143s] Level 1:colcon.colcon_core.environment:checking '/home/osinachi/foxy_ws/install/test_urdf/bin'
[12.143s] Level 1:colcon.colcon_core.environment:checking '/home/osinachi/foxy_ws/install/test_urdf/lib/pkgconfig/test_urdf.pc'
[12.145s] Level 1:colcon.colcon_core.environment:checking '/home/osinachi/foxy_ws/install/test_urdf/lib/python3.8/site-packages'
[12.146s] Level 1:colcon.colcon_core.environment:checking '/home/osinachi/foxy_ws/install/test_urdf/bin'
[12.260s] INFO:colcon.colcon_core.shell:Creating package script '/home/osinachi/foxy_ws/install/test_urdf/share/test_urdf/package.ps1'
[12.262s] INFO:colcon.colcon_core.shell:Creating package descriptor '/home/osinachi/foxy_ws/install/test_urdf/share/test_urdf/package.dsv'
[12.266s] INFO:colcon.colcon_core.shell:Creating package script '/home/osinachi/foxy_ws/install/test_urdf/share/test_urdf/package.sh'
[12.269s] INFO:colcon.colcon_core.shell:Creating package script '/home/osinachi/foxy_ws/install/test_urdf/share/test_urdf/package.bash'
[12.271s] INFO:colcon.colcon_core.shell:Creating package script '/home/osinachi/foxy_ws/install/test_urdf/share/test_urdf/package.zsh'
[12.274s] Level 1:colcon.colcon_core.environment:create_file_with_runtime_dependencies(/home/osinachi/foxy_ws/install/test_urdf/share/colcon-core/packages/test_urdf)
[12.459s] Level 1:colcon.colcon_core.environment:create_environment_scripts_only(test_urdf)
[12.561s] Level 1:colcon.colcon_core.environment:checking '/home/osinachi/foxy_ws/install/test_urdf' for CMake module files
[12.563s] Level 1:colcon.colcon_core.environment:checking '/home/osinachi/foxy_ws/install/test_urdf' for CMake config files
[12.564s] Level 1:colcon.colcon_core.shell:create_environment_hook('test_urdf', 'cmake_prefix_path')
[12.672s] INFO:colcon.colcon_core.shell:Creating environment hook '/home/osinachi/foxy_ws/install/test_urdf/share/test_urdf/hook/cmake_prefix_path.ps1'
[12.674s] INFO:colcon.colcon_core.shell:Creating environment descriptor '/home/osinachi/foxy_ws/install/test_urdf/share/test_urdf/hook/cmake_prefix_path.dsv'
[12.676s] INFO:colcon.colcon_core.shell:Creating environment hook '/home/osinachi/foxy_ws/install/test_urdf/share/test_urdf/hook/cmake_prefix_path.sh'
[12.677s] Level 1:colcon.colcon_core.environment:checking '/home/osinachi/foxy_ws/install/test_urdf/bin'
[12.678s] Level 1:colcon.colcon_core.environment:checking '/home/osinachi/foxy_ws/install/test_urdf/lib/pkgconfig/test_urdf.pc'
[12.679s] Level 1:colcon.colcon_core.environment:checking '/home/osinachi/foxy_ws/install/test_urdf/lib/python3.8/site-packages'
[12.679s] Level 1:colcon.colcon_core.environment:checking '/home/osinachi/foxy_ws/install/test_urdf/bin'
[12.815s] INFO:colcon.colcon_core.shell:Creating package script '/home/osinachi/foxy_ws/install/test_urdf/share/test_urdf/package.ps1'
[12.817s] INFO:colcon.colcon_core.shell:Creating package descriptor '/home/osinachi/foxy_ws/install/test_urdf/share/test_urdf/package.dsv'
[12.821s] INFO:colcon.colcon_core.shell:Creating package script '/home/osinachi/foxy_ws/install/test_urdf/share/test_urdf/package.sh'
[12.823s] INFO:colcon.colcon_core.shell:Creating package script '/home/osinachi/foxy_ws/install/test_urdf/share/test_urdf/package.bash'
[12.824s] INFO:colcon.colcon_core.shell:Creating package script '/home/osinachi/foxy_ws/install/test_urdf/share/test_urdf/package.zsh'
[12.826s] Level 1:colcon.colcon_core.environment:create_file_with_runtime_dependencies(/home/osinachi/foxy_ws/install/test_urdf/share/colcon-core/packages/test_urdf)
[12.828s] DEBUG:colcon.colcon_parallel_executor.executor.parallel:closing loop
[12.830s] DEBUG:colcon.colcon_parallel_executor.executor.parallel:loop closed
[12.831s] DEBUG:colcon.colcon_parallel_executor.executor.parallel:run_until_complete finished with '0'
[12.831s] DEBUG:colcon.colcon_core.event_reactor:joining thread
[13.226s] INFO:colcon.colcon_core.plugin_system:Skipping extension 'colcon_notification.desktop_notification.notify_send': Could not find 'notify-send'
[13.226s] INFO:colcon.colcon_core.plugin_system:Skipping extension 'colcon_notification.desktop_notification.terminal_notifier': Not used on non-Darwin systems
[13.227s] INFO:colcon.colcon_core.plugin_system:Skipping extension 'colcon_notification.desktop_notification.win32': Not used on non-Windows systems
[13.227s] INFO:colcon.colcon_notification.desktop_notification:Sending desktop notification using 'notify2'
[13.250s] DEBUG:colcon.colcon_notification.desktop_notification.notify2:Failed to initialize notify2: org.freedesktop.DBus.Error.ServiceUnknown: The name org.freedesktop.Notifications was not provided by any .service files
[13.251s] DEBUG:colcon.colcon_core.event_reactor:joined thread
[13.381s] INFO:colcon.colcon_core.shell:Creating prefix script '/home/osinachi/foxy_ws/install/local_setup.ps1'
[13.386s] INFO:colcon.colcon_core.shell:Creating prefix util module '/home/osinachi/foxy_ws/install/_local_setup_util_ps1.py'
[13.392s] INFO:colcon.colcon_core.shell:Creating prefix chain script '/home/osinachi/foxy_ws/install/setup.ps1'
[13.493s] INFO:colcon.colcon_core.shell:Creating prefix script '/home/osinachi/foxy_ws/install/local_setup.sh'
[13.495s] INFO:colcon.colcon_core.shell:Creating prefix util module '/home/osinachi/foxy_ws/install/_local_setup_util_sh.py'
[13.497s] INFO:colcon.colcon_core.shell:Creating prefix chain script '/home/osinachi/foxy_ws/install/setup.sh'
[13.613s] INFO:colcon.colcon_core.shell:Creating prefix script '/home/osinachi/foxy_ws/install/local_setup.bash'
[13.615s] INFO:colcon.colcon_core.shell:Creating prefix chain script '/home/osinachi/foxy_ws/install/setup.bash'
[13.761s] INFO:colcon.colcon_core.shell:Creating prefix script '/home/osinachi/foxy_ws/install/local_setup.zsh'
[13.762s] INFO:colcon.colcon_core.shell:Creating prefix chain script '/home/osinachi/foxy_ws/install/setup.zsh'
