-- Found ament_cmake: 0.9.12 (/opt/ros/foxy/share/ament_cmake/cmake)
-- Using PYTHON_EXECUTABLE: /home/osinachi/miniforgeexport/bin/python3
-- Override CMake install command with custom implementation using symlinks instead of copying resources
-- Found ament_lint_auto: 0.9.8 (/opt/ros/foxy/share/ament_lint_auto/cmake)
-- Added test 'copyright' to check source files copyright and LICENSE
-- Added test 'cppcheck' to perform static code analysis on C / C++ code
-- Configured cppcheck include dirs: $<BUILD_INTERFACE:/home/osinachi/foxy_ws/src/my_cpackage/include>
-- Configured cppcheck exclude dirs and/or files: 
-- Added test 'cpplint' to check C / C++ code against the Google style
-- Configured cpplint exclude dirs and/or files: 
-- Added test 'lint_cmake' to check CMake code style
-- Added test 'uncrustify' to check C / C++ code style
-- Configured uncrustify additional arguments: 
-- Added test 'xmllint' to check XML markup files
-- Configuring done
-- Generating done
-- Build files have been written to: /home/osinachi/foxy_ws/build/my_cpackage
[35m[1mScanning dependencies of target my_node[0m
[ 50%] [32mBuilding CXX object CMakeFiles/my_node.dir/src/my_node.cpp.o[0m
[100%] [32m[1mLinking CXX executable my_node[0m
[100%] Built target my_node
-- Install configuration: ""
-- Execute custom install script
-- Symlinking: /home/osinachi/foxy_ws/install/my_cpackage/lib/my_cpackage/my_node
-- Symlinking: /home/osinachi/foxy_ws/install/my_cpackage/share/ament_index/resource_index/package_run_dependencies/my_cpackage
-- Symlinking: /home/osinachi/foxy_ws/install/my_cpackage/share/ament_index/resource_index/parent_prefix_path/my_cpackage
-- Symlinking: /home/osinachi/foxy_ws/install/my_cpackage/share/my_cpackage/environment/ament_prefix_path.sh
-- Symlinking: /home/osinachi/foxy_ws/install/my_cpackage/share/my_cpackage/environment/ament_prefix_path.dsv
-- Symlinking: /home/osinachi/foxy_ws/install/my_cpackage/share/my_cpackage/environment/path.sh
-- Symlinking: /home/osinachi/foxy_ws/install/my_cpackage/share/my_cpackage/environment/path.dsv
-- Symlinking: /home/osinachi/foxy_ws/install/my_cpackage/share/my_cpackage/local_setup.bash
-- Symlinking: /home/osinachi/foxy_ws/install/my_cpackage/share/my_cpackage/local_setup.sh
-- Symlinking: /home/osinachi/foxy_ws/install/my_cpackage/share/my_cpackage/local_setup.zsh
-- Symlinking: /home/osinachi/foxy_ws/install/my_cpackage/share/my_cpackage/local_setup.dsv
-- Symlinking: /home/osinachi/foxy_ws/install/my_cpackage/share/my_cpackage/package.dsv
-- Symlinking: /home/osinachi/foxy_ws/install/my_cpackage/share/ament_index/resource_index/packages/my_cpackage
-- Symlinking: /home/osinachi/foxy_ws/install/my_cpackage/share/my_cpackage/cmake/my_cpackageConfig.cmake
-- Symlinking: /home/osinachi/foxy_ws/install/my_cpackage/share/my_cpackage/cmake/my_cpackageConfig-version.cmake
-- Symlinking: /home/osinachi/foxy_ws/install/my_cpackage/share/my_cpackage/package.xml
